============================================================================================== 
Warning! Mixing Conda and module environments may lead to corruption of the
user environment. 
We do not recommend users mixing those two environments unless absolutely
necessary. Note that 
SURF does not provide any support for Conda environment.
For more information, please refer to our software policy page:
https://servicedesk.surf.nl/wiki/display/WIKI/Software+policy+Snellius#SoftwarepolicySnellius-UseofAnacondaandMinicondaenvironmentsonSnellius 

Remember that many packages have already been installed on the system and can
be loaded using 
the 'module load <package__name>' command. If you are uncertain if a package is
already available 
on the system, please use 'module avail' or 'module spider' to search for it.
============================================================================================== 
Checking whether the GPU is available
GPU available? True
Starting main.py...
/home/mvanderbrugge/.conda/envs/photoacoustic-env/lib/python3.9/site-packages/skimage/metrics/simple_metrics.py:163: RuntimeWarning: divide by zero encountered in scalar divide
  return 10 * np.log10((data_range ** 2) / err)
/home/mvanderbrugge/.conda/envs/photoacoustic-env/lib/python3.9/site-packages/numpy/core/_methods.py:236: RuntimeWarning: invalid value encountered in subtract
  x = asanyarray(arr - arrmean)
/home/mvanderbrugge/.conda/envs/photoacoustic-env/lib/python3.9/site-packages/numpy/core/fromnumeric.py:3464: RuntimeWarning: Mean of empty slice.
  return _methods._mean(a, axis=axis, dtype=dtype,
/home/mvanderbrugge/.conda/envs/photoacoustic-env/lib/python3.9/site-packages/numpy/core/_methods.py:192: RuntimeWarning: invalid value encountered in scalar divide
  ret = ret.dtype.type(ret / rcount)
/home/mvanderbrugge/.conda/envs/photoacoustic-env/lib/python3.9/site-packages/numpy/core/_methods.py:269: RuntimeWarning: Degrees of freedom <= 0 for slice
  ret = _var(a, axis=axis, dtype=dtype, out=out, ddof=ddof,
/home/mvanderbrugge/.conda/envs/photoacoustic-env/lib/python3.9/site-packages/numpy/core/_methods.py:226: RuntimeWarning: invalid value encountered in divide
  arrmean = um.true_divide(arrmean, div, out=arrmean,
/home/mvanderbrugge/.conda/envs/photoacoustic-env/lib/python3.9/site-packages/numpy/core/_methods.py:261: RuntimeWarning: invalid value encountered in scalar divide
  ret = ret.dtype.type(ret / rcount)
/home/mvanderbrugge/.conda/envs/photoacoustic-env/lib/python3.9/site-packages/skimage/metrics/simple_metrics.py:163: RuntimeWarning: divide by zero encountered in scalar divide
  return 10 * np.log10((data_range ** 2) / err)
/home/mvanderbrugge/.conda/envs/photoacoustic-env/lib/python3.9/site-packages/numpy/core/_methods.py:236: RuntimeWarning: invalid value encountered in subtract
  x = asanyarray(arr - arrmean)
/home/mvanderbrugge/.conda/envs/photoacoustic-env/lib/python3.9/site-packages/numpy/core/fromnumeric.py:3464: RuntimeWarning: Mean of empty slice.
  return _methods._mean(a, axis=axis, dtype=dtype,
/home/mvanderbrugge/.conda/envs/photoacoustic-env/lib/python3.9/site-packages/numpy/core/_methods.py:192: RuntimeWarning: invalid value encountered in scalar divide
  ret = ret.dtype.type(ret / rcount)
/home/mvanderbrugge/.conda/envs/photoacoustic-env/lib/python3.9/site-packages/numpy/core/_methods.py:269: RuntimeWarning: Degrees of freedom <= 0 for slice
  ret = _var(a, axis=axis, dtype=dtype, out=out, ddof=ddof,
/home/mvanderbrugge/.conda/envs/photoacoustic-env/lib/python3.9/site-packages/numpy/core/_methods.py:226: RuntimeWarning: invalid value encountered in divide
  arrmean = um.true_divide(arrmean, div, out=arrmean,
/home/mvanderbrugge/.conda/envs/photoacoustic-env/lib/python3.9/site-packages/numpy/core/_methods.py:261: RuntimeWarning: invalid value encountered in scalar divide
  ret = ret.dtype.type(ret / rcount)
/home/mvanderbrugge/.conda/envs/photoacoustic-env/lib/python3.9/site-packages/skimage/metrics/simple_metrics.py:163: RuntimeWarning: divide by zero encountered in scalar divide
  return 10 * np.log10((data_range ** 2) / err)
/home/mvanderbrugge/.conda/envs/photoacoustic-env/lib/python3.9/site-packages/numpy/core/_methods.py:236: RuntimeWarning: invalid value encountered in subtract
  x = asanyarray(arr - arrmean)
/home/mvanderbrugge/.conda/envs/photoacoustic-env/lib/python3.9/site-packages/numpy/core/fromnumeric.py:3464: RuntimeWarning: Mean of empty slice.
  return _methods._mean(a, axis=axis, dtype=dtype,
/home/mvanderbrugge/.conda/envs/photoacoustic-env/lib/python3.9/site-packages/numpy/core/_methods.py:192: RuntimeWarning: invalid value encountered in scalar divide
  ret = ret.dtype.type(ret / rcount)
/home/mvanderbrugge/.conda/envs/photoacoustic-env/lib/python3.9/site-packages/numpy/core/_methods.py:269: RuntimeWarning: Degrees of freedom <= 0 for slice
  ret = _var(a, axis=axis, dtype=dtype, out=out, ddof=ddof,
/home/mvanderbrugge/.conda/envs/photoacoustic-env/lib/python3.9/site-packages/numpy/core/_methods.py:226: RuntimeWarning: invalid value encountered in divide
  arrmean = um.true_divide(arrmean, div, out=arrmean,
/home/mvanderbrugge/.conda/envs/photoacoustic-env/lib/python3.9/site-packages/numpy/core/_methods.py:261: RuntimeWarning: invalid value encountered in scalar divide
  ret = ret.dtype.type(ret / rcount)
/home/mvanderbrugge/.conda/envs/photoacoustic-env/lib/python3.9/site-packages/skimage/metrics/simple_metrics.py:163: RuntimeWarning: divide by zero encountered in scalar divide
  return 10 * np.log10((data_range ** 2) / err)
/home/mvanderbrugge/.conda/envs/photoacoustic-env/lib/python3.9/site-packages/numpy/core/_methods.py:236: RuntimeWarning: invalid value encountered in subtract
  x = asanyarray(arr - arrmean)
/home/mvanderbrugge/.conda/envs/photoacoustic-env/lib/python3.9/site-packages/numpy/core/fromnumeric.py:3464: RuntimeWarning: Mean of empty slice.
  return _methods._mean(a, axis=axis, dtype=dtype,
/home/mvanderbrugge/.conda/envs/photoacoustic-env/lib/python3.9/site-packages/numpy/core/_methods.py:192: RuntimeWarning: invalid value encountered in scalar divide
  ret = ret.dtype.type(ret / rcount)
/home/mvanderbrugge/.conda/envs/photoacoustic-env/lib/python3.9/site-packages/numpy/core/_methods.py:269: RuntimeWarning: Degrees of freedom <= 0 for slice
  ret = _var(a, axis=axis, dtype=dtype, out=out, ddof=ddof,
/home/mvanderbrugge/.conda/envs/photoacoustic-env/lib/python3.9/site-packages/numpy/core/_methods.py:226: RuntimeWarning: invalid value encountered in divide
  arrmean = um.true_divide(arrmean, div, out=arrmean,
/home/mvanderbrugge/.conda/envs/photoacoustic-env/lib/python3.9/site-packages/numpy/core/_methods.py:261: RuntimeWarning: invalid value encountered in scalar divide
  ret = ret.dtype.type(ret / rcount)
Processing dataset=pa_experiment_data, category=KneeSlice1, config=PA2, ground truth=PA1.png
Cropped the images
Cropped the images
Cropped the images
Cropped the images
Cropped the images
Cropped the images
Cropped the images
Cropped the images
Cropped the images
Cropped the images
Cropped the images
Cropped the images
Cropped the images
Cropped the images
Cropped the images
Cropped the images
Cropped the images
Cropped the images
Cropped the images
Cropped the images
Stacked the images
Going to calculate metrics
Number of images: 20
Calculating FR metrics for image 0
Calculating FR metrics for image 1
Calculating FR metrics for image 2
Calculating FR metrics for image 3
Calculating FR metrics for image 4
Calculating FR metrics for image 5
Calculating FR metrics for image 6
Calculating FR metrics for image 7
Calculating FR metrics for image 8
Calculating FR metrics for image 9
Calculating FR metrics for image 10
Calculating FR metrics for image 11
Calculating FR metrics for image 12
Calculating FR metrics for image 13
Calculating FR metrics for image 14
Calculating FR metrics for image 15
Calculating FR metrics for image 16
Calculating FR metrics for image 17
Calculating FR metrics for image 18
Calculating FR metrics for image 19
Calculating NR metrics for image 0
Calculating NR metrics for image 1
Calculating NR metrics for image 2
Calculating NR metrics for image 3
Calculating NR metrics for image 4
Calculating NR metrics for image 5
Calculating NR metrics for image 6
Calculating NR metrics for image 7
Calculating NR metrics for image 8
Calculating NR metrics for image 9
Calculating NR metrics for image 10
Calculating NR metrics for image 11
Calculating NR metrics for image 12
Calculating NR metrics for image 13
Calculating NR metrics for image 14
Calculating NR metrics for image 15
Calculating NR metrics for image 16
Calculating NR metrics for image 17
Calculating NR metrics for image 18
Calculating NR metrics for image 19
Processing dataset=pa_experiment_data, category=KneeSlice1, config=PA3, ground truth=PA1.png
Cropped the images
Cropped the images
Cropped the images
Cropped the images
Cropped the images
Cropped the images
Cropped the images
Cropped the images
Cropped the images
Cropped the images
Cropped the images
Cropped the images
Cropped the images
Cropped the images
Cropped the images
Cropped the images
Cropped the images
Cropped the images
Cropped the images
Cropped the images
Stacked the images
Going to calculate metrics
Number of images: 20
Calculating FR metrics for image 0
Calculating FR metrics for image 1
Calculating FR metrics for image 2
Calculating FR metrics for image 3
Calculating FR metrics for image 4
Calculating FR metrics for image 5
Calculating FR metrics for image 6
Calculating FR metrics for image 7
Calculating FR metrics for image 8
Calculating FR metrics for image 9
Calculating FR metrics for image 10
Calculating FR metrics for image 11
Calculating FR metrics for image 12
Calculating FR metrics for image 13
Calculating FR metrics for image 14
Calculating FR metrics for image 15
Calculating FR metrics for image 16
Calculating FR metrics for image 17
Calculating FR metrics for image 18
Calculating FR metrics for image 19
Calculating NR metrics for image 0
Calculating NR metrics for image 1
Calculating NR metrics for image 2
Calculating NR metrics for image 3
Calculating NR metrics for image 4
Calculating NR metrics for image 5
Calculating NR metrics for image 6
Calculating NR metrics for image 7
Calculating NR metrics for image 8
Calculating NR metrics for image 9
Calculating NR metrics for image 10
Calculating NR metrics for image 11
Calculating NR metrics for image 12
Calculating NR metrics for image 13
Calculating NR metrics for image 14
Calculating NR metrics for image 15
Calculating NR metrics for image 16
Calculating NR metrics for image 17
Calculating NR metrics for image 18
Calculating NR metrics for image 19
Processing dataset=pa_experiment_data, category=KneeSlice1, config=PA4, ground truth=PA1.png
Cropped the images
Cropped the images
Cropped the images
Cropped the images
Cropped the images
Cropped the images
Cropped the images
Cropped the images
Cropped the images
Cropped the images
Cropped the images
Cropped the images
Cropped the images
Cropped the images
Cropped the images
Cropped the images
Cropped the images
Cropped the images
Cropped the images
Cropped the images
Stacked the images
Going to calculate metrics
Number of images: 20
Calculating FR metrics for image 0
Calculating FR metrics for image 1
Calculating FR metrics for image 2
Calculating FR metrics for image 3
Calculating FR metrics for image 4
Calculating FR metrics for image 5
Calculating FR metrics for image 6
Calculating FR metrics for image 7
Calculating FR metrics for image 8
Calculating FR metrics for image 9
Calculating FR metrics for image 10
Calculating FR metrics for image 11
Calculating FR metrics for image 12
Calculating FR metrics for image 13
Calculating FR metrics for image 14
Calculating FR metrics for image 15
Calculating FR metrics for image 16
Calculating FR metrics for image 17
Calculating FR metrics for image 18
Calculating FR metrics for image 19
Calculating NR metrics for image 0
Calculating NR metrics for image 1
Calculating NR metrics for image 2
Calculating NR metrics for image 3
Calculating NR metrics for image 4
Calculating NR metrics for image 5
Calculating NR metrics for image 6
Calculating NR metrics for image 7
Calculating NR metrics for image 8
Calculating NR metrics for image 9
Calculating NR metrics for image 10
Calculating NR metrics for image 11
Calculating NR metrics for image 12
Calculating NR metrics for image 13
Calculating NR metrics for image 14
Calculating NR metrics for image 15
Calculating NR metrics for image 16
Calculating NR metrics for image 17
Calculating NR metrics for image 18
Calculating NR metrics for image 19
Processing dataset=pa_experiment_data, category=KneeSlice1, config=PA5, ground truth=PA1.png
Cropped the images
Cropped the images
Cropped the images
Cropped the images
Cropped the images
Cropped the images
Cropped the images
Cropped the images
Cropped the images
Cropped the images
Cropped the images
Cropped the images
Cropped the images
Cropped the images
Cropped the images
Cropped the images
Cropped the images
Cropped the images
Cropped the images
Cropped the images
Stacked the images
Going to calculate metrics
Number of images: 20
Calculating FR metrics for image 0
Calculating FR metrics for image 1
Calculating FR metrics for image 2
Calculating FR metrics for image 3
Calculating FR metrics for image 4
Calculating FR metrics for image 5
Calculating FR metrics for image 6
Calculating FR metrics for image 7
Calculating FR metrics for image 8
Calculating FR metrics for image 9
Calculating FR metrics for image 10
Calculating FR metrics for image 11
Calculating FR metrics for image 12
Calculating FR metrics for image 13
Calculating FR metrics for image 14
Calculating FR metrics for image 15
Calculating FR metrics for image 16
Calculating FR metrics for image 17
Calculating FR metrics for image 18
Calculating FR metrics for image 19
Calculating NR metrics for image 0
Calculating NR metrics for image 1
Calculating NR metrics for image 2
Calculating NR metrics for image 3
Calculating NR metrics for image 4
Calculating NR metrics for image 5
Calculating NR metrics for image 6
Calculating NR metrics for image 7
Calculating NR metrics for image 8
Calculating NR metrics for image 9
Calculating NR metrics for image 10
Calculating NR metrics for image 11
Calculating NR metrics for image 12
Calculating NR metrics for image 13
Calculating NR metrics for image 14
Calculating NR metrics for image 15
Calculating NR metrics for image 16
Calculating NR metrics for image 17
Calculating NR metrics for image 18
Calculating NR metrics for image 19
Processing dataset=pa_experiment_data, category=KneeSlice1, config=PA6, ground truth=PA1.png
Cropped the images
Cropped the images
Cropped the images
Cropped the images
Cropped the images
Cropped the images
Cropped the images
Cropped the images
Cropped the images
Cropped the images
Cropped the images
Cropped the images
Cropped the images
/home/mvanderbrugge/.conda/envs/photoacoustic-env/lib/python3.9/site-packages/skimage/metrics/simple_metrics.py:163: RuntimeWarning: divide by zero encountered in scalar divide
  return 10 * np.log10((data_range ** 2) / err)
/home/mvanderbrugge/.conda/envs/photoacoustic-env/lib/python3.9/site-packages/numpy/core/_methods.py:236: RuntimeWarning: invalid value encountered in subtract
  x = asanyarray(arr - arrmean)
/home/mvanderbrugge/.conda/envs/photoacoustic-env/lib/python3.9/site-packages/numpy/core/fromnumeric.py:3464: RuntimeWarning: Mean of empty slice.
  return _methods._mean(a, axis=axis, dtype=dtype,
/home/mvanderbrugge/.conda/envs/photoacoustic-env/lib/python3.9/site-packages/numpy/core/_methods.py:192: RuntimeWarning: invalid value encountered in scalar divide
  ret = ret.dtype.type(ret / rcount)
/home/mvanderbrugge/.conda/envs/photoacoustic-env/lib/python3.9/site-packages/numpy/core/_methods.py:269: RuntimeWarning: Degrees of freedom <= 0 for slice
  ret = _var(a, axis=axis, dtype=dtype, out=out, ddof=ddof,
/home/mvanderbrugge/.conda/envs/photoacoustic-env/lib/python3.9/site-packages/numpy/core/_methods.py:226: RuntimeWarning: invalid value encountered in divide
  arrmean = um.true_divide(arrmean, div, out=arrmean,
/home/mvanderbrugge/.conda/envs/photoacoustic-env/lib/python3.9/site-packages/numpy/core/_methods.py:261: RuntimeWarning: invalid value encountered in scalar divide
  ret = ret.dtype.type(ret / rcount)
/home/mvanderbrugge/.conda/envs/photoacoustic-env/lib/python3.9/site-packages/skimage/metrics/simple_metrics.py:163: RuntimeWarning: divide by zero encountered in scalar divide
  return 10 * np.log10((data_range ** 2) / err)
/home/mvanderbrugge/.conda/envs/photoacoustic-env/lib/python3.9/site-packages/numpy/core/_methods.py:236: RuntimeWarning: invalid value encountered in subtract
  x = asanyarray(arr - arrmean)
/home/mvanderbrugge/.conda/envs/photoacoustic-env/lib/python3.9/site-packages/numpy/core/fromnumeric.py:3464: RuntimeWarning: Mean of empty slice.
  return _methods._mean(a, axis=axis, dtype=dtype,
/home/mvanderbrugge/.conda/envs/photoacoustic-env/lib/python3.9/site-packages/numpy/core/_methods.py:192: RuntimeWarning: invalid value encountered in scalar divide
  ret = ret.dtype.type(ret / rcount)
/home/mvanderbrugge/.conda/envs/photoacoustic-env/lib/python3.9/site-packages/numpy/core/_methods.py:269: RuntimeWarning: Degrees of freedom <= 0 for slice
  ret = _var(a, axis=axis, dtype=dtype, out=out, ddof=ddof,
/home/mvanderbrugge/.conda/envs/photoacoustic-env/lib/python3.9/site-packages/numpy/core/_methods.py:226: RuntimeWarning: invalid value encountered in divide
  arrmean = um.true_divide(arrmean, div, out=arrmean,
/home/mvanderbrugge/.conda/envs/photoacoustic-env/lib/python3.9/site-packages/numpy/core/_methods.py:261: RuntimeWarning: invalid value encountered in scalar divide
  ret = ret.dtype.type(ret / rcount)
Cropped the images
Cropped the images
Cropped the images
Cropped the images
Cropped the images
Cropped the images
Cropped the images
Stacked the images
Going to calculate metrics
Number of images: 20
Calculating FR metrics for image 0
Calculating FR metrics for image 1
Calculating FR metrics for image 2
Calculating FR metrics for image 3
Calculating FR metrics for image 4
Calculating FR metrics for image 5
Calculating FR metrics for image 6
Calculating FR metrics for image 7
Calculating FR metrics for image 8
Calculating FR metrics for image 9
Calculating FR metrics for image 10
Calculating FR metrics for image 11
Calculating FR metrics for image 12
Calculating FR metrics for image 13
Calculating FR metrics for image 14
Calculating FR metrics for image 15
Calculating FR metrics for image 16
Calculating FR metrics for image 17
Calculating FR metrics for image 18
Calculating FR metrics for image 19
Calculating NR metrics for image 0
Calculating NR metrics for image 1
Calculating NR metrics for image 2
Calculating NR metrics for image 3
Calculating NR metrics for image 4
Calculating NR metrics for image 5
Calculating NR metrics for image 6
Calculating NR metrics for image 7
Calculating NR metrics for image 8
Calculating NR metrics for image 9
Calculating NR metrics for image 10
Calculating NR metrics for image 11
Calculating NR metrics for image 12
Calculating NR metrics for image 13
Calculating NR metrics for image 14
Calculating NR metrics for image 15
Calculating NR metrics for image 16
Calculating NR metrics for image 17
Calculating NR metrics for image 18
Calculating NR metrics for image 19
Processing dataset=pa_experiment_data, category=KneeSlice1, config=PA7, ground truth=PA1.png
Cropped the images
Cropped the images
Cropped the images
Cropped the images
Cropped the images
Cropped the images
Cropped the images
Cropped the images
Cropped the images
Cropped the images
Cropped the images
Cropped the images
Cropped the images
Cropped the images
Cropped the images
Cropped the images
Cropped the images
Cropped the images
Cropped the images
Cropped the images
Stacked the images
Going to calculate metrics
Number of images: 20
Calculating FR metrics for image 0
Calculating FR metrics for image 1
Calculating FR metrics for image 2
Calculating FR metrics for image 3
Calculating FR metrics for image 4
Calculating FR metrics for image 5
Calculating FR metrics for image 6
Calculating FR metrics for image 7
Calculating FR metrics for image 8
Calculating FR metrics for image 9
Calculating FR metrics for image 10
Calculating FR metrics for image 11
Calculating FR metrics for image 12
Calculating FR metrics for image 13
Calculating FR metrics for image 14
Calculating FR metrics for image 15
Calculating FR metrics for image 16
Calculating FR metrics for image 17
Calculating FR metrics for image 18
Calculating FR metrics for image 19
Calculating NR metrics for image 0
Calculating NR metrics for image 1
Calculating NR metrics for image 2
Calculating NR metrics for image 3
Calculating NR metrics for image 4
Calculating NR metrics for image 5
Calculating NR metrics for image 6
Calculating NR metrics for image 7
Calculating NR metrics for image 8
Calculating NR metrics for image 9
Calculating NR metrics for image 10
Calculating NR metrics for image 11
Calculating NR metrics for image 12
Calculating NR metrics for image 13
Calculating NR metrics for image 14
Calculating NR metrics for image 15
Calculating NR metrics for image 16
Calculating NR metrics for image 17
Calculating NR metrics for image 18
Calculating NR metrics for image 19
Processing dataset=pa_experiment_data, category=Phantoms, config=PA2, ground truth=PA1.png
Cropped the images
Cropped the images
Cropped the images
Cropped the images
Cropped the images
Cropped the images
Cropped the images
Cropped the images
Cropped the images
Cropped the images
Cropped the images
Cropped the images
Cropped the images
Missing PA2.png in GridPhantom_Rf_101822_210528. Skipping...
Cropped the images
Cropped the images
Cropped the images
Cropped the images
Cropped the images
Cropped the images
Cropped the images
Cropped the images
Cropped the images
Cropped the images
Cropped the images
Cropped the images
Cropped the images
Cropped the images
Cropped the images
Cropped the images
Cropped the images
Cropped the images
Cropped the images
Cropped the images
Missing PA2.png in BreastPhantom_Rf_011421_002248_BV. Skipping...
Cropped the images
Cropped the images
Cropped the images
Missing PA2.png in DoranssoPhantom_Rf_101822_211821. Skipping...
Cropped the images
Cropped the images
Cropped the images
Cropped the images
Cropped the images
Cropped the images
Cropped the images
Cropped the images
Cropped the images
Cropped the images
Cropped the images
Cropped the images
Cropped the images
Cropped the images
Cropped the images
Cropped the images
Cropped the images
Cropped the images
Cropped the images
Cropped the images
Cropped the images
Cropped the images
Cropped the images
Cropped the images
Cropped the images
Cropped the images
Cropped the images
Cropped the images
Cropped the images
Cropped the images
Cropped the images
Cropped the images
Cropped the images
Stacked the images
Going to calculate metrics
Number of images: 69
Calculating FR metrics for image 0
Calculating FR metrics for image 1
Calculating FR metrics for image 2
Calculating FR metrics for image 3
Calculating FR metrics for image 4
Calculating FR metrics for image 5
Calculating FR metrics for image 6
Calculating FR metrics for image 7
Calculating FR metrics for image 8
Calculating FR metrics for image 9
Calculating FR metrics for image 10
Calculating FR metrics for image 11
Calculating FR metrics for image 12
Calculating FR metrics for image 13
Calculating FR metrics for image 14
Calculating FR metrics for image 15
Calculating FR metrics for image 16
Calculating FR metrics for image 17
Calculating FR metrics for image 18
Calculating FR metrics for image 19
Calculating FR metrics for image 20
Calculating FR metrics for image 21
Calculating FR metrics for image 22
Calculating FR metrics for image 23
Calculating FR metrics for image 24
Calculating FR metrics for image 25
Calculating FR metrics for image 26
Calculating FR metrics for image 27
Calculating FR metrics for image 28
Calculating FR metrics for image 29
Calculating FR metrics for image 30
Calculating FR metrics for image 31
Calculating FR metrics for image 32
Calculating FR metrics for image 33
Calculating FR metrics for image 34
Calculating FR metrics for image 35
Calculating FR metrics for image 36
Calculating FR metrics for image 37
Calculating FR metrics for image 38
Calculating FR metrics for image 39
Calculating FR metrics for image 40
Calculating FR metrics for image 41
Calculating FR metrics for image 42
Calculating FR metrics for image 43
Calculating FR metrics for image 44
Calculating FR metrics for image 45
Calculating FR metrics for image 46
Calculating FR metrics for image 47
Calculating FR metrics for image 48
Calculating FR metrics for image 49
Calculating FR metrics for image 50
Calculating FR metrics for image 51
Calculating FR metrics for image 52
Calculating FR metrics for image 53
Calculating FR metrics for image 54
Calculating FR metrics for image 55
Calculating FR metrics for image 56
Calculating FR metrics for image 57
Calculating FR metrics for image 58
Calculating FR metrics for image 59
Calculating FR metrics for image 60
Calculating FR metrics for image 61
Calculating FR metrics for image 62
Calculating FR metrics for image 63
Calculating FR metrics for image 64
Calculating FR metrics for image 65
Calculating FR metrics for image 66
Calculating FR metrics for image 67
Calculating FR metrics for image 68
Calculating NR metrics for image 0
Calculating NR metrics for image 1
Calculating NR metrics for image 2
Calculating NR metrics for image 3
Calculating NR metrics for image 4
Calculating NR metrics for image 5
Calculating NR metrics for image 6
Calculating NR metrics for image 7
Calculating NR metrics for image 8
Calculating NR metrics for image 9
Calculating NR metrics for image 10
Calculating NR metrics for image 11
Calculating NR metrics for image 12
/home/mvanderbrugge/.conda/envs/photoacoustic-env/lib/python3.9/site-packages/numpy/core/fromnumeric.py:3464: RuntimeWarning: Mean of empty slice.
  return _methods._mean(a, axis=axis, dtype=dtype,
/home/mvanderbrugge/.conda/envs/photoacoustic-env/lib/python3.9/site-packages/numpy/core/_methods.py:192: RuntimeWarning: invalid value encountered in scalar divide
  ret = ret.dtype.type(ret / rcount)
/home/mvanderbrugge/.conda/envs/photoacoustic-env/lib/python3.9/site-packages/numpy/core/_methods.py:269: RuntimeWarning: Degrees of freedom <= 0 for slice
  ret = _var(a, axis=axis, dtype=dtype, out=out, ddof=ddof,
/home/mvanderbrugge/.conda/envs/photoacoustic-env/lib/python3.9/site-packages/numpy/core/_methods.py:226: RuntimeWarning: invalid value encountered in divide
  arrmean = um.true_divide(arrmean, div, out=arrmean,
/home/mvanderbrugge/.conda/envs/photoacoustic-env/lib/python3.9/site-packages/numpy/core/_methods.py:261: RuntimeWarning: invalid value encountered in scalar divide
  ret = ret.dtype.type(ret / rcount)
Calculating NR metrics for image 13
Calculating NR metrics for image 14
Calculating NR metrics for image 15
Calculating NR metrics for image 16
Calculating NR metrics for image 17
Calculating NR metrics for image 18
Calculating NR metrics for image 19
Calculating NR metrics for image 20
Calculating NR metrics for image 21
Calculating NR metrics for image 22
Calculating NR metrics for image 23
Calculating NR metrics for image 24
Calculating NR metrics for image 25
Calculating NR metrics for image 26
Calculating NR metrics for image 27
Calculating NR metrics for image 28
Calculating NR metrics for image 29
Calculating NR metrics for image 30
Calculating NR metrics for image 31
Calculating NR metrics for image 32
Calculating NR metrics for image 33
Calculating NR metrics for image 34
Calculating NR metrics for image 35
Calculating NR metrics for image 36
Calculating NR metrics for image 37
Calculating NR metrics for image 38
Calculating NR metrics for image 39
Calculating NR metrics for image 40
Calculating NR metrics for image 41
Calculating NR metrics for image 42
Calculating NR metrics for image 43
Calculating NR metrics for image 44
Calculating NR metrics for image 45
Calculating NR metrics for image 46
Calculating NR metrics for image 47
Calculating NR metrics for image 48
Calculating NR metrics for image 49
Calculating NR metrics for image 50
Calculating NR metrics for image 51
Calculating NR metrics for image 52
Calculating NR metrics for image 53
Calculating NR metrics for image 54
Calculating NR metrics for image 55
Calculating NR metrics for image 56
Calculating NR metrics for image 57
Calculating NR metrics for image 58
Calculating NR metrics for image 59
Calculating NR metrics for image 60
Calculating NR metrics for image 61
Calculating NR metrics for image 62
Calculating NR metrics for image 63
Calculating NR metrics for image 64
Calculating NR metrics for image 65
Calculating NR metrics for image 66
Calculating NR metrics for image 67
Calculating NR metrics for image 68
Processing dataset=pa_experiment_data, category=Phantoms, config=PA3, ground truth=PA1.png
Cropped the images
Cropped the images
Cropped the images
Cropped the images
Cropped the images
Cropped the images
Cropped the images
Cropped the images
Cropped the images
Cropped the images
Cropped the images
Cropped the images
Cropped the images
Missing PA3.png in GridPhantom_Rf_101822_210528. Skipping...
Cropped the images
Cropped the images
Cropped the images
Cropped the images
Cropped the images
Cropped the images
Cropped the images
Cropped the images
Cropped the images
Cropped the images
Cropped the images
Cropped the images
Cropped the images
Cropped the images
Cropped the images
Cropped the images
Cropped the images
Cropped the images
Cropped the images
Cropped the images
Missing PA3.png in BreastPhantom_Rf_011421_002248_BV. Skipping...
Cropped the images
Cropped the images
Cropped the images
Missing PA3.png in DoranssoPhantom_Rf_101822_211821. Skipping...
Cropped the images
Cropped the images
Cropped the images
Cropped the images
Cropped the images
Cropped the images
Cropped the images
Cropped the images
Cropped the images
Cropped the images
Cropped the images
Cropped the images
Cropped the images
Cropped the images
Cropped the images
Cropped the images
Cropped the images
Cropped the images
Cropped the images
Cropped the images
Cropped the images
Cropped the images
Cropped the images
Cropped the images
Cropped the images
Cropped the images
Cropped the images
Cropped the images
Cropped the images
Cropped the images
Cropped the images
Cropped the images
Cropped the images
Stacked the images
Going to calculate metrics
Number of images: 69
Calculating FR metrics for image 0
Calculating FR metrics for image 1
Calculating FR metrics for image 2
Calculating FR metrics for image 3
Calculating FR metrics for image 4
Calculating FR metrics for image 5
Calculating FR metrics for image 6
Calculating FR metrics for image 7
Calculating FR metrics for image 8
Calculating FR metrics for image 9
Calculating FR metrics for image 10
Calculating FR metrics for image 11
Calculating FR metrics for image 12
Calculating FR metrics for image 13
Calculating FR metrics for image 14
Calculating FR metrics for image 15
Calculating FR metrics for image 16
Calculating FR metrics for image 17
Calculating FR metrics for image 18
Calculating FR metrics for image 19
Calculating FR metrics for image 20
Calculating FR metrics for image 21
Calculating FR metrics for image 22
Calculating FR metrics for image 23
Calculating FR metrics for image 24
Calculating FR metrics for image 25
Calculating FR metrics for image 26
Calculating FR metrics for image 27
Calculating FR metrics for image 28
Calculating FR metrics for image 29
Calculating FR metrics for image 30
Calculating FR metrics for image 31
Calculating FR metrics for image 32
Calculating FR metrics for image 33
Calculating FR metrics for image 34
Calculating FR metrics for image 35
Calculating FR metrics for image 36
Calculating FR metrics for image 37
Calculating FR metrics for image 38
Calculating FR metrics for image 39
Calculating FR metrics for image 40
Calculating FR metrics for image 41
Calculating FR metrics for image 42
Calculating FR metrics for image 43
Calculating FR metrics for image 44
Calculating FR metrics for image 45
Calculating FR metrics for image 46
Calculating FR metrics for image 47
Calculating FR metrics for image 48
Calculating FR metrics for image 49
Calculating FR metrics for image 50
Calculating FR metrics for image 51
Calculating FR metrics for image 52
Calculating FR metrics for image 53
Calculating FR metrics for image 54
Calculating FR metrics for image 55
Calculating FR metrics for image 56
Calculating FR metrics for image 57
Calculating FR metrics for image 58
Calculating FR metrics for image 59
Calculating FR metrics for image 60
Calculating FR metrics for image 61
Calculating FR metrics for image 62
Calculating FR metrics for image 63
Calculating FR metrics for image 64
Calculating FR metrics for image 65
Calculating FR metrics for image 66
Calculating FR metrics for image 67
Calculating FR metrics for image 68
Calculating NR metrics for image 0
Calculating NR metrics for image 1
Calculating NR metrics for image 2
Calculating NR metrics for image 3
Calculating NR metrics for image 4
Calculating NR metrics for image 5
Calculating NR metrics for image 6
Calculating NR metrics for image 7
Calculating NR metrics for image 8
Calculating NR metrics for image 9
Calculating NR metrics for image 10
Calculating NR metrics for image 11
Calculating NR metrics for image 12
Calculating NR metrics for image 13
Calculating NR metrics for image 14
Calculating NR metrics for image 15
Calculating NR metrics for image 16
Calculating NR metrics for image 17
Calculating NR metrics for image 18
Calculating NR metrics for image 19
Calculating NR metrics for image 20
Calculating NR metrics for image 21
Calculating NR metrics for image 22
Calculating NR metrics for image 23
Calculating NR metrics for image 24
Calculating NR metrics for image 25
Calculating NR metrics for image 26
Calculating NR metrics for image 27
Calculating NR metrics for image 28
Calculating NR metrics for image 29
Calculating NR metrics for image 30
Calculating NR metrics for image 31
Calculating NR metrics for image 32
Calculating NR metrics for image 33
Calculating NR metrics for image 34
Calculating NR metrics for image 35
Calculating NR metrics for image 36
Calculating NR metrics for image 37
Calculating NR metrics for image 38
Calculating NR metrics for image 39
Calculating NR metrics for image 40
Calculating NR metrics for image 41
Calculating NR metrics for image 42
Calculating NR metrics for image 43
Calculating NR metrics for image 44
Calculating NR metrics for image 45
Calculating NR metrics for image 46
Calculating NR metrics for image 47
Calculating NR metrics for image 48
Calculating NR metrics for image 49
Calculating NR metrics for image 50
Calculating NR metrics for image 51
Calculating NR metrics for image 52
Calculating NR metrics for image 53
Calculating NR metrics for image 54
Calculating NR metrics for image 55
/home/mvanderbrugge/.conda/envs/photoacoustic-env/lib/python3.9/site-packages/numpy/core/fromnumeric.py:3464: RuntimeWarning: Mean of empty slice.
  return _methods._mean(a, axis=axis, dtype=dtype,
/home/mvanderbrugge/.conda/envs/photoacoustic-env/lib/python3.9/site-packages/numpy/core/_methods.py:192: RuntimeWarning: invalid value encountered in scalar divide
  ret = ret.dtype.type(ret / rcount)
/home/mvanderbrugge/.conda/envs/photoacoustic-env/lib/python3.9/site-packages/numpy/core/_methods.py:269: RuntimeWarning: Degrees of freedom <= 0 for slice
  ret = _var(a, axis=axis, dtype=dtype, out=out, ddof=ddof,
/home/mvanderbrugge/.conda/envs/photoacoustic-env/lib/python3.9/site-packages/numpy/core/_methods.py:226: RuntimeWarning: invalid value encountered in divide
  arrmean = um.true_divide(arrmean, div, out=arrmean,
/home/mvanderbrugge/.conda/envs/photoacoustic-env/lib/python3.9/site-packages/numpy/core/_methods.py:261: RuntimeWarning: invalid value encountered in scalar divide
  ret = ret.dtype.type(ret / rcount)
/home/mvanderbrugge/.conda/envs/photoacoustic-env/lib/python3.9/site-packages/numpy/core/fromnumeric.py:3464: RuntimeWarning: Mean of empty slice.
  return _methods._mean(a, axis=axis, dtype=dtype,
/home/mvanderbrugge/.conda/envs/photoacoustic-env/lib/python3.9/site-packages/numpy/core/_methods.py:192: RuntimeWarning: invalid value encountered in scalar divide
  ret = ret.dtype.type(ret / rcount)
/home/mvanderbrugge/.conda/envs/photoacoustic-env/lib/python3.9/site-packages/numpy/core/_methods.py:269: RuntimeWarning: Degrees of freedom <= 0 for slice
  ret = _var(a, axis=axis, dtype=dtype, out=out, ddof=ddof,
/home/mvanderbrugge/.conda/envs/photoacoustic-env/lib/python3.9/site-packages/numpy/core/_methods.py:226: RuntimeWarning: invalid value encountered in divide
  arrmean = um.true_divide(arrmean, div, out=arrmean,
/home/mvanderbrugge/.conda/envs/photoacoustic-env/lib/python3.9/site-packages/numpy/core/_methods.py:261: RuntimeWarning: invalid value encountered in scalar divide
  ret = ret.dtype.type(ret / rcount)
Calculating NR metrics for image 56
Calculating NR metrics for image 57
Calculating NR metrics for image 58
Calculating NR metrics for image 59
Calculating NR metrics for image 60
Calculating NR metrics for image 61
Calculating NR metrics for image 62
Calculating NR metrics for image 63
Calculating NR metrics for image 64
Calculating NR metrics for image 65
Calculating NR metrics for image 66
Calculating NR metrics for image 67
Calculating NR metrics for image 68
Processing dataset=pa_experiment_data, category=Phantoms, config=PA4, ground truth=PA1.png
Cropped the images
Cropped the images
Cropped the images
Cropped the images
Cropped the images
Cropped the images
Cropped the images
Cropped the images
Cropped the images
Cropped the images
Cropped the images
Cropped the images
Cropped the images
Missing PA4.png in GridPhantom_Rf_101822_210528. Skipping...
Cropped the images
Cropped the images
Cropped the images
Cropped the images
Cropped the images
Cropped the images
Cropped the images
Cropped the images
Cropped the images
Cropped the images
Cropped the images
Cropped the images
Cropped the images
Cropped the images
Cropped the images
Cropped the images
Cropped the images
Cropped the images
Cropped the images
Cropped the images
Missing PA4.png in BreastPhantom_Rf_011421_002248_BV. Skipping...
Cropped the images
Cropped the images
Cropped the images
Missing PA4.png in DoranssoPhantom_Rf_101822_211821. Skipping...
Cropped the images
Cropped the images
Cropped the images
Cropped the images
Cropped the images
Cropped the images
Cropped the images
Cropped the images
Cropped the images
Cropped the images
Cropped the images
Cropped the images
Cropped the images
Cropped the images
Cropped the images
Cropped the images
Cropped the images
Cropped the images
Cropped the images
Cropped the images
Cropped the images
Cropped the images
Cropped the images
Cropped the images
Cropped the images
Cropped the images
Cropped the images
Cropped the images
Cropped the images
Cropped the images
Cropped the images
Cropped the images
Cropped the images
Stacked the images
Going to calculate metrics
Number of images: 69
Calculating FR metrics for image 0
Calculating FR metrics for image 1
Calculating FR metrics for image 2
Calculating FR metrics for image 3
Calculating FR metrics for image 4
Calculating FR metrics for image 5
Calculating FR metrics for image 6
Calculating FR metrics for image 7
Calculating FR metrics for image 8
Calculating FR metrics for image 9
Calculating FR metrics for image 10
Calculating FR metrics for image 11
Calculating FR metrics for image 12
Calculating FR metrics for image 13
Calculating FR metrics for image 14
Calculating FR metrics for image 15
Calculating FR metrics for image 16
Calculating FR metrics for image 17
Calculating FR metrics for image 18
Calculating FR metrics for image 19
Calculating FR metrics for image 20
Calculating FR metrics for image 21
Calculating FR metrics for image 22
Calculating FR metrics for image 23
Calculating FR metrics for image 24
Calculating FR metrics for image 25
Calculating FR metrics for image 26
Calculating FR metrics for image 27
Calculating FR metrics for image 28
Calculating FR metrics for image 29
Calculating FR metrics for image 30
Calculating FR metrics for image 31
Calculating FR metrics for image 32
Calculating FR metrics for image 33
Calculating FR metrics for image 34
Calculating FR metrics for image 35
Calculating FR metrics for image 36
Calculating FR metrics for image 37
Calculating FR metrics for image 38
Calculating FR metrics for image 39
Calculating FR metrics for image 40
Calculating FR metrics for image 41
Calculating FR metrics for image 42
Calculating FR metrics for image 43
Calculating FR metrics for image 44
Calculating FR metrics for image 45
Calculating FR metrics for image 46
Calculating FR metrics for image 47
Calculating FR metrics for image 48
Calculating FR metrics for image 49
Calculating FR metrics for image 50
Calculating FR metrics for image 51
Calculating FR metrics for image 52
Calculating FR metrics for image 53
Calculating FR metrics for image 54
Calculating FR metrics for image 55
Calculating FR metrics for image 56
Calculating FR metrics for image 57
Calculating FR metrics for image 58
Calculating FR metrics for image 59
Calculating FR metrics for image 60
Calculating FR metrics for image 61
Calculating FR metrics for image 62
Calculating FR metrics for image 63
Calculating FR metrics for image 64
Calculating FR metrics for image 65
Calculating FR metrics for image 66
Calculating FR metrics for image 67
Calculating FR metrics for image 68
Calculating NR metrics for image 0
Calculating NR metrics for image 1
Calculating NR metrics for image 2
Calculating NR metrics for image 3
Calculating NR metrics for image 4
Calculating NR metrics for image 5
Calculating NR metrics for image 6
Calculating NR metrics for image 7
Calculating NR metrics for image 8
Calculating NR metrics for image 9
Calculating NR metrics for image 10
Calculating NR metrics for image 11
Calculating NR metrics for image 12
Calculating NR metrics for image 13
Calculating NR metrics for image 14
Calculating NR metrics for image 15
Calculating NR metrics for image 16
Calculating NR metrics for image 17
Calculating NR metrics for image 18
Calculating NR metrics for image 19
Calculating NR metrics for image 20
Calculating NR metrics for image 21
Calculating NR metrics for image 22
Calculating NR metrics for image 23
Calculating NR metrics for image 24
Calculating NR metrics for image 25
Calculating NR metrics for image 26
Calculating NR metrics for image 27
Calculating NR metrics for image 28
Calculating NR metrics for image 29
Calculating NR metrics for image 30
Calculating NR metrics for image 31
Calculating NR metrics for image 32
Calculating NR metrics for image 33
Calculating NR metrics for image 34
Calculating NR metrics for image 35
Calculating NR metrics for image 36
Calculating NR metrics for image 37
Calculating NR metrics for image 38
Calculating NR metrics for image 39
Calculating NR metrics for image 40
Calculating NR metrics for image 41
Calculating NR metrics for image 42
Calculating NR metrics for image 43
Calculating NR metrics for image 44
Calculating NR metrics for image 45
Calculating NR metrics for image 46
Calculating NR metrics for image 47
Calculating NR metrics for image 48
Calculating NR metrics for image 49
Calculating NR metrics for image 50
Calculating NR metrics for image 51
Calculating NR metrics for image 52
Calculating NR metrics for image 53
Calculating NR metrics for image 54
Calculating NR metrics for image 55
Calculating NR metrics for image 56
Calculating NR metrics for image 57
Calculating NR metrics for image 58
Calculating NR metrics for image 59
Calculating NR metrics for image 60
Calculating NR metrics for image 61
Calculating NR metrics for image 62
Calculating NR metrics for image 63
Calculating NR metrics for image 64
Calculating NR metrics for image 65
Calculating NR metrics for image 66
Calculating NR metrics for image 67
Calculating NR metrics for image 68
Processing dataset=pa_experiment_data, category=Phantoms, config=PA5, ground truth=PA1.png
Cropped the images
Cropped the images
Cropped the images
Cropped the images
Cropped the images
Cropped the images
Cropped the images
Cropped the images
Cropped the images
Cropped the images
Cropped the images
Cropped the images
Cropped the images
Missing PA5.png in GridPhantom_Rf_101822_210528. Skipping...
Cropped the images
Cropped the images
Cropped the images
Cropped the images
Cropped the images
Cropped the images
Cropped the images
Cropped the images
Cropped the images
Cropped the images
Cropped the images
Cropped the images
Cropped the images
Cropped the images
Cropped the images
Cropped the images
Cropped the images
Cropped the images
Cropped the images
Cropped the images
Missing PA5.png in BreastPhantom_Rf_011421_002248_BV. Skipping...
Cropped the images
Cropped the images
Cropped the images
Missing PA5.png in DoranssoPhantom_Rf_101822_211821. Skipping...
Cropped the images
Cropped the images
Cropped the images
Cropped the images
Cropped the images
Cropped the images
Cropped the images
Cropped the images
Cropped the images
/home/mvanderbrugge/.conda/envs/photoacoustic-env/lib/python3.9/site-packages/numpy/core/fromnumeric.py:3464: RuntimeWarning: Mean of empty slice.
  return _methods._mean(a, axis=axis, dtype=dtype,
/home/mvanderbrugge/.conda/envs/photoacoustic-env/lib/python3.9/site-packages/numpy/core/_methods.py:192: RuntimeWarning: invalid value encountered in scalar divide
  ret = ret.dtype.type(ret / rcount)
/home/mvanderbrugge/.conda/envs/photoacoustic-env/lib/python3.9/site-packages/numpy/core/_methods.py:269: RuntimeWarning: Degrees of freedom <= 0 for slice
  ret = _var(a, axis=axis, dtype=dtype, out=out, ddof=ddof,
/home/mvanderbrugge/.conda/envs/photoacoustic-env/lib/python3.9/site-packages/numpy/core/_methods.py:226: RuntimeWarning: invalid value encountered in divide
  arrmean = um.true_divide(arrmean, div, out=arrmean,
/home/mvanderbrugge/.conda/envs/photoacoustic-env/lib/python3.9/site-packages/numpy/core/_methods.py:261: RuntimeWarning: invalid value encountered in scalar divide
  ret = ret.dtype.type(ret / rcount)
Cropped the images
Cropped the images
Cropped the images
Cropped the images
Cropped the images
Cropped the images
Cropped the images
Cropped the images
Cropped the images
Cropped the images
Cropped the images
Cropped the images
Cropped the images
Cropped the images
Cropped the images
Cropped the images
Cropped the images
Cropped the images
Cropped the images
Cropped the images
Cropped the images
Cropped the images
Cropped the images
Cropped the images
Stacked the images
Going to calculate metrics
Number of images: 69
Calculating FR metrics for image 0
Calculating FR metrics for image 1
Calculating FR metrics for image 2
Calculating FR metrics for image 3
Calculating FR metrics for image 4
Calculating FR metrics for image 5
Calculating FR metrics for image 6
Calculating FR metrics for image 7
Calculating FR metrics for image 8
Calculating FR metrics for image 9
Calculating FR metrics for image 10
Calculating FR metrics for image 11
Calculating FR metrics for image 12
Calculating FR metrics for image 13
Calculating FR metrics for image 14
Calculating FR metrics for image 15
Calculating FR metrics for image 16
Calculating FR metrics for image 17
Calculating FR metrics for image 18
Calculating FR metrics for image 19
Calculating FR metrics for image 20
Calculating FR metrics for image 21
Calculating FR metrics for image 22
Calculating FR metrics for image 23
Calculating FR metrics for image 24
Calculating FR metrics for image 25
Calculating FR metrics for image 26
Calculating FR metrics for image 27
Calculating FR metrics for image 28
Calculating FR metrics for image 29
Calculating FR metrics for image 30
Calculating FR metrics for image 31
Calculating FR metrics for image 32
Calculating FR metrics for image 33
Calculating FR metrics for image 34
Calculating FR metrics for image 35
Calculating FR metrics for image 36
Calculating FR metrics for image 37
Calculating FR metrics for image 38
Calculating FR metrics for image 39
Calculating FR metrics for image 40
Calculating FR metrics for image 41
Calculating FR metrics for image 42
Calculating FR metrics for image 43
Calculating FR metrics for image 44
Calculating FR metrics for image 45
Calculating FR metrics for image 46
Calculating FR metrics for image 47
Calculating FR metrics for image 48
Calculating FR metrics for image 49
Calculating FR metrics for image 50
Calculating FR metrics for image 51
Calculating FR metrics for image 52
Calculating FR metrics for image 53
Calculating FR metrics for image 54
Calculating FR metrics for image 55
Calculating FR metrics for image 56
Calculating FR metrics for image 57
Calculating FR metrics for image 58
Calculating FR metrics for image 59
Calculating FR metrics for image 60
Calculating FR metrics for image 61
Calculating FR metrics for image 62
Calculating FR metrics for image 63
Calculating FR metrics for image 64
Calculating FR metrics for image 65
Calculating FR metrics for image 66
Calculating FR metrics for image 67
Calculating FR metrics for image 68
Calculating NR metrics for image 0
Calculating NR metrics for image 1
Calculating NR metrics for image 2
Calculating NR metrics for image 3
Calculating NR metrics for image 4
Calculating NR metrics for image 5
Calculating NR metrics for image 6
Calculating NR metrics for image 7
Calculating NR metrics for image 8
Calculating NR metrics for image 9
Calculating NR metrics for image 10
Calculating NR metrics for image 11
Calculating NR metrics for image 12
Calculating NR metrics for image 13
Calculating NR metrics for image 14
Calculating NR metrics for image 15
Calculating NR metrics for image 16
Calculating NR metrics for image 17
Calculating NR metrics for image 18
Calculating NR metrics for image 19
Calculating NR metrics for image 20
Calculating NR metrics for image 21
Calculating NR metrics for image 22
Calculating NR metrics for image 23
Calculating NR metrics for image 24
Calculating NR metrics for image 25
Calculating NR metrics for image 26
Calculating NR metrics for image 27
Calculating NR metrics for image 28
Calculating NR metrics for image 29
Calculating NR metrics for image 30
Calculating NR metrics for image 31
Calculating NR metrics for image 32
Calculating NR metrics for image 33
Calculating NR metrics for image 34
Calculating NR metrics for image 35
Calculating NR metrics for image 36
Calculating NR metrics for image 37
Calculating NR metrics for image 38
Calculating NR metrics for image 39
Calculating NR metrics for image 40
Calculating NR metrics for image 41
Calculating NR metrics for image 42
Calculating NR metrics for image 43
Calculating NR metrics for image 44
Calculating NR metrics for image 45
Calculating NR metrics for image 46
Calculating NR metrics for image 47
Calculating NR metrics for image 48
Calculating NR metrics for image 49
Calculating NR metrics for image 50
Calculating NR metrics for image 51
Calculating NR metrics for image 52
Calculating NR metrics for image 53
Calculating NR metrics for image 54
Calculating NR metrics for image 55
Calculating NR metrics for image 56
Calculating NR metrics for image 57
Calculating NR metrics for image 58
Calculating NR metrics for image 59
Calculating NR metrics for image 60
Calculating NR metrics for image 61
Calculating NR metrics for image 62
Calculating NR metrics for image 63
Calculating NR metrics for image 64
Calculating NR metrics for image 65
Calculating NR metrics for image 66
Calculating NR metrics for image 67
Calculating NR metrics for image 68
Processing dataset=pa_experiment_data, category=Phantoms, config=PA6, ground truth=PA1.png
Cropped the images
Cropped the images
Cropped the images
Cropped the images
Cropped the images
Cropped the images
Cropped the images
Cropped the images
Cropped the images
Cropped the images
Cropped the images
Cropped the images
Cropped the images
Missing PA6.png in GridPhantom_Rf_101822_210528. Skipping...
Cropped the images
Cropped the images
Cropped the images
Cropped the images
Cropped the images
Cropped the images
Cropped the images
Cropped the images
Cropped the images
Cropped the images
Cropped the images
Cropped the images
Cropped the images
Cropped the images
Cropped the images
Cropped the images
Cropped the images
Cropped the images
Cropped the images
Cropped the images
Missing PA6.png in BreastPhantom_Rf_011421_002248_BV. Skipping...
Cropped the images
Cropped the images
Cropped the images
Missing PA6.png in DoranssoPhantom_Rf_101822_211821. Skipping...
Cropped the images
Cropped the images
Cropped the images
Cropped the images
Cropped the images
Cropped the images
Cropped the images
Cropped the images
Cropped the images
Cropped the images
Cropped the images
Cropped the images
Cropped the images
Cropped the images
Cropped the images
Cropped the images
Cropped the images
Cropped the images
Cropped the images
Cropped the images
Cropped the images
Cropped the images
Cropped the images
Cropped the images
Cropped the images
Cropped the images
Cropped the images
Cropped the images
Cropped the images
Cropped the images
Cropped the images
Cropped the images
Cropped the images
Stacked the images
Going to calculate metrics
Number of images: 69
Calculating FR metrics for image 0
Calculating FR metrics for image 1
Calculating FR metrics for image 2
Calculating FR metrics for image 3
Calculating FR metrics for image 4
Calculating FR metrics for image 5
Calculating FR metrics for image 6
Calculating FR metrics for image 7
Calculating FR metrics for image 8
Calculating FR metrics for image 9
Calculating FR metrics for image 10
Calculating FR metrics for image 11
Calculating FR metrics for image 12
Calculating FR metrics for image 13
Calculating FR metrics for image 14
Calculating FR metrics for image 15
Calculating FR metrics for image 16
Calculating FR metrics for image 17
Calculating FR metrics for image 18
Calculating FR metrics for image 19
Calculating FR metrics for image 20
Calculating FR metrics for image 21
Calculating FR metrics for image 22
Calculating FR metrics for image 23
Calculating FR metrics for image 24
Calculating FR metrics for image 25
Calculating FR metrics for image 26
Calculating FR metrics for image 27
Calculating FR metrics for image 28
/home/mvanderbrugge/.conda/envs/photoacoustic-env/lib/python3.9/site-packages/numpy/core/fromnumeric.py:3464: RuntimeWarning: Mean of empty slice.
  return _methods._mean(a, axis=axis, dtype=dtype,
/home/mvanderbrugge/.conda/envs/photoacoustic-env/lib/python3.9/site-packages/numpy/core/_methods.py:192: RuntimeWarning: invalid value encountered in scalar divide
  ret = ret.dtype.type(ret / rcount)
/home/mvanderbrugge/.conda/envs/photoacoustic-env/lib/python3.9/site-packages/numpy/core/_methods.py:269: RuntimeWarning: Degrees of freedom <= 0 for slice
  ret = _var(a, axis=axis, dtype=dtype, out=out, ddof=ddof,
/home/mvanderbrugge/.conda/envs/photoacoustic-env/lib/python3.9/site-packages/numpy/core/_methods.py:226: RuntimeWarning: invalid value encountered in divide
  arrmean = um.true_divide(arrmean, div, out=arrmean,
/home/mvanderbrugge/.conda/envs/photoacoustic-env/lib/python3.9/site-packages/numpy/core/_methods.py:261: RuntimeWarning: invalid value encountered in scalar divide
  ret = ret.dtype.type(ret / rcount)
Calculating FR metrics for image 29
Calculating FR metrics for image 30
Calculating FR metrics for image 31
Calculating FR metrics for image 32
Calculating FR metrics for image 33
Calculating FR metrics for image 34
Calculating FR metrics for image 35
Calculating FR metrics for image 36
Calculating FR metrics for image 37
Calculating FR metrics for image 38
Calculating FR metrics for image 39
Calculating FR metrics for image 40
Calculating FR metrics for image 41
Calculating FR metrics for image 42
Calculating FR metrics for image 43
Calculating FR metrics for image 44
Calculating FR metrics for image 45
Calculating FR metrics for image 46
Calculating FR metrics for image 47
Calculating FR metrics for image 48
Calculating FR metrics for image 49
Calculating FR metrics for image 50
Calculating FR metrics for image 51
Calculating FR metrics for image 52
Calculating FR metrics for image 53
Calculating FR metrics for image 54
Calculating FR metrics for image 55
Calculating FR metrics for image 56
Calculating FR metrics for image 57
Calculating FR metrics for image 58
Calculating FR metrics for image 59
Calculating FR metrics for image 60
Calculating FR metrics for image 61
Calculating FR metrics for image 62
Calculating FR metrics for image 63
Calculating FR metrics for image 64
Calculating FR metrics for image 65
Calculating FR metrics for image 66
Calculating FR metrics for image 67
Calculating FR metrics for image 68
Calculating NR metrics for image 0
Calculating NR metrics for image 1
Calculating NR metrics for image 2
Calculating NR metrics for image 3
Calculating NR metrics for image 4
Calculating NR metrics for image 5
Calculating NR metrics for image 6
Calculating NR metrics for image 7
Calculating NR metrics for image 8
Calculating NR metrics for image 9
Calculating NR metrics for image 10
Calculating NR metrics for image 11
Calculating NR metrics for image 12
Calculating NR metrics for image 13
Calculating NR metrics for image 14
Calculating NR metrics for image 15
Calculating NR metrics for image 16
Calculating NR metrics for image 17
Calculating NR metrics for image 18
Calculating NR metrics for image 19
Calculating NR metrics for image 20
Calculating NR metrics for image 21
Calculating NR metrics for image 22
Calculating NR metrics for image 23
Calculating NR metrics for image 24
Calculating NR metrics for image 25
Calculating NR metrics for image 26
Calculating NR metrics for image 27
Calculating NR metrics for image 28
Calculating NR metrics for image 29
Calculating NR metrics for image 30
Calculating NR metrics for image 31
Calculating NR metrics for image 32
Calculating NR metrics for image 33
Calculating NR metrics for image 34
Calculating NR metrics for image 35
Calculating NR metrics for image 36
Calculating NR metrics for image 37
Calculating NR metrics for image 38
Calculating NR metrics for image 39
Calculating NR metrics for image 40
Calculating NR metrics for image 41
Calculating NR metrics for image 42
Calculating NR metrics for image 43
Calculating NR metrics for image 44
Calculating NR metrics for image 45
Calculating NR metrics for image 46
Calculating NR metrics for image 47
Calculating NR metrics for image 48
Calculating NR metrics for image 49
Calculating NR metrics for image 50
Calculating NR metrics for image 51
Calculating NR metrics for image 52
Calculating NR metrics for image 53
Calculating NR metrics for image 54
Calculating NR metrics for image 55
Calculating NR metrics for image 56
Calculating NR metrics for image 57
Calculating NR metrics for image 58
Calculating NR metrics for image 59
Calculating NR metrics for image 60
Calculating NR metrics for image 61
Calculating NR metrics for image 62
Calculating NR metrics for image 63
Calculating NR metrics for image 64
Calculating NR metrics for image 65
Calculating NR metrics for image 66
Calculating NR metrics for image 67
Calculating NR metrics for image 68
Processing dataset=pa_experiment_data, category=Phantoms, config=PA7, ground truth=PA1.png
Missing PA7.png in BreastPhantom_Rf_011321_202739_Noblood. Skipping...
Cropped the images
Cropped the images
Cropped the images
Cropped the images
Cropped the images
Cropped the images
Cropped the images
Cropped the images
Cropped the images
Cropped the images
Cropped the images
Cropped the images
Missing PA7.png in GridPhantom_Rf_101822_210528. Skipping...
Cropped the images
Cropped the images
Cropped the images
Cropped the images
Cropped the images
Cropped the images
Cropped the images
Cropped the images
Cropped the images
Cropped the images
Cropped the images
Cropped the images
Cropped the images
Cropped the images
Cropped the images
Cropped the images
Cropped the images
Cropped the images
Cropped the images
Cropped the images
Missing PA7.png in BreastPhantom_Rf_011421_002248_BV. Skipping...
Cropped the images
Cropped the images
Cropped the images
Missing PA7.png in DoranssoPhantom_Rf_101822_211821. Skipping...
Cropped the images
Cropped the images
Cropped the images
Cropped the images
Cropped the images
Cropped the images
Cropped the images
Cropped the images
Cropped the images
Cropped the images
Cropped the images
Cropped the images
Cropped the images
Cropped the images
Cropped the images
Cropped the images
Cropped the images
Cropped the images
Cropped the images
Cropped the images
Cropped the images
Cropped the images
Cropped the images
Cropped the images
Cropped the images
Cropped the images
Cropped the images
Cropped the images
Cropped the images
Cropped the images
Cropped the images
Cropped the images
Cropped the images
Stacked the images
Going to calculate metrics
Number of images: 68
Calculating FR metrics for image 0
Calculating FR metrics for image 1
Calculating FR metrics for image 2
Calculating FR metrics for image 3
Calculating FR metrics for image 4
Calculating FR metrics for image 5
Calculating FR metrics for image 6
Calculating FR metrics for image 7
Calculating FR metrics for image 8
Calculating FR metrics for image 9
Calculating FR metrics for image 10
Calculating FR metrics for image 11
Calculating FR metrics for image 12
Calculating FR metrics for image 13
Calculating FR metrics for image 14
Calculating FR metrics for image 15
Calculating FR metrics for image 16
Calculating FR metrics for image 17
Calculating FR metrics for image 18
Calculating FR metrics for image 19
Calculating FR metrics for image 20
Calculating FR metrics for image 21
Calculating FR metrics for image 22
Calculating FR metrics for image 23
Calculating FR metrics for image 24
Calculating FR metrics for image 25
Calculating FR metrics for image 26
Calculating FR metrics for image 27
Calculating FR metrics for image 28
Calculating FR metrics for image 29
Calculating FR metrics for image 30
Calculating FR metrics for image 31
Calculating FR metrics for image 32
Calculating FR metrics for image 33
Calculating FR metrics for image 34
Calculating FR metrics for image 35
Calculating FR metrics for image 36
Calculating FR metrics for image 37
Calculating FR metrics for image 38
Calculating FR metrics for image 39
Calculating FR metrics for image 40
Calculating FR metrics for image 41
Calculating FR metrics for image 42
Calculating FR metrics for image 43
Calculating FR metrics for image 44
Calculating FR metrics for image 45
Calculating FR metrics for image 46
Calculating FR metrics for image 47
Calculating FR metrics for image 48
Calculating FR metrics for image 49
Calculating FR metrics for image 50
Calculating FR metrics for image 51
Calculating FR metrics for image 52
Calculating FR metrics for image 53
Calculating FR metrics for image 54
Calculating FR metrics for image 55
Calculating FR metrics for image 56
Calculating FR metrics for image 57
Calculating FR metrics for image 58
Calculating FR metrics for image 59
Calculating FR metrics for image 60
Calculating FR metrics for image 61
Calculating FR metrics for image 62
Calculating FR metrics for image 63
Calculating FR metrics for image 64
Calculating FR metrics for image 65
Calculating FR metrics for image 66
Calculating FR metrics for image 67
Calculating NR metrics for image 0
Calculating NR metrics for image 1
Calculating NR metrics for image 2
/home/mvanderbrugge/.conda/envs/photoacoustic-env/lib/python3.9/site-packages/numpy/core/fromnumeric.py:3464: RuntimeWarning: Mean of empty slice.
  return _methods._mean(a, axis=axis, dtype=dtype,
/home/mvanderbrugge/.conda/envs/photoacoustic-env/lib/python3.9/site-packages/numpy/core/_methods.py:192: RuntimeWarning: invalid value encountered in scalar divide
  ret = ret.dtype.type(ret / rcount)
/home/mvanderbrugge/.conda/envs/photoacoustic-env/lib/python3.9/site-packages/numpy/core/_methods.py:269: RuntimeWarning: Degrees of freedom <= 0 for slice
  ret = _var(a, axis=axis, dtype=dtype, out=out, ddof=ddof,
/home/mvanderbrugge/.conda/envs/photoacoustic-env/lib/python3.9/site-packages/numpy/core/_methods.py:226: RuntimeWarning: invalid value encountered in divide
  arrmean = um.true_divide(arrmean, div, out=arrmean,
/home/mvanderbrugge/.conda/envs/photoacoustic-env/lib/python3.9/site-packages/numpy/core/_methods.py:261: RuntimeWarning: invalid value encountered in scalar divide
  ret = ret.dtype.type(ret / rcount)
/home/mvanderbrugge/.conda/envs/photoacoustic-env/lib/python3.9/site-packages/numpy/core/fromnumeric.py:3464: RuntimeWarning: Mean of empty slice.
  return _methods._mean(a, axis=axis, dtype=dtype,
/home/mvanderbrugge/.conda/envs/photoacoustic-env/lib/python3.9/site-packages/numpy/core/_methods.py:192: RuntimeWarning: invalid value encountered in scalar divide
  ret = ret.dtype.type(ret / rcount)
/home/mvanderbrugge/.conda/envs/photoacoustic-env/lib/python3.9/site-packages/numpy/core/_methods.py:269: RuntimeWarning: Degrees of freedom <= 0 for slice
  ret = _var(a, axis=axis, dtype=dtype, out=out, ddof=ddof,
/home/mvanderbrugge/.conda/envs/photoacoustic-env/lib/python3.9/site-packages/numpy/core/_methods.py:226: RuntimeWarning: invalid value encountered in divide
  arrmean = um.true_divide(arrmean, div, out=arrmean,
/home/mvanderbrugge/.conda/envs/photoacoustic-env/lib/python3.9/site-packages/numpy/core/_methods.py:261: RuntimeWarning: invalid value encountered in scalar divide
  ret = ret.dtype.type(ret / rcount)
/home/mvanderbrugge/.conda/envs/photoacoustic-env/lib/python3.9/site-packages/numpy/core/fromnumeric.py:3464: RuntimeWarning: Mean of empty slice.
  return _methods._mean(a, axis=axis, dtype=dtype,
/home/mvanderbrugge/.conda/envs/photoacoustic-env/lib/python3.9/site-packages/numpy/core/_methods.py:192: RuntimeWarning: invalid value encountered in scalar divide
  ret = ret.dtype.type(ret / rcount)
/home/mvanderbrugge/.conda/envs/photoacoustic-env/lib/python3.9/site-packages/numpy/core/_methods.py:269: RuntimeWarning: Degrees of freedom <= 0 for slice
  ret = _var(a, axis=axis, dtype=dtype, out=out, ddof=ddof,
/home/mvanderbrugge/.conda/envs/photoacoustic-env/lib/python3.9/site-packages/numpy/core/_methods.py:226: RuntimeWarning: invalid value encountered in divide
  arrmean = um.true_divide(arrmean, div, out=arrmean,
/home/mvanderbrugge/.conda/envs/photoacoustic-env/lib/python3.9/site-packages/numpy/core/_methods.py:261: RuntimeWarning: invalid value encountered in scalar divide
  ret = ret.dtype.type(ret / rcount)
Calculating NR metrics for image 3
Calculating NR metrics for image 4
Calculating NR metrics for image 5
Calculating NR metrics for image 6
Calculating NR metrics for image 7
Calculating NR metrics for image 8
Calculating NR metrics for image 9
Calculating NR metrics for image 10
Calculating NR metrics for image 11
Calculating NR metrics for image 12
Calculating NR metrics for image 13
Calculating NR metrics for image 14
Calculating NR metrics for image 15
Calculating NR metrics for image 16
Calculating NR metrics for image 17
Calculating NR metrics for image 18
Calculating NR metrics for image 19
Calculating NR metrics for image 20
Calculating NR metrics for image 21
Calculating NR metrics for image 22
Calculating NR metrics for image 23
Calculating NR metrics for image 24
Calculating NR metrics for image 25
Calculating NR metrics for image 26
Calculating NR metrics for image 27
Calculating NR metrics for image 28
Calculating NR metrics for image 29
Calculating NR metrics for image 30
Calculating NR metrics for image 31
Calculating NR metrics for image 32
Calculating NR metrics for image 33
Calculating NR metrics for image 34
Calculating NR metrics for image 35
Calculating NR metrics for image 36
Calculating NR metrics for image 37
Calculating NR metrics for image 38
Calculating NR metrics for image 39
Calculating NR metrics for image 40
Calculating NR metrics for image 41
Calculating NR metrics for image 42
Calculating NR metrics for image 43
Calculating NR metrics for image 44
Calculating NR metrics for image 45
Calculating NR metrics for image 46
Calculating NR metrics for image 47
Calculating NR metrics for image 48
Calculating NR metrics for image 49
Calculating NR metrics for image 50
Calculating NR metrics for image 51
Calculating NR metrics for image 52
Calculating NR metrics for image 53
Calculating NR metrics for image 54
Calculating NR metrics for image 55
Calculating NR metrics for image 56
Calculating NR metrics for image 57
Calculating NR metrics for image 58
Calculating NR metrics for image 59
Calculating NR metrics for image 60
Calculating NR metrics for image 61
Calculating NR metrics for image 62
Calculating NR metrics for image 63
Calculating NR metrics for image 64
Calculating NR metrics for image 65
Calculating NR metrics for image 66
Calculating NR metrics for image 67
Processing dataset=pa_experiment_data, category=SmallAnimal, config=PA2, ground truth=PA1.png
Cropped the images
Cropped the images
Cropped the images
Cropped the images
Cropped the images
Cropped the images
Cropped the images
Cropped the images
Cropped the images
Cropped the images
Cropped the images
Cropped the images
Cropped the images
Cropped the images
Cropped the images
Cropped the images
Cropped the images
Cropped the images
Cropped the images
Cropped the images
Cropped the images
Cropped the images
Cropped the images
Cropped the images
Cropped the images
Cropped the images
Stacked the images
Going to calculate metrics
Number of images: 26
Calculating FR metrics for image 0
Calculating FR metrics for image 1
Calculating FR metrics for image 2
Calculating FR metrics for image 3
Calculating FR metrics for image 4
Calculating FR metrics for image 5
Calculating FR metrics for image 6
Calculating FR metrics for image 7
Calculating FR metrics for image 8
Calculating FR metrics for image 9
Calculating FR metrics for image 10
Calculating FR metrics for image 11
Calculating FR metrics for image 12
Calculating FR metrics for image 13
Calculating FR metrics for image 14
Calculating FR metrics for image 15
Calculating FR metrics for image 16
Calculating FR metrics for image 17
Calculating FR metrics for image 18
Calculating FR metrics for image 19
Calculating FR metrics for image 20
Calculating FR metrics for image 21
Calculating FR metrics for image 22
Calculating FR metrics for image 23
Calculating FR metrics for image 24
Calculating FR metrics for image 25
Calculating NR metrics for image 0
Calculating NR metrics for image 1
Calculating NR metrics for image 2
Calculating NR metrics for image 3
Calculating NR metrics for image 4
Calculating NR metrics for image 5
Calculating NR metrics for image 6
Calculating NR metrics for image 7
Calculating NR metrics for image 8
Calculating NR metrics for image 9
Calculating NR metrics for image 10
Calculating NR metrics for image 11
Calculating NR metrics for image 12
Calculating NR metrics for image 13
Calculating NR metrics for image 14
Calculating NR metrics for image 15
Calculating NR metrics for image 16
Calculating NR metrics for image 17
Calculating NR metrics for image 18
Calculating NR metrics for image 19
Calculating NR metrics for image 20
Calculating NR metrics for image 21
Calculating NR metrics for image 22
Calculating NR metrics for image 23
Calculating NR metrics for image 24
Calculating NR metrics for image 25
Processing dataset=pa_experiment_data, category=SmallAnimal, config=PA3, ground truth=PA1.png
Cropped the images
Cropped the images
Cropped the images
Cropped the images
Cropped the images
Cropped the images
Cropped the images
Cropped the images
Cropped the images
Cropped the images
Cropped the images
Cropped the images
Cropped the images
Cropped the images
Cropped the images
Cropped the images
Cropped the images
Cropped the images
Cropped the images
Cropped the images
Cropped the images
Cropped the images
Cropped the images
Cropped the images
Cropped the images
Cropped the images
Stacked the images
Going to calculate metrics
Number of images: 26
Calculating FR metrics for image 0
Calculating FR metrics for image 1
Calculating FR metrics for image 2
Calculating FR metrics for image 3
Calculating FR metrics for image 4
Calculating FR metrics for image 5
Calculating FR metrics for image 6
Calculating FR metrics for image 7
Calculating FR metrics for image 8
Calculating FR metrics for image 9
Calculating FR metrics for image 10
Calculating FR metrics for image 11
Calculating FR metrics for image 12
Calculating FR metrics for image 13
Calculating FR metrics for image 14
Calculating FR metrics for image 15
Calculating FR metrics for image 16
Calculating FR metrics for image 17
Calculating FR metrics for image 18
Calculating FR metrics for image 19
Calculating FR metrics for image 20
Calculating FR metrics for image 21
Calculating FR metrics for image 22
Calculating FR metrics for image 23
Calculating FR metrics for image 24
Calculating FR metrics for image 25
Calculating NR metrics for image 0
Calculating NR metrics for image 1
Calculating NR metrics for image 2
Calculating NR metrics for image 3
Calculating NR metrics for image 4
Calculating NR metrics for image 5
Calculating NR metrics for image 6
Calculating NR metrics for image 7
Calculating NR metrics for image 8
Calculating NR metrics for image 9
Calculating NR metrics for image 10
Calculating NR metrics for image 11
Calculating NR metrics for image 12
Calculating NR metrics for image 13
Calculating NR metrics for image 14
Calculating NR metrics for image 15
Calculating NR metrics for image 16
Calculating NR metrics for image 17
Calculating NR metrics for image 18
Calculating NR metrics for image 19
Calculating NR metrics for image 20
Calculating NR metrics for image 21
Calculating NR metrics for image 22
Calculating NR metrics for image 23
Calculating NR metrics for image 24
Calculating NR metrics for image 25
Processing dataset=pa_experiment_data, category=SmallAnimal, config=PA4, ground truth=PA1.png
Cropped the images
Cropped the images
Cropped the images
Cropped the images
Cropped the images
Cropped the images
Cropped the images
Cropped the images
Cropped the images
Cropped the images
Cropped the images
Cropped the images
Cropped the images
Cropped the images
Cropped the images
Cropped the images
Cropped the images
Cropped the images
Cropped the images
Cropped the images
Cropped the images
Cropped the images
Cropped the images
Cropped the images
Cropped the images
Cropped the images
Stacked the images
Going to calculate metrics
Number of images: 26
Calculating FR metrics for image 0
Calculating FR metrics for image 1
Calculating FR metrics for image 2
Calculating FR metrics for image 3
Calculating FR metrics for image 4
/home/mvanderbrugge/.conda/envs/photoacoustic-env/lib/python3.9/site-packages/numpy/core/fromnumeric.py:3464: RuntimeWarning: Mean of empty slice.
  return _methods._mean(a, axis=axis, dtype=dtype,
/home/mvanderbrugge/.conda/envs/photoacoustic-env/lib/python3.9/site-packages/numpy/core/_methods.py:192: RuntimeWarning: invalid value encountered in scalar divide
  ret = ret.dtype.type(ret / rcount)
/home/mvanderbrugge/.conda/envs/photoacoustic-env/lib/python3.9/site-packages/numpy/core/_methods.py:269: RuntimeWarning: Degrees of freedom <= 0 for slice
  ret = _var(a, axis=axis, dtype=dtype, out=out, ddof=ddof,
/home/mvanderbrugge/.conda/envs/photoacoustic-env/lib/python3.9/site-packages/numpy/core/_methods.py:226: RuntimeWarning: invalid value encountered in divide
  arrmean = um.true_divide(arrmean, div, out=arrmean,
/home/mvanderbrugge/.conda/envs/photoacoustic-env/lib/python3.9/site-packages/numpy/core/_methods.py:261: RuntimeWarning: invalid value encountered in scalar divide
  ret = ret.dtype.type(ret / rcount)
/home/mvanderbrugge/.conda/envs/photoacoustic-env/lib/python3.9/site-packages/numpy/core/fromnumeric.py:3464: RuntimeWarning: Mean of empty slice.
  return _methods._mean(a, axis=axis, dtype=dtype,
/home/mvanderbrugge/.conda/envs/photoacoustic-env/lib/python3.9/site-packages/numpy/core/_methods.py:192: RuntimeWarning: invalid value encountered in scalar divide
  ret = ret.dtype.type(ret / rcount)
/home/mvanderbrugge/.conda/envs/photoacoustic-env/lib/python3.9/site-packages/numpy/core/_methods.py:269: RuntimeWarning: Degrees of freedom <= 0 for slice
  ret = _var(a, axis=axis, dtype=dtype, out=out, ddof=ddof,
/home/mvanderbrugge/.conda/envs/photoacoustic-env/lib/python3.9/site-packages/numpy/core/_methods.py:226: RuntimeWarning: invalid value encountered in divide
  arrmean = um.true_divide(arrmean, div, out=arrmean,
/home/mvanderbrugge/.conda/envs/photoacoustic-env/lib/python3.9/site-packages/numpy/core/_methods.py:261: RuntimeWarning: invalid value encountered in scalar divide
  ret = ret.dtype.type(ret / rcount)
/home/mvanderbrugge/.conda/envs/photoacoustic-env/lib/python3.9/site-packages/numpy/core/fromnumeric.py:3464: RuntimeWarning: Mean of empty slice.
  return _methods._mean(a, axis=axis, dtype=dtype,
/home/mvanderbrugge/.conda/envs/photoacoustic-env/lib/python3.9/site-packages/numpy/core/_methods.py:192: RuntimeWarning: invalid value encountered in scalar divide
  ret = ret.dtype.type(ret / rcount)
/home/mvanderbrugge/.conda/envs/photoacoustic-env/lib/python3.9/site-packages/numpy/core/_methods.py:269: RuntimeWarning: Degrees of freedom <= 0 for slice
  ret = _var(a, axis=axis, dtype=dtype, out=out, ddof=ddof,
/home/mvanderbrugge/.conda/envs/photoacoustic-env/lib/python3.9/site-packages/numpy/core/_methods.py:226: RuntimeWarning: invalid value encountered in divide
  arrmean = um.true_divide(arrmean, div, out=arrmean,
/home/mvanderbrugge/.conda/envs/photoacoustic-env/lib/python3.9/site-packages/numpy/core/_methods.py:261: RuntimeWarning: invalid value encountered in scalar divide
  ret = ret.dtype.type(ret / rcount)
Calculating FR metrics for image 5
Calculating FR metrics for image 6
Calculating FR metrics for image 7
Calculating FR metrics for image 8
Calculating FR metrics for image 9
Calculating FR metrics for image 10
Calculating FR metrics for image 11
Calculating FR metrics for image 12
Calculating FR metrics for image 13
Calculating FR metrics for image 14
Calculating FR metrics for image 15
Calculating FR metrics for image 16
Calculating FR metrics for image 17
Calculating FR metrics for image 18
Calculating FR metrics for image 19
Calculating FR metrics for image 20
Calculating FR metrics for image 21
Calculating FR metrics for image 22
Calculating FR metrics for image 23
Calculating FR metrics for image 24
Calculating FR metrics for image 25
Calculating NR metrics for image 0
Calculating NR metrics for image 1
Calculating NR metrics for image 2
Calculating NR metrics for image 3
Calculating NR metrics for image 4
Calculating NR metrics for image 5
Calculating NR metrics for image 6
Calculating NR metrics for image 7
Calculating NR metrics for image 8
Calculating NR metrics for image 9
Calculating NR metrics for image 10
Calculating NR metrics for image 11
Calculating NR metrics for image 12
Calculating NR metrics for image 13
Calculating NR metrics for image 14
Calculating NR metrics for image 15
Calculating NR metrics for image 16
Calculating NR metrics for image 17
Calculating NR metrics for image 18
Calculating NR metrics for image 19
Calculating NR metrics for image 20
Calculating NR metrics for image 21
Calculating NR metrics for image 22
Calculating NR metrics for image 23
Calculating NR metrics for image 24
Calculating NR metrics for image 25
Processing dataset=pa_experiment_data, category=SmallAnimal, config=PA5, ground truth=PA1.png
Cropped the images
Cropped the images
Cropped the images
Cropped the images
Cropped the images
Cropped the images
Cropped the images
Cropped the images
Cropped the images
Cropped the images
Cropped the images
Cropped the images
Cropped the images
Cropped the images
Cropped the images
Cropped the images
Cropped the images
Cropped the images
Cropped the images
Cropped the images
Cropped the images
Cropped the images
Cropped the images
Cropped the images
Cropped the images
Cropped the images
Stacked the images
Going to calculate metrics
Number of images: 26
Calculating FR metrics for image 0
Calculating FR metrics for image 1
Calculating FR metrics for image 2
Calculating FR metrics for image 3
Calculating FR metrics for image 4
Calculating FR metrics for image 5
Calculating FR metrics for image 6
Calculating FR metrics for image 7
Calculating FR metrics for image 8
Calculating FR metrics for image 9
Calculating FR metrics for image 10
Calculating FR metrics for image 11
Calculating FR metrics for image 12
Calculating FR metrics for image 13
Calculating FR metrics for image 14
Calculating FR metrics for image 15
Calculating FR metrics for image 16
Calculating FR metrics for image 17
Calculating FR metrics for image 18
Calculating FR metrics for image 19
Calculating FR metrics for image 20
Calculating FR metrics for image 21
Calculating FR metrics for image 22
Calculating FR metrics for image 23
Calculating FR metrics for image 24
Calculating FR metrics for image 25
Calculating NR metrics for image 0
Calculating NR metrics for image 1
Calculating NR metrics for image 2
Calculating NR metrics for image 3
Calculating NR metrics for image 4
Calculating NR metrics for image 5
Calculating NR metrics for image 6
Calculating NR metrics for image 7
Calculating NR metrics for image 8
Calculating NR metrics for image 9
Calculating NR metrics for image 10
Calculating NR metrics for image 11
Calculating NR metrics for image 12
Calculating NR metrics for image 13
Calculating NR metrics for image 14
Calculating NR metrics for image 15
Calculating NR metrics for image 16
Calculating NR metrics for image 17
Calculating NR metrics for image 18
Calculating NR metrics for image 19
Calculating NR metrics for image 20
Calculating NR metrics for image 21
Calculating NR metrics for image 22
Calculating NR metrics for image 23
Calculating NR metrics for image 24
Calculating NR metrics for image 25
Processing dataset=pa_experiment_data, category=SmallAnimal, config=PA6, ground truth=PA1.png
Cropped the images
Cropped the images
Cropped the images
Cropped the images
Cropped the images
Cropped the images
Cropped the images
Cropped the images
Cropped the images
Cropped the images
Cropped the images
Cropped the images
Cropped the images
Cropped the images
Cropped the images
Cropped the images
Cropped the images
Cropped the images
Cropped the images
Cropped the images
Cropped the images
Cropped the images
Cropped the images
Cropped the images
Cropped the images
Cropped the images
Stacked the images
Going to calculate metrics
Number of images: 26
Calculating FR metrics for image 0
Calculating FR metrics for image 1
Calculating FR metrics for image 2
Calculating FR metrics for image 3
Calculating FR metrics for image 4
Calculating FR metrics for image 5
Calculating FR metrics for image 6
Calculating FR metrics for image 7
Calculating FR metrics for image 8
Calculating FR metrics for image 9
Calculating FR metrics for image 10
Calculating FR metrics for image 11
Calculating FR metrics for image 12
Calculating FR metrics for image 13
Calculating FR metrics for image 14
Calculating FR metrics for image 15
Calculating FR metrics for image 16
Calculating FR metrics for image 17
Calculating FR metrics for image 18
Calculating FR metrics for image 19
Calculating FR metrics for image 20
Calculating FR metrics for image 21
Calculating FR metrics for image 22
Calculating FR metrics for image 23
Calculating FR metrics for image 24
Calculating FR metrics for image 25
Calculating NR metrics for image 0
Calculating NR metrics for image 1
Calculating NR metrics for image 2
Calculating NR metrics for image 3
Calculating NR metrics for image 4
Calculating NR metrics for image 5
Calculating NR metrics for image 6
Calculating NR metrics for image 7
Calculating NR metrics for image 8
Calculating NR metrics for image 9
Calculating NR metrics for image 10
Calculating NR metrics for image 11
Calculating NR metrics for image 12
Calculating NR metrics for image 13
Calculating NR metrics for image 14
Calculating NR metrics for image 15
Calculating NR metrics for image 16
Calculating NR metrics for image 17
Calculating NR metrics for image 18
Calculating NR metrics for image 19
Calculating NR metrics for image 20
Calculating NR metrics for image 21
Calculating NR metrics for image 22
Calculating NR metrics for image 23
Calculating NR metrics for image 24
Calculating NR metrics for image 25
Processing dataset=pa_experiment_data, category=SmallAnimal, config=PA7, ground truth=PA1.png
Cropped the images
Cropped the images
Cropped the images
Cropped the images
Cropped the images
Cropped the images
Cropped the images
Cropped the images
Cropped the images
Cropped the images
Cropped the images
Cropped the images
Cropped the images
Cropped the images
Cropped the images
Missing PA7.png in Tumor_Rf_110720_005914. Skipping...
Cropped the images
Cropped the images
Cropped the images
Cropped the images
Cropped the images
Cropped the images
Cropped the images
Cropped the images
Cropped the images
Cropped the images
Stacked the images
Going to calculate metrics
Number of images: 25
Calculating FR metrics for image 0
Calculating FR metrics for image 1
Calculating FR metrics for image 2
Calculating FR metrics for image 3
Calculating FR metrics for image 4
Calculating FR metrics for image 5
Calculating FR metrics for image 6
Calculating FR metrics for image 7
Calculating FR metrics for image 8
Calculating FR metrics for image 9
Calculating FR metrics for image 10
Calculating FR metrics for image 11
Calculating FR metrics for image 12
Calculating FR metrics for image 13
Calculating FR metrics for image 14
Calculating FR metrics for image 15
Calculating FR metrics for image 16
Calculating FR metrics for image 17
Calculating FR metrics for image 18
Calculating FR metrics for image 19
Calculating FR metrics for image 20
Calculating FR metrics for image 21
/home/mvanderbrugge/.conda/envs/photoacoustic-env/lib/python3.9/site-packages/numpy/core/fromnumeric.py:3464: RuntimeWarning: Mean of empty slice.
  return _methods._mean(a, axis=axis, dtype=dtype,
/home/mvanderbrugge/.conda/envs/photoacoustic-env/lib/python3.9/site-packages/numpy/core/_methods.py:192: RuntimeWarning: invalid value encountered in scalar divide
  ret = ret.dtype.type(ret / rcount)
/home/mvanderbrugge/.conda/envs/photoacoustic-env/lib/python3.9/site-packages/numpy/core/_methods.py:269: RuntimeWarning: Degrees of freedom <= 0 for slice
  ret = _var(a, axis=axis, dtype=dtype, out=out, ddof=ddof,
/home/mvanderbrugge/.conda/envs/photoacoustic-env/lib/python3.9/site-packages/numpy/core/_methods.py:226: RuntimeWarning: invalid value encountered in divide
  arrmean = um.true_divide(arrmean, div, out=arrmean,
/home/mvanderbrugge/.conda/envs/photoacoustic-env/lib/python3.9/site-packages/numpy/core/_methods.py:261: RuntimeWarning: invalid value encountered in scalar divide
  ret = ret.dtype.type(ret / rcount)
/home/mvanderbrugge/.conda/envs/photoacoustic-env/lib/python3.9/site-packages/numpy/core/fromnumeric.py:3464: RuntimeWarning: Mean of empty slice.
  return _methods._mean(a, axis=axis, dtype=dtype,
/home/mvanderbrugge/.conda/envs/photoacoustic-env/lib/python3.9/site-packages/numpy/core/_methods.py:192: RuntimeWarning: invalid value encountered in scalar divide
  ret = ret.dtype.type(ret / rcount)
/home/mvanderbrugge/.conda/envs/photoacoustic-env/lib/python3.9/site-packages/numpy/core/_methods.py:269: RuntimeWarning: Degrees of freedom <= 0 for slice
  ret = _var(a, axis=axis, dtype=dtype, out=out, ddof=ddof,
/home/mvanderbrugge/.conda/envs/photoacoustic-env/lib/python3.9/site-packages/numpy/core/_methods.py:226: RuntimeWarning: invalid value encountered in divide
  arrmean = um.true_divide(arrmean, div, out=arrmean,
/home/mvanderbrugge/.conda/envs/photoacoustic-env/lib/python3.9/site-packages/numpy/core/_methods.py:261: RuntimeWarning: invalid value encountered in scalar divide
  ret = ret.dtype.type(ret / rcount)
/home/mvanderbrugge/.conda/envs/photoacoustic-env/lib/python3.9/site-packages/numpy/core/fromnumeric.py:3464: RuntimeWarning: Mean of empty slice.
  return _methods._mean(a, axis=axis, dtype=dtype,
/home/mvanderbrugge/.conda/envs/photoacoustic-env/lib/python3.9/site-packages/numpy/core/_methods.py:192: RuntimeWarning: invalid value encountered in scalar divide
  ret = ret.dtype.type(ret / rcount)
/home/mvanderbrugge/.conda/envs/photoacoustic-env/lib/python3.9/site-packages/numpy/core/_methods.py:269: RuntimeWarning: Degrees of freedom <= 0 for slice
  ret = _var(a, axis=axis, dtype=dtype, out=out, ddof=ddof,
/home/mvanderbrugge/.conda/envs/photoacoustic-env/lib/python3.9/site-packages/numpy/core/_methods.py:226: RuntimeWarning: invalid value encountered in divide
  arrmean = um.true_divide(arrmean, div, out=arrmean,
/home/mvanderbrugge/.conda/envs/photoacoustic-env/lib/python3.9/site-packages/numpy/core/_methods.py:261: RuntimeWarning: invalid value encountered in scalar divide
  ret = ret.dtype.type(ret / rcount)
/home/mvanderbrugge/.conda/envs/photoacoustic-env/lib/python3.9/site-packages/numpy/core/fromnumeric.py:3464: RuntimeWarning: Mean of empty slice.
  return _methods._mean(a, axis=axis, dtype=dtype,
/home/mvanderbrugge/.conda/envs/photoacoustic-env/lib/python3.9/site-packages/numpy/core/_methods.py:192: RuntimeWarning: invalid value encountered in scalar divide
  ret = ret.dtype.type(ret / rcount)
/home/mvanderbrugge/.conda/envs/photoacoustic-env/lib/python3.9/site-packages/numpy/core/_methods.py:269: RuntimeWarning: Degrees of freedom <= 0 for slice
  ret = _var(a, axis=axis, dtype=dtype, out=out, ddof=ddof,
/home/mvanderbrugge/.conda/envs/photoacoustic-env/lib/python3.9/site-packages/numpy/core/_methods.py:226: RuntimeWarning: invalid value encountered in divide
  arrmean = um.true_divide(arrmean, div, out=arrmean,
/home/mvanderbrugge/.conda/envs/photoacoustic-env/lib/python3.9/site-packages/numpy/core/_methods.py:261: RuntimeWarning: invalid value encountered in scalar divide
  ret = ret.dtype.type(ret / rcount)
/home/mvanderbrugge/.conda/envs/photoacoustic-env/lib/python3.9/site-packages/numpy/core/fromnumeric.py:3464: RuntimeWarning: Mean of empty slice.
  return _methods._mean(a, axis=axis, dtype=dtype,
/home/mvanderbrugge/.conda/envs/photoacoustic-env/lib/python3.9/site-packages/numpy/core/_methods.py:192: RuntimeWarning: invalid value encountered in scalar divide
  ret = ret.dtype.type(ret / rcount)
/home/mvanderbrugge/.conda/envs/photoacoustic-env/lib/python3.9/site-packages/numpy/core/_methods.py:269: RuntimeWarning: Degrees of freedom <= 0 for slice
  ret = _var(a, axis=axis, dtype=dtype, out=out, ddof=ddof,
/home/mvanderbrugge/.conda/envs/photoacoustic-env/lib/python3.9/site-packages/numpy/core/_methods.py:226: RuntimeWarning: invalid value encountered in divide
  arrmean = um.true_divide(arrmean, div, out=arrmean,
/home/mvanderbrugge/.conda/envs/photoacoustic-env/lib/python3.9/site-packages/numpy/core/_methods.py:261: RuntimeWarning: invalid value encountered in scalar divide
  ret = ret.dtype.type(ret / rcount)
/home/mvanderbrugge/.conda/envs/photoacoustic-env/lib/python3.9/site-packages/numpy/core/fromnumeric.py:3464: RuntimeWarning: Mean of empty slice.
  return _methods._mean(a, axis=axis, dtype=dtype,
/home/mvanderbrugge/.conda/envs/photoacoustic-env/lib/python3.9/site-packages/numpy/core/_methods.py:192: RuntimeWarning: invalid value encountered in scalar divide
  ret = ret.dtype.type(ret / rcount)
/home/mvanderbrugge/.conda/envs/photoacoustic-env/lib/python3.9/site-packages/numpy/core/_methods.py:269: RuntimeWarning: Degrees of freedom <= 0 for slice
  ret = _var(a, axis=axis, dtype=dtype, out=out, ddof=ddof,
/home/mvanderbrugge/.conda/envs/photoacoustic-env/lib/python3.9/site-packages/numpy/core/_methods.py:226: RuntimeWarning: invalid value encountered in divide
  arrmean = um.true_divide(arrmean, div, out=arrmean,
/home/mvanderbrugge/.conda/envs/photoacoustic-env/lib/python3.9/site-packages/numpy/core/_methods.py:261: RuntimeWarning: invalid value encountered in scalar divide
  ret = ret.dtype.type(ret / rcount)
/home/mvanderbrugge/.conda/envs/photoacoustic-env/lib/python3.9/site-packages/numpy/core/fromnumeric.py:3464: RuntimeWarning: Mean of empty slice.
  return _methods._mean(a, axis=axis, dtype=dtype,
/home/mvanderbrugge/.conda/envs/photoacoustic-env/lib/python3.9/site-packages/numpy/core/_methods.py:192: RuntimeWarning: invalid value encountered in scalar divide
  ret = ret.dtype.type(ret / rcount)
/home/mvanderbrugge/.conda/envs/photoacoustic-env/lib/python3.9/site-packages/numpy/core/_methods.py:269: RuntimeWarning: Degrees of freedom <= 0 for slice
  ret = _var(a, axis=axis, dtype=dtype, out=out, ddof=ddof,
/home/mvanderbrugge/.conda/envs/photoacoustic-env/lib/python3.9/site-packages/numpy/core/_methods.py:226: RuntimeWarning: invalid value encountered in divide
  arrmean = um.true_divide(arrmean, div, out=arrmean,
/home/mvanderbrugge/.conda/envs/photoacoustic-env/lib/python3.9/site-packages/numpy/core/_methods.py:261: RuntimeWarning: invalid value encountered in scalar divide
  ret = ret.dtype.type(ret / rcount)
Calculating FR metrics for image 22
Calculating FR metrics for image 23
Calculating FR metrics for image 24
Calculating NR metrics for image 0
Calculating NR metrics for image 1
Calculating NR metrics for image 2
Calculating NR metrics for image 3
Calculating NR metrics for image 4
Calculating NR metrics for image 5
Calculating NR metrics for image 6
Calculating NR metrics for image 7
Calculating NR metrics for image 8
Calculating NR metrics for image 9
Calculating NR metrics for image 10
Calculating NR metrics for image 11
Calculating NR metrics for image 12
Calculating NR metrics for image 13
Calculating NR metrics for image 14
Calculating NR metrics for image 15
Calculating NR metrics for image 16
Calculating NR metrics for image 17
Calculating NR metrics for image 18
Calculating NR metrics for image 19
Calculating NR metrics for image 20
Calculating NR metrics for image 21
Calculating NR metrics for image 22
Calculating NR metrics for image 23
Calculating NR metrics for image 24
Processing dataset=pa_experiment_data, category=Transducers, config=PA2, ground truth=PA1.png
Cropped the images
Cropped the images
Cropped the images
Cropped the images
Stacked the images
Going to calculate metrics
Number of images: 4
Calculating FR metrics for image 0
Calculating FR metrics for image 1
Calculating FR metrics for image 2
Calculating FR metrics for image 3
Calculating NR metrics for image 0
Calculating NR metrics for image 1
Calculating NR metrics for image 2
Calculating NR metrics for image 3
Processing dataset=pa_experiment_data, category=Transducers, config=PA3, ground truth=PA1.png
Cropped the images
Cropped the images
Cropped the images
Cropped the images
Stacked the images
Going to calculate metrics
Number of images: 4
Calculating FR metrics for image 0
Calculating FR metrics for image 1
Calculating FR metrics for image 2
Calculating FR metrics for image 3
Calculating NR metrics for image 0
Calculating NR metrics for image 1
Calculating NR metrics for image 2
Calculating NR metrics for image 3
Processing dataset=pa_experiment_data, category=Transducers, config=PA4, ground truth=PA1.png
Cropped the images
Cropped the images
Cropped the images
Cropped the images
Stacked the images
Going to calculate metrics
Number of images: 4
Calculating FR metrics for image 0
Calculating FR metrics for image 1
Calculating FR metrics for image 2
Calculating FR metrics for image 3
Calculating NR metrics for image 0
Calculating NR metrics for image 1
Calculating NR metrics for image 2
Calculating NR metrics for image 3
Processing dataset=pa_experiment_data, category=Transducers, config=PA5, ground truth=PA1.png
Cropped the images
Cropped the images
Cropped the images
Cropped the images
Stacked the images
Going to calculate metrics
Number of images: 4
Calculating FR metrics for image 0
Calculating FR metrics for image 1
Calculating FR metrics for image 2
Calculating FR metrics for image 3
Calculating NR metrics for image 0
Calculating NR metrics for image 1
Calculating NR metrics for image 2
Calculating NR metrics for image 3
Processing dataset=pa_experiment_data, category=Transducers, config=PA6, ground truth=PA1.png
Cropped the images
Cropped the images
Cropped the images
Cropped the images
Stacked the images
Going to calculate metrics
Number of images: 4
Calculating FR metrics for image 0
Calculating FR metrics for image 1
Calculating FR metrics for image 2
Calculating FR metrics for image 3
Calculating NR metrics for image 0
Calculating NR metrics for image 1
Calculating NR metrics for image 2
Calculating NR metrics for image 3
Processing dataset=pa_experiment_data, category=Transducers, config=PA7, ground truth=PA1.png
Missing PA7.png in 9MHz_Rf_121120_014301_9MHz_1. Skipping...
Cropped the images
Cropped the images
Cropped the images
Stacked the images
Going to calculate metrics
Number of images: 3
Calculating FR metrics for image 0
Calculating FR metrics for image 1
Calculating FR metrics for image 2
Calculating NR metrics for image 0
Calculating NR metrics for image 1
Calculating NR metrics for image 2
Results saved progressively to: results/pa_experiment_data/pa_experiment_data_results_2025-03-04_20-27-18.txt

JOB STATISTICS
==============
Job ID: 10303158
Cluster: snellius
User/Group: mvanderbrugge/mvanderbrugge
State: RUNNING
Nodes: 1
Cores per node: 18
CPU Utilized: 00:00:04
CPU Efficiency: 0.01% of 10:57:00 core-walltime
Job Wall-clock time: 00:36:30
Memory Utilized: 1.53 MB
Memory Efficiency: 0.00% of 120.00 GB
WARNING: Efficiency statistics may be misleading for RUNNING jobs.
