============================================================================================== 
Warning! Mixing Conda and module environments may lead to corruption of the
user environment. 
We do not recommend users mixing those two environments unless absolutely
necessary. Note that 
SURF does not provide any support for Conda environment.
For more information, please refer to our software policy page:
https://servicedesk.surf.nl/wiki/display/WIKI/Software+policy+Snellius#SoftwarepolicySnellius-UseofAnacondaandMinicondaenvironmentsonSnellius 

Remember that many packages have already been installed on the system and can
be loaded using 
the 'module load <package__name>' command. If you are uncertain if a package is
already available 
on the system, please use 'module avail' or 'module spider' to search for it.
============================================================================================== 
Checking whether the GPU is available
Traceback (most recent call last):
  File "<string>", line 1, in <module>
ModuleNotFoundError: No module named 'torch'
srun: error: gcn23: task 0: Exited with exit code 1
srun: Terminating StepId=10183337.0
Starting main.py...
/home/mvanderbrugge/.conda/envs/photoacoustic-env/lib/python3.9/site-packages/numpy/core/fromnumeric.py:3464: RuntimeWarning: Mean of empty slice.
  return _methods._mean(a, axis=axis, dtype=dtype,
/home/mvanderbrugge/.conda/envs/photoacoustic-env/lib/python3.9/site-packages/numpy/core/_methods.py:192: RuntimeWarning: invalid value encountered in scalar divide
  ret = ret.dtype.type(ret / rcount)
/home/mvanderbrugge/.conda/envs/photoacoustic-env/lib/python3.9/site-packages/numpy/core/_methods.py:269: RuntimeWarning: Degrees of freedom <= 0 for slice
  ret = _var(a, axis=axis, dtype=dtype, out=out, ddof=ddof,
/home/mvanderbrugge/.conda/envs/photoacoustic-env/lib/python3.9/site-packages/numpy/core/_methods.py:226: RuntimeWarning: invalid value encountered in divide
  arrmean = um.true_divide(arrmean, div, out=arrmean,
/home/mvanderbrugge/.conda/envs/photoacoustic-env/lib/python3.9/site-packages/numpy/core/_methods.py:261: RuntimeWarning: invalid value encountered in scalar divide
  ret = ret.dtype.type(ret / rcount)
/home/mvanderbrugge/.conda/envs/photoacoustic-env/lib/python3.9/site-packages/numpy/core/fromnumeric.py:3464: RuntimeWarning: Mean of empty slice.
  return _methods._mean(a, axis=axis, dtype=dtype,
/home/mvanderbrugge/.conda/envs/photoacoustic-env/lib/python3.9/site-packages/numpy/core/_methods.py:192: RuntimeWarning: invalid value encountered in scalar divide
  ret = ret.dtype.type(ret / rcount)
/home/mvanderbrugge/.conda/envs/photoacoustic-env/lib/python3.9/site-packages/numpy/core/_methods.py:269: RuntimeWarning: Degrees of freedom <= 0 for slice
  ret = _var(a, axis=axis, dtype=dtype, out=out, ddof=ddof,
/home/mvanderbrugge/.conda/envs/photoacoustic-env/lib/python3.9/site-packages/numpy/core/_methods.py:226: RuntimeWarning: invalid value encountered in divide
  arrmean = um.true_divide(arrmean, div, out=arrmean,
/home/mvanderbrugge/.conda/envs/photoacoustic-env/lib/python3.9/site-packages/numpy/core/_methods.py:261: RuntimeWarning: invalid value encountered in scalar divide
  ret = ret.dtype.type(ret / rcount)
/home/mvanderbrugge/.conda/envs/photoacoustic-env/lib/python3.9/site-packages/numpy/core/fromnumeric.py:3464: RuntimeWarning: Mean of empty slice.
  return _methods._mean(a, axis=axis, dtype=dtype,
/home/mvanderbrugge/.conda/envs/photoacoustic-env/lib/python3.9/site-packages/numpy/core/_methods.py:192: RuntimeWarning: invalid value encountered in scalar divide
  ret = ret.dtype.type(ret / rcount)
/home/mvanderbrugge/.conda/envs/photoacoustic-env/lib/python3.9/site-packages/numpy/core/_methods.py:269: RuntimeWarning: Degrees of freedom <= 0 for slice
  ret = _var(a, axis=axis, dtype=dtype, out=out, ddof=ddof,
/home/mvanderbrugge/.conda/envs/photoacoustic-env/lib/python3.9/site-packages/numpy/core/_methods.py:226: RuntimeWarning: invalid value encountered in divide
  arrmean = um.true_divide(arrmean, div, out=arrmean,
/home/mvanderbrugge/.conda/envs/photoacoustic-env/lib/python3.9/site-packages/numpy/core/_methods.py:261: RuntimeWarning: invalid value encountered in scalar divide
  ret = ret.dtype.type(ret / rcount)
/home/mvanderbrugge/.conda/envs/photoacoustic-env/lib/python3.9/site-packages/numpy/core/fromnumeric.py:3464: RuntimeWarning: Mean of empty slice.
  return _methods._mean(a, axis=axis, dtype=dtype,
/home/mvanderbrugge/.conda/envs/photoacoustic-env/lib/python3.9/site-packages/numpy/core/_methods.py:192: RuntimeWarning: invalid value encountered in scalar divide
  ret = ret.dtype.type(ret / rcount)
/home/mvanderbrugge/.conda/envs/photoacoustic-env/lib/python3.9/site-packages/numpy/core/_methods.py:269: RuntimeWarning: Degrees of freedom <= 0 for slice
  ret = _var(a, axis=axis, dtype=dtype, out=out, ddof=ddof,
/home/mvanderbrugge/.conda/envs/photoacoustic-env/lib/python3.9/site-packages/numpy/core/_methods.py:226: RuntimeWarning: invalid value encountered in divide
  arrmean = um.true_divide(arrmean, div, out=arrmean,
/home/mvanderbrugge/.conda/envs/photoacoustic-env/lib/python3.9/site-packages/numpy/core/_methods.py:261: RuntimeWarning: invalid value encountered in scalar divide
  ret = ret.dtype.type(ret / rcount)
/home/mvanderbrugge/.conda/envs/photoacoustic-env/lib/python3.9/site-packages/skimage/metrics/simple_metrics.py:163: RuntimeWarning: divide by zero encountered in scalar divide
  return 10 * np.log10((data_range ** 2) / err)
/home/mvanderbrugge/.conda/envs/photoacoustic-env/lib/python3.9/site-packages/numpy/core/_methods.py:236: RuntimeWarning: invalid value encountered in subtract
  x = asanyarray(arr - arrmean)
