============================================================================================== 
Warning! Mixing Conda and module environments may lead to corruption of the
user environment. 
We do not recommend users mixing those two environments unless absolutely
necessary. Note that 
SURF does not provide any support for Conda environment.
For more information, please refer to our software policy page:
https://servicedesk.surf.nl/wiki/display/WIKI/Software+policy+Snellius#SoftwarepolicySnellius-UseofAnacondaandMinicondaenvironmentsonSnellius 

Remember that many packages have already been installed on the system and can
be loaded using 
the 'module load <package__name>' command. If you are uncertain if a package is
already available 
on the system, please use 'module avail' or 'module spider' to search for it.
============================================================================================== 
Checking whether the GPU is available
GPU available? True
Starting main.py...
/home/mvanderbrugge/.conda/envs/photoacoustic-env/lib/python3.9/site-packages/numpy/core/fromnumeric.py:3464: RuntimeWarning: Mean of empty slice.
  return _methods._mean(a, axis=axis, dtype=dtype,
/home/mvanderbrugge/.conda/envs/photoacoustic-env/lib/python3.9/site-packages/numpy/core/_methods.py:192: RuntimeWarning: invalid value encountered in scalar divide
  ret = ret.dtype.type(ret / rcount)
/home/mvanderbrugge/.conda/envs/photoacoustic-env/lib/python3.9/site-packages/numpy/core/_methods.py:269: RuntimeWarning: Degrees of freedom <= 0 for slice
  ret = _var(a, axis=axis, dtype=dtype, out=out, ddof=ddof,
/home/mvanderbrugge/.conda/envs/photoacoustic-env/lib/python3.9/site-packages/numpy/core/_methods.py:226: RuntimeWarning: invalid value encountered in divide
  arrmean = um.true_divide(arrmean, div, out=arrmean,
/home/mvanderbrugge/.conda/envs/photoacoustic-env/lib/python3.9/site-packages/numpy/core/_methods.py:261: RuntimeWarning: invalid value encountered in scalar divide
  ret = ret.dtype.type(ret / rcount)
Processing dataset=SCD, config=vc,lv128_BP with ground truth=vc_BP
***** filtering *****
time elapsed: 0.31
***** normalization *****
time elapsed: 0.17
***** filtering *****
time elapsed: 0.31
***** normalization *****
time elapsed: 0.17
Going to calculate metrics
Number of images: 100
Calculating FR metrics for image 0
Calculating FR metrics for image 1
Calculating FR metrics for image 2
Calculating FR metrics for image 3
Calculating FR metrics for image 4
Calculating FR metrics for image 5
Calculating FR metrics for image 6
Calculating FR metrics for image 7
Calculating FR metrics for image 8
Calculating FR metrics for image 9
Calculating FR metrics for image 10
Calculating FR metrics for image 11
Calculating FR metrics for image 12
Calculating FR metrics for image 13
Calculating FR metrics for image 14
Calculating FR metrics for image 15
Calculating FR metrics for image 16
Calculating FR metrics for image 17
Calculating FR metrics for image 18
Calculating FR metrics for image 19
Calculating FR metrics for image 20
Calculating FR metrics for image 21
Calculating FR metrics for image 22
Calculating FR metrics for image 23
Calculating FR metrics for image 24
Calculating FR metrics for image 25
Calculating FR metrics for image 26
Calculating FR metrics for image 27
Calculating FR metrics for image 28
Calculating FR metrics for image 29
Calculating FR metrics for image 30
Calculating FR metrics for image 31
Calculating FR metrics for image 32
Calculating FR metrics for image 33
Calculating FR metrics for image 34
Calculating FR metrics for image 35
Calculating FR metrics for image 36
Calculating FR metrics for image 37
Calculating FR metrics for image 38
Calculating FR metrics for image 39
Calculating FR metrics for image 40
Calculating FR metrics for image 41
Calculating FR metrics for image 42
Calculating FR metrics for image 43
Calculating FR metrics for image 44
Calculating FR metrics for image 45
Calculating FR metrics for image 46
Calculating FR metrics for image 47
Calculating FR metrics for image 48
Calculating FR metrics for image 49
Calculating FR metrics for image 50
Calculating FR metrics for image 51
Calculating FR metrics for image 52
Calculating FR metrics for image 53
Calculating FR metrics for image 54
Calculating FR metrics for image 55
Calculating FR metrics for image 56
Calculating FR metrics for image 57
Calculating FR metrics for image 58
Calculating FR metrics for image 59
Calculating FR metrics for image 60
Calculating FR metrics for image 61
Calculating FR metrics for image 62
Calculating FR metrics for image 63
Calculating FR metrics for image 64
Calculating FR metrics for image 65
Calculating FR metrics for image 66
Calculating FR metrics for image 67
Calculating FR metrics for image 68
Calculating FR metrics for image 69
Calculating FR metrics for image 70
Calculating FR metrics for image 71
Calculating FR metrics for image 72
Calculating FR metrics for image 73
Calculating FR metrics for image 74
Calculating FR metrics for image 75
Calculating FR metrics for image 76
Calculating FR metrics for image 77
Calculating FR metrics for image 78
Calculating FR metrics for image 79
Calculating FR metrics for image 80
Calculating FR metrics for image 81
Calculating FR metrics for image 82
Calculating FR metrics for image 83
Calculating FR metrics for image 84
Calculating FR metrics for image 85
Calculating FR metrics for image 86
Calculating FR metrics for image 87
Calculating FR metrics for image 88
Calculating FR metrics for image 89
Calculating FR metrics for image 90
Calculating FR metrics for image 91
Calculating FR metrics for image 92
Calculating FR metrics for image 93
Calculating FR metrics for image 94
Calculating FR metrics for image 95
Calculating FR metrics for image 96
Calculating FR metrics for image 97
Calculating FR metrics for image 98
Calculating FR metrics for image 99
Calculating NR metrics for image 0
Calculating NR metrics for image 1
Calculating NR metrics for image 2
Calculating NR metrics for image 3
Calculating NR metrics for image 4
Calculating NR metrics for image 5
Calculating NR metrics for image 6
Calculating NR metrics for image 7
Calculating NR metrics for image 8
Calculating NR metrics for image 9
Calculating NR metrics for image 10
Calculating NR metrics for image 11
Calculating NR metrics for image 12
Calculating NR metrics for image 13
Calculating NR metrics for image 14
Calculating NR metrics for image 15
Calculating NR metrics for image 16
Calculating NR metrics for image 17
Calculating NR metrics for image 18
Calculating NR metrics for image 19
Calculating NR metrics for image 20
Calculating NR metrics for image 21
Calculating NR metrics for image 22
Calculating NR metrics for image 23
Calculating NR metrics for image 24
Calculating NR metrics for image 25
Calculating NR metrics for image 26
Calculating NR metrics for image 27
Calculating NR metrics for image 28
Calculating NR metrics for image 29
Calculating NR metrics for image 30
Calculating NR metrics for image 31
Calculating NR metrics for image 32
Calculating NR metrics for image 33
Calculating NR metrics for image 34
Calculating NR metrics for image 35
Calculating NR metrics for image 36
Calculating NR metrics for image 37
Calculating NR metrics for image 38
Calculating NR metrics for image 39
Calculating NR metrics for image 40
Calculating NR metrics for image 41
Calculating NR metrics for image 42
Calculating NR metrics for image 43
Calculating NR metrics for image 44
Calculating NR metrics for image 45
Calculating NR metrics for image 46
Calculating NR metrics for image 47
Calculating NR metrics for image 48
Calculating NR metrics for image 49
Calculating NR metrics for image 50
Calculating NR metrics for image 51
Calculating NR metrics for image 52
Calculating NR metrics for image 53
Calculating NR metrics for image 54
Calculating NR metrics for image 55
Calculating NR metrics for image 56
Calculating NR metrics for image 57
Calculating NR metrics for image 58
Calculating NR metrics for image 59
Calculating NR metrics for image 60
Calculating NR metrics for image 61
Calculating NR metrics for image 62
Calculating NR metrics for image 63
Calculating NR metrics for image 64
Calculating NR metrics for image 65
Calculating NR metrics for image 66
Calculating NR metrics for image 67
Calculating NR metrics for image 68
Calculating NR metrics for image 69
Calculating NR metrics for image 70
Calculating NR metrics for image 71
Calculating NR metrics for image 72
Calculating NR metrics for image 73
Calculating NR metrics for image 74
Calculating NR metrics for image 75
Calculating NR metrics for image 76
Calculating NR metrics for image 77
Calculating NR metrics for image 78
Calculating NR metrics for image 79
Calculating NR metrics for image 80
Calculating NR metrics for image 81
Calculating NR metrics for image 82
Calculating NR metrics for image 83
Calculating NR metrics for image 84
Calculating NR metrics for image 85
Calculating NR metrics for image 86
Calculating NR metrics for image 87
Calculating NR metrics for image 88
Calculating NR metrics for image 89
Calculating NR metrics for image 90
Calculating NR metrics for image 91
Calculating NR metrics for image 92
Calculating NR metrics for image 93
Calculating NR metrics for image 94
Calculating NR metrics for image 95
Calculating NR metrics for image 96
Calculating NR metrics for image 97
Calculating NR metrics for image 98
Calculating NR metrics for image 99
Processing dataset=SCD, config=vc,ss128_BP with ground truth=vc_BP
***** filtering *****
time elapsed: 0.36
***** normalization *****
time elapsed: 0.17
***** filtering *****
time elapsed: 0.30
***** normalization *****
time elapsed: 0.17
Going to calculate metrics
Number of images: 100
Calculating FR metrics for image 0
Calculating FR metrics for image 1
Calculating FR metrics for image 2
Calculating FR metrics for image 3
Calculating FR metrics for image 4
Calculating FR metrics for image 5
Calculating FR metrics for image 6
Calculating FR metrics for image 7
Calculating FR metrics for image 8
Calculating FR metrics for image 9
Calculating FR metrics for image 10
Calculating FR metrics for image 11
/home/mvanderbrugge/.conda/envs/photoacoustic-env/lib/python3.9/site-packages/numpy/core/fromnumeric.py:3464: RuntimeWarning: Mean of empty slice.
  return _methods._mean(a, axis=axis, dtype=dtype,
/home/mvanderbrugge/.conda/envs/photoacoustic-env/lib/python3.9/site-packages/numpy/core/_methods.py:192: RuntimeWarning: invalid value encountered in scalar divide
  ret = ret.dtype.type(ret / rcount)
/home/mvanderbrugge/.conda/envs/photoacoustic-env/lib/python3.9/site-packages/numpy/core/_methods.py:269: RuntimeWarning: Degrees of freedom <= 0 for slice
  ret = _var(a, axis=axis, dtype=dtype, out=out, ddof=ddof,
/home/mvanderbrugge/.conda/envs/photoacoustic-env/lib/python3.9/site-packages/numpy/core/_methods.py:226: RuntimeWarning: invalid value encountered in divide
  arrmean = um.true_divide(arrmean, div, out=arrmean,
/home/mvanderbrugge/.conda/envs/photoacoustic-env/lib/python3.9/site-packages/numpy/core/_methods.py:261: RuntimeWarning: invalid value encountered in scalar divide
  ret = ret.dtype.type(ret / rcount)
Calculating FR metrics for image 12
Calculating FR metrics for image 13
Calculating FR metrics for image 14
Calculating FR metrics for image 15
Calculating FR metrics for image 16
Calculating FR metrics for image 17
Calculating FR metrics for image 18
Calculating FR metrics for image 19
Calculating FR metrics for image 20
Calculating FR metrics for image 21
Calculating FR metrics for image 22
Calculating FR metrics for image 23
Calculating FR metrics for image 24
Calculating FR metrics for image 25
Calculating FR metrics for image 26
Calculating FR metrics for image 27
Calculating FR metrics for image 28
Calculating FR metrics for image 29
Calculating FR metrics for image 30
Calculating FR metrics for image 31
Calculating FR metrics for image 32
Calculating FR metrics for image 33
Calculating FR metrics for image 34
Calculating FR metrics for image 35
Calculating FR metrics for image 36
Calculating FR metrics for image 37
Calculating FR metrics for image 38
Calculating FR metrics for image 39
Calculating FR metrics for image 40
Calculating FR metrics for image 41
Calculating FR metrics for image 42
Calculating FR metrics for image 43
Calculating FR metrics for image 44
Calculating FR metrics for image 45
Calculating FR metrics for image 46
Calculating FR metrics for image 47
Calculating FR metrics for image 48
Calculating FR metrics for image 49
Calculating FR metrics for image 50
Calculating FR metrics for image 51
Calculating FR metrics for image 52
Calculating FR metrics for image 53
Calculating FR metrics for image 54
Calculating FR metrics for image 55
Calculating FR metrics for image 56
Calculating FR metrics for image 57
Calculating FR metrics for image 58
Calculating FR metrics for image 59
Calculating FR metrics for image 60
Calculating FR metrics for image 61
Calculating FR metrics for image 62
Calculating FR metrics for image 63
Calculating FR metrics for image 64
Calculating FR metrics for image 65
Calculating FR metrics for image 66
Calculating FR metrics for image 67
Calculating FR metrics for image 68
Calculating FR metrics for image 69
Calculating FR metrics for image 70
Calculating FR metrics for image 71
Calculating FR metrics for image 72
Calculating FR metrics for image 73
Calculating FR metrics for image 74
Calculating FR metrics for image 75
Calculating FR metrics for image 76
Calculating FR metrics for image 77
Calculating FR metrics for image 78
Calculating FR metrics for image 79
Calculating FR metrics for image 80
Calculating FR metrics for image 81
Calculating FR metrics for image 82
Calculating FR metrics for image 83
Calculating FR metrics for image 84
Calculating FR metrics for image 85
Calculating FR metrics for image 86
Calculating FR metrics for image 87
Calculating FR metrics for image 88
Calculating FR metrics for image 89
Calculating FR metrics for image 90
Calculating FR metrics for image 91
Calculating FR metrics for image 92
Calculating FR metrics for image 93
Calculating FR metrics for image 94
Calculating FR metrics for image 95
Calculating FR metrics for image 96
Calculating FR metrics for image 97
Calculating FR metrics for image 98
Calculating FR metrics for image 99
Calculating NR metrics for image 0
Calculating NR metrics for image 1
Calculating NR metrics for image 2
Calculating NR metrics for image 3
Calculating NR metrics for image 4
Calculating NR metrics for image 5
Calculating NR metrics for image 6
Calculating NR metrics for image 7
Calculating NR metrics for image 8
Calculating NR metrics for image 9
Calculating NR metrics for image 10
Calculating NR metrics for image 11
Calculating NR metrics for image 12
Calculating NR metrics for image 13
Calculating NR metrics for image 14
Calculating NR metrics for image 15
Calculating NR metrics for image 16
Calculating NR metrics for image 17
Calculating NR metrics for image 18
Calculating NR metrics for image 19
Calculating NR metrics for image 20
Calculating NR metrics for image 21
Calculating NR metrics for image 22
Calculating NR metrics for image 23
Calculating NR metrics for image 24
Calculating NR metrics for image 25
Calculating NR metrics for image 26
Calculating NR metrics for image 27
Calculating NR metrics for image 28
Calculating NR metrics for image 29
Calculating NR metrics for image 30
Calculating NR metrics for image 31
Calculating NR metrics for image 32
Calculating NR metrics for image 33
Calculating NR metrics for image 34
Calculating NR metrics for image 35
Calculating NR metrics for image 36
Calculating NR metrics for image 37
Calculating NR metrics for image 38
Calculating NR metrics for image 39
Calculating NR metrics for image 40
Calculating NR metrics for image 41
Calculating NR metrics for image 42
Calculating NR metrics for image 43
Calculating NR metrics for image 44
Calculating NR metrics for image 45
Calculating NR metrics for image 46
Calculating NR metrics for image 47
Calculating NR metrics for image 48
Calculating NR metrics for image 49
Calculating NR metrics for image 50
Calculating NR metrics for image 51
Calculating NR metrics for image 52
Calculating NR metrics for image 53
Calculating NR metrics for image 54
Calculating NR metrics for image 55
Calculating NR metrics for image 56
Calculating NR metrics for image 57
Calculating NR metrics for image 58
Calculating NR metrics for image 59
Calculating NR metrics for image 60
Calculating NR metrics for image 61
Calculating NR metrics for image 62
Calculating NR metrics for image 63
Calculating NR metrics for image 64
Calculating NR metrics for image 65
Calculating NR metrics for image 66
Calculating NR metrics for image 67
Calculating NR metrics for image 68
Calculating NR metrics for image 69
Calculating NR metrics for image 70
Calculating NR metrics for image 71
Calculating NR metrics for image 72
Calculating NR metrics for image 73
Calculating NR metrics for image 74
Calculating NR metrics for image 75
Calculating NR metrics for image 76
Calculating NR metrics for image 77
Calculating NR metrics for image 78
Calculating NR metrics for image 79
Calculating NR metrics for image 80
Calculating NR metrics for image 81
Calculating NR metrics for image 82
Calculating NR metrics for image 83
Calculating NR metrics for image 84
Calculating NR metrics for image 85
Calculating NR metrics for image 86
Calculating NR metrics for image 87
Calculating NR metrics for image 88
Calculating NR metrics for image 89
Calculating NR metrics for image 90
Calculating NR metrics for image 91
Calculating NR metrics for image 92
Calculating NR metrics for image 93
Calculating NR metrics for image 94
Calculating NR metrics for image 95
Calculating NR metrics for image 96
Calculating NR metrics for image 97
Calculating NR metrics for image 98
Calculating NR metrics for image 99
Processing dataset=SCD, config=vc,ss64_BP with ground truth=vc_BP
***** filtering *****
time elapsed: 0.35
***** normalization *****
time elapsed: 0.17
***** filtering *****
time elapsed: 0.30
***** normalization *****
time elapsed: 0.17
Going to calculate metrics
Number of images: 100
Calculating FR metrics for image 0
Calculating FR metrics for image 1
Calculating FR metrics for image 2
Calculating FR metrics for image 3
Calculating FR metrics for image 4
Calculating FR metrics for image 5
Calculating FR metrics for image 6
Calculating FR metrics for image 7
Calculating FR metrics for image 8
Calculating FR metrics for image 9
Calculating FR metrics for image 10
Calculating FR metrics for image 11
Calculating FR metrics for image 12
Calculating FR metrics for image 13
Calculating FR metrics for image 14
Calculating FR metrics for image 15
Calculating FR metrics for image 16
Calculating FR metrics for image 17
Calculating FR metrics for image 18
Calculating FR metrics for image 19
Calculating FR metrics for image 20
Calculating FR metrics for image 21
Calculating FR metrics for image 22
Calculating FR metrics for image 23
Calculating FR metrics for image 24
Calculating FR metrics for image 25
Calculating FR metrics for image 26
Calculating FR metrics for image 27
Calculating FR metrics for image 28
Calculating FR metrics for image 29
Calculating FR metrics for image 30
Calculating FR metrics for image 31
/home/mvanderbrugge/.conda/envs/photoacoustic-env/lib/python3.9/site-packages/numpy/core/fromnumeric.py:3464: RuntimeWarning: Mean of empty slice.
  return _methods._mean(a, axis=axis, dtype=dtype,
/home/mvanderbrugge/.conda/envs/photoacoustic-env/lib/python3.9/site-packages/numpy/core/_methods.py:192: RuntimeWarning: invalid value encountered in scalar divide
  ret = ret.dtype.type(ret / rcount)
/home/mvanderbrugge/.conda/envs/photoacoustic-env/lib/python3.9/site-packages/numpy/core/_methods.py:269: RuntimeWarning: Degrees of freedom <= 0 for slice
  ret = _var(a, axis=axis, dtype=dtype, out=out, ddof=ddof,
/home/mvanderbrugge/.conda/envs/photoacoustic-env/lib/python3.9/site-packages/numpy/core/_methods.py:226: RuntimeWarning: invalid value encountered in divide
  arrmean = um.true_divide(arrmean, div, out=arrmean,
/home/mvanderbrugge/.conda/envs/photoacoustic-env/lib/python3.9/site-packages/numpy/core/_methods.py:261: RuntimeWarning: invalid value encountered in scalar divide
  ret = ret.dtype.type(ret / rcount)
Calculating FR metrics for image 32
Calculating FR metrics for image 33
Calculating FR metrics for image 34
Calculating FR metrics for image 35
Calculating FR metrics for image 36
Calculating FR metrics for image 37
Calculating FR metrics for image 38
Calculating FR metrics for image 39
Calculating FR metrics for image 40
Calculating FR metrics for image 41
Calculating FR metrics for image 42
Calculating FR metrics for image 43
Calculating FR metrics for image 44
Calculating FR metrics for image 45
Calculating FR metrics for image 46
Calculating FR metrics for image 47
Calculating FR metrics for image 48
Calculating FR metrics for image 49
Calculating FR metrics for image 50
Calculating FR metrics for image 51
Calculating FR metrics for image 52
Calculating FR metrics for image 53
Calculating FR metrics for image 54
Calculating FR metrics for image 55
Calculating FR metrics for image 56
Calculating FR metrics for image 57
Calculating FR metrics for image 58
Calculating FR metrics for image 59
Calculating FR metrics for image 60
Calculating FR metrics for image 61
Calculating FR metrics for image 62
Calculating FR metrics for image 63
Calculating FR metrics for image 64
Calculating FR metrics for image 65
Calculating FR metrics for image 66
Calculating FR metrics for image 67
Calculating FR metrics for image 68
Calculating FR metrics for image 69
Calculating FR metrics for image 70
Calculating FR metrics for image 71
Calculating FR metrics for image 72
Calculating FR metrics for image 73
Calculating FR metrics for image 74
Calculating FR metrics for image 75
Calculating FR metrics for image 76
Calculating FR metrics for image 77
Calculating FR metrics for image 78
Calculating FR metrics for image 79
Calculating FR metrics for image 80
Calculating FR metrics for image 81
Calculating FR metrics for image 82
Calculating FR metrics for image 83
Calculating FR metrics for image 84
Calculating FR metrics for image 85
Calculating FR metrics for image 86
Calculating FR metrics for image 87
Calculating FR metrics for image 88
Calculating FR metrics for image 89
Calculating FR metrics for image 90
Calculating FR metrics for image 91
Calculating FR metrics for image 92
Calculating FR metrics for image 93
Calculating FR metrics for image 94
Calculating FR metrics for image 95
Calculating FR metrics for image 96
Calculating FR metrics for image 97
Calculating FR metrics for image 98
Calculating FR metrics for image 99
Calculating NR metrics for image 0
Calculating NR metrics for image 1
Calculating NR metrics for image 2
Calculating NR metrics for image 3
Calculating NR metrics for image 4
Calculating NR metrics for image 5
Calculating NR metrics for image 6
Calculating NR metrics for image 7
Calculating NR metrics for image 8
Calculating NR metrics for image 9
Calculating NR metrics for image 10
Calculating NR metrics for image 11
Calculating NR metrics for image 12
Calculating NR metrics for image 13
Calculating NR metrics for image 14
Calculating NR metrics for image 15
Calculating NR metrics for image 16
Calculating NR metrics for image 17
Calculating NR metrics for image 18
Calculating NR metrics for image 19
Calculating NR metrics for image 20
Calculating NR metrics for image 21
Calculating NR metrics for image 22
Calculating NR metrics for image 23
Calculating NR metrics for image 24
Calculating NR metrics for image 25
Calculating NR metrics for image 26
Calculating NR metrics for image 27
Calculating NR metrics for image 28
Calculating NR metrics for image 29
Calculating NR metrics for image 30
Calculating NR metrics for image 31
Calculating NR metrics for image 32
Calculating NR metrics for image 33
Calculating NR metrics for image 34
Calculating NR metrics for image 35
Calculating NR metrics for image 36
Calculating NR metrics for image 37
Calculating NR metrics for image 38
Calculating NR metrics for image 39
Calculating NR metrics for image 40
Calculating NR metrics for image 41
Calculating NR metrics for image 42
Calculating NR metrics for image 43
Calculating NR metrics for image 44
Calculating NR metrics for image 45
Calculating NR metrics for image 46
Calculating NR metrics for image 47
Calculating NR metrics for image 48
Calculating NR metrics for image 49
Calculating NR metrics for image 50
Calculating NR metrics for image 51
Calculating NR metrics for image 52
Calculating NR metrics for image 53
Calculating NR metrics for image 54
Calculating NR metrics for image 55
Calculating NR metrics for image 56
Calculating NR metrics for image 57
Calculating NR metrics for image 58
Calculating NR metrics for image 59
Calculating NR metrics for image 60
Calculating NR metrics for image 61
Calculating NR metrics for image 62
Calculating NR metrics for image 63
Calculating NR metrics for image 64
Calculating NR metrics for image 65
Calculating NR metrics for image 66
Calculating NR metrics for image 67
Calculating NR metrics for image 68
Calculating NR metrics for image 69
Calculating NR metrics for image 70
Calculating NR metrics for image 71
Calculating NR metrics for image 72
Calculating NR metrics for image 73
Calculating NR metrics for image 74
Calculating NR metrics for image 75
Calculating NR metrics for image 76
Calculating NR metrics for image 77
Calculating NR metrics for image 78
Calculating NR metrics for image 79
Calculating NR metrics for image 80
Calculating NR metrics for image 81
Calculating NR metrics for image 82
Calculating NR metrics for image 83
Calculating NR metrics for image 84
Calculating NR metrics for image 85
Calculating NR metrics for image 86
Calculating NR metrics for image 87
Calculating NR metrics for image 88
Calculating NR metrics for image 89
Calculating NR metrics for image 90
Calculating NR metrics for image 91
Calculating NR metrics for image 92
Calculating NR metrics for image 93
Calculating NR metrics for image 94
Calculating NR metrics for image 95
Calculating NR metrics for image 96
Calculating NR metrics for image 97
Calculating NR metrics for image 98
Calculating NR metrics for image 99
Processing dataset=SCD, config=vc,ss32_BP with ground truth=vc_BP
***** filtering *****
time elapsed: 0.36
***** normalization *****
time elapsed: 0.17
***** filtering *****
time elapsed: 0.30
***** normalization *****
time elapsed: 0.17
Going to calculate metrics
Number of images: 100
Calculating FR metrics for image 0
Calculating FR metrics for image 1
Calculating FR metrics for image 2
Calculating FR metrics for image 3
Calculating FR metrics for image 4
Calculating FR metrics for image 5
Calculating FR metrics for image 6
Calculating FR metrics for image 7
Calculating FR metrics for image 8
Calculating FR metrics for image 9
Calculating FR metrics for image 10
Calculating FR metrics for image 11
Calculating FR metrics for image 12
Calculating FR metrics for image 13
Calculating FR metrics for image 14
Calculating FR metrics for image 15
Calculating FR metrics for image 16
Calculating FR metrics for image 17
Calculating FR metrics for image 18
Calculating FR metrics for image 19
Calculating FR metrics for image 20
Calculating FR metrics for image 21
Calculating FR metrics for image 22
Calculating FR metrics for image 23
Calculating FR metrics for image 24
Calculating FR metrics for image 25
Calculating FR metrics for image 26
Calculating FR metrics for image 27
Calculating FR metrics for image 28
Calculating FR metrics for image 29
Calculating FR metrics for image 30
Calculating FR metrics for image 31
Calculating FR metrics for image 32
Calculating FR metrics for image 33
Calculating FR metrics for image 34
Calculating FR metrics for image 35
Calculating FR metrics for image 36
Calculating FR metrics for image 37
Calculating FR metrics for image 38
Calculating FR metrics for image 39
Calculating FR metrics for image 40
Calculating FR metrics for image 41
Calculating FR metrics for image 42
Calculating FR metrics for image 43
Calculating FR metrics for image 44
Calculating FR metrics for image 45
Calculating FR metrics for image 46
Calculating FR metrics for image 47
Calculating FR metrics for image 48
Calculating FR metrics for image 49
Calculating FR metrics for image 50
Calculating FR metrics for image 51
/home/mvanderbrugge/.conda/envs/photoacoustic-env/lib/python3.9/site-packages/numpy/core/fromnumeric.py:3464: RuntimeWarning: Mean of empty slice.
  return _methods._mean(a, axis=axis, dtype=dtype,
/home/mvanderbrugge/.conda/envs/photoacoustic-env/lib/python3.9/site-packages/numpy/core/_methods.py:192: RuntimeWarning: invalid value encountered in scalar divide
  ret = ret.dtype.type(ret / rcount)
/home/mvanderbrugge/.conda/envs/photoacoustic-env/lib/python3.9/site-packages/numpy/core/_methods.py:269: RuntimeWarning: Degrees of freedom <= 0 for slice
  ret = _var(a, axis=axis, dtype=dtype, out=out, ddof=ddof,
/home/mvanderbrugge/.conda/envs/photoacoustic-env/lib/python3.9/site-packages/numpy/core/_methods.py:226: RuntimeWarning: invalid value encountered in divide
  arrmean = um.true_divide(arrmean, div, out=arrmean,
/home/mvanderbrugge/.conda/envs/photoacoustic-env/lib/python3.9/site-packages/numpy/core/_methods.py:261: RuntimeWarning: invalid value encountered in scalar divide
  ret = ret.dtype.type(ret / rcount)
/home/mvanderbrugge/.conda/envs/photoacoustic-env/lib/python3.9/site-packages/skimage/metrics/simple_metrics.py:163: RuntimeWarning: divide by zero encountered in scalar divide
  return 10 * np.log10((data_range ** 2) / err)
Calculating FR metrics for image 52
Calculating FR metrics for image 53
Calculating FR metrics for image 54
Calculating FR metrics for image 55
Calculating FR metrics for image 56
Calculating FR metrics for image 57
Calculating FR metrics for image 58
Calculating FR metrics for image 59
Calculating FR metrics for image 60
Calculating FR metrics for image 61
Calculating FR metrics for image 62
Calculating FR metrics for image 63
Calculating FR metrics for image 64
Calculating FR metrics for image 65
Calculating FR metrics for image 66
Calculating FR metrics for image 67
Calculating FR metrics for image 68
Calculating FR metrics for image 69
Calculating FR metrics for image 70
Calculating FR metrics for image 71
Calculating FR metrics for image 72
Calculating FR metrics for image 73
Calculating FR metrics for image 74
Calculating FR metrics for image 75
Calculating FR metrics for image 76
Calculating FR metrics for image 77
Calculating FR metrics for image 78
Calculating FR metrics for image 79
Calculating FR metrics for image 80
Calculating FR metrics for image 81
Calculating FR metrics for image 82
Calculating FR metrics for image 83
Calculating FR metrics for image 84
Calculating FR metrics for image 85
Calculating FR metrics for image 86
Calculating FR metrics for image 87
Calculating FR metrics for image 88
Calculating FR metrics for image 89
Calculating FR metrics for image 90
Calculating FR metrics for image 91
Calculating FR metrics for image 92
Calculating FR metrics for image 93
Calculating FR metrics for image 94
Calculating FR metrics for image 95
Calculating FR metrics for image 96
Calculating FR metrics for image 97
Calculating FR metrics for image 98
Calculating FR metrics for image 99
Calculating NR metrics for image 0
Calculating NR metrics for image 1
Calculating NR metrics for image 2
Calculating NR metrics for image 3
Calculating NR metrics for image 4
Calculating NR metrics for image 5
Calculating NR metrics for image 6
Calculating NR metrics for image 7
Calculating NR metrics for image 8
Calculating NR metrics for image 9
Calculating NR metrics for image 10
Calculating NR metrics for image 11
Calculating NR metrics for image 12
Calculating NR metrics for image 13
Calculating NR metrics for image 14
Calculating NR metrics for image 15
Calculating NR metrics for image 16
Calculating NR metrics for image 17
Calculating NR metrics for image 18
Calculating NR metrics for image 19
Calculating NR metrics for image 20
Calculating NR metrics for image 21
Calculating NR metrics for image 22
Calculating NR metrics for image 23
Calculating NR metrics for image 24
Calculating NR metrics for image 25
Calculating NR metrics for image 26
Calculating NR metrics for image 27
Calculating NR metrics for image 28
Calculating NR metrics for image 29
Calculating NR metrics for image 30
Calculating NR metrics for image 31
Calculating NR metrics for image 32
Calculating NR metrics for image 33
Calculating NR metrics for image 34
Calculating NR metrics for image 35
Calculating NR metrics for image 36
Calculating NR metrics for image 37
Calculating NR metrics for image 38
Calculating NR metrics for image 39
Calculating NR metrics for image 40
Calculating NR metrics for image 41
Calculating NR metrics for image 42
Calculating NR metrics for image 43
Calculating NR metrics for image 44
Calculating NR metrics for image 45
Calculating NR metrics for image 46
Calculating NR metrics for image 47
Calculating NR metrics for image 48
Calculating NR metrics for image 49
Calculating NR metrics for image 50
Calculating NR metrics for image 51
Calculating NR metrics for image 52
Calculating NR metrics for image 53
Calculating NR metrics for image 54
Calculating NR metrics for image 55
Calculating NR metrics for image 56
Calculating NR metrics for image 57
Calculating NR metrics for image 58
Calculating NR metrics for image 59
Calculating NR metrics for image 60
Calculating NR metrics for image 61
Calculating NR metrics for image 62
Calculating NR metrics for image 63
Calculating NR metrics for image 64
Calculating NR metrics for image 65
Calculating NR metrics for image 66
Calculating NR metrics for image 67
Calculating NR metrics for image 68
Calculating NR metrics for image 69
Calculating NR metrics for image 70
Calculating NR metrics for image 71
Calculating NR metrics for image 72
Calculating NR metrics for image 73
Calculating NR metrics for image 74
Calculating NR metrics for image 75
Calculating NR metrics for image 76
Calculating NR metrics for image 77
Calculating NR metrics for image 78
Calculating NR metrics for image 79
Calculating NR metrics for image 80
Calculating NR metrics for image 81
Calculating NR metrics for image 82
Calculating NR metrics for image 83
Calculating NR metrics for image 84
Calculating NR metrics for image 85
Calculating NR metrics for image 86
Calculating NR metrics for image 87
Calculating NR metrics for image 88
Calculating NR metrics for image 89
Calculating NR metrics for image 90
Calculating NR metrics for image 91
Calculating NR metrics for image 92
Calculating NR metrics for image 93
Calculating NR metrics for image 94
Calculating NR metrics for image 95
Calculating NR metrics for image 96
Calculating NR metrics for image 97
Calculating NR metrics for image 98
Calculating NR metrics for image 99
Processing dataset=SCD, config=linear_BP with ground truth=linear_BP
***** filtering *****
time elapsed: 0.37
***** normalization *****
time elapsed: 0.17
***** filtering *****
time elapsed: 0.30
***** normalization *****
time elapsed: 0.17
Going to calculate metrics
Number of images: 100
Calculating FR metrics for image 0
Calculating FR metrics for image 1
Calculating FR metrics for image 2
Calculating FR metrics for image 3
Calculating FR metrics for image 4
Calculating FR metrics for image 5
Calculating FR metrics for image 6
Calculating FR metrics for image 7
Calculating FR metrics for image 8
Calculating FR metrics for image 9
Calculating FR metrics for image 10
Calculating FR metrics for image 11
Calculating FR metrics for image 12
Calculating FR metrics for image 13
Calculating FR metrics for image 14
Calculating FR metrics for image 15
Calculating FR metrics for image 16
Calculating FR metrics for image 17
Calculating FR metrics for image 18
Calculating FR metrics for image 19
Calculating FR metrics for image 20
Calculating FR metrics for image 21
Calculating FR metrics for image 22
Calculating FR metrics for image 23
Calculating FR metrics for image 24
Calculating FR metrics for image 25
Calculating FR metrics for image 26
Calculating FR metrics for image 27
Calculating FR metrics for image 28
Calculating FR metrics for image 29
Calculating FR metrics for image 30
Calculating FR metrics for image 31
Calculating FR metrics for image 32
Calculating FR metrics for image 33
Calculating FR metrics for image 34
Calculating FR metrics for image 35
Calculating FR metrics for image 36
Calculating FR metrics for image 37
Calculating FR metrics for image 38
Calculating FR metrics for image 39
Calculating FR metrics for image 40
Calculating FR metrics for image 41
Calculating FR metrics for image 42
Calculating FR metrics for image 43
Calculating FR metrics for image 44
Calculating FR metrics for image 45
Calculating FR metrics for image 46
Calculating FR metrics for image 47
Calculating FR metrics for image 48
Calculating FR metrics for image 49
Calculating FR metrics for image 50
Calculating FR metrics for image 51
Calculating FR metrics for image 52
Calculating FR metrics for image 53
Calculating FR metrics for image 54
Calculating FR metrics for image 55
Calculating FR metrics for image 56
Calculating FR metrics for image 57
Calculating FR metrics for image 58
Calculating FR metrics for image 59
Calculating FR metrics for image 60
Calculating FR metrics for image 61
Calculating FR metrics for image 62
Calculating FR metrics for image 63
Calculating FR metrics for image 64
Calculating FR metrics for image 65
Calculating FR metrics for image 66
Calculating FR metrics for image 67
Calculating FR metrics for image 68
Calculating FR metrics for image 69
Calculating FR metrics for image 70
Calculating FR metrics for image 71
/home/mvanderbrugge/.conda/envs/photoacoustic-env/lib/python3.9/site-packages/numpy/core/_methods.py:236: RuntimeWarning: invalid value encountered in subtract
  x = asanyarray(arr - arrmean)
/home/mvanderbrugge/.conda/envs/photoacoustic-env/lib/python3.9/site-packages/numpy/core/fromnumeric.py:3464: RuntimeWarning: Mean of empty slice.
  return _methods._mean(a, axis=axis, dtype=dtype,
/home/mvanderbrugge/.conda/envs/photoacoustic-env/lib/python3.9/site-packages/numpy/core/_methods.py:192: RuntimeWarning: invalid value encountered in scalar divide
  ret = ret.dtype.type(ret / rcount)
/home/mvanderbrugge/.conda/envs/photoacoustic-env/lib/python3.9/site-packages/numpy/core/_methods.py:269: RuntimeWarning: Degrees of freedom <= 0 for slice
  ret = _var(a, axis=axis, dtype=dtype, out=out, ddof=ddof,
/home/mvanderbrugge/.conda/envs/photoacoustic-env/lib/python3.9/site-packages/numpy/core/_methods.py:226: RuntimeWarning: invalid value encountered in divide
  arrmean = um.true_divide(arrmean, div, out=arrmean,
/home/mvanderbrugge/.conda/envs/photoacoustic-env/lib/python3.9/site-packages/numpy/core/_methods.py:261: RuntimeWarning: invalid value encountered in scalar divide
  ret = ret.dtype.type(ret / rcount)
Calculating FR metrics for image 72
Calculating FR metrics for image 73
Calculating FR metrics for image 74
Calculating FR metrics for image 75
Calculating FR metrics for image 76
Calculating FR metrics for image 77
Calculating FR metrics for image 78
Calculating FR metrics for image 79
Calculating FR metrics for image 80
Calculating FR metrics for image 81
Calculating FR metrics for image 82
Calculating FR metrics for image 83
Calculating FR metrics for image 84
Calculating FR metrics for image 85
Calculating FR metrics for image 86
Calculating FR metrics for image 87
Calculating FR metrics for image 88
Calculating FR metrics for image 89
Calculating FR metrics for image 90
Calculating FR metrics for image 91
Calculating FR metrics for image 92
Calculating FR metrics for image 93
Calculating FR metrics for image 94
Calculating FR metrics for image 95
Calculating FR metrics for image 96
Calculating FR metrics for image 97
Calculating FR metrics for image 98
Calculating FR metrics for image 99
Calculating NR metrics for image 0
Calculating NR metrics for image 1
Calculating NR metrics for image 2
Calculating NR metrics for image 3
Calculating NR metrics for image 4
Calculating NR metrics for image 5
Calculating NR metrics for image 6
Calculating NR metrics for image 7
Calculating NR metrics for image 8
Calculating NR metrics for image 9
Calculating NR metrics for image 10
Calculating NR metrics for image 11
Calculating NR metrics for image 12
Calculating NR metrics for image 13
Calculating NR metrics for image 14
Calculating NR metrics for image 15
Calculating NR metrics for image 16
Calculating NR metrics for image 17
Calculating NR metrics for image 18
Calculating NR metrics for image 19
Calculating NR metrics for image 20
Calculating NR metrics for image 21
Calculating NR metrics for image 22
Calculating NR metrics for image 23
Calculating NR metrics for image 24
Calculating NR metrics for image 25
Calculating NR metrics for image 26
Calculating NR metrics for image 27
Calculating NR metrics for image 28
Calculating NR metrics for image 29
Calculating NR metrics for image 30
Calculating NR metrics for image 31
Calculating NR metrics for image 32
Calculating NR metrics for image 33
Calculating NR metrics for image 34
Calculating NR metrics for image 35
Calculating NR metrics for image 36
Calculating NR metrics for image 37
Calculating NR metrics for image 38
Calculating NR metrics for image 39
Calculating NR metrics for image 40
Calculating NR metrics for image 41
Calculating NR metrics for image 42
Calculating NR metrics for image 43
Calculating NR metrics for image 44
Calculating NR metrics for image 45
Calculating NR metrics for image 46
Calculating NR metrics for image 47
Calculating NR metrics for image 48
Calculating NR metrics for image 49
Calculating NR metrics for image 50
Calculating NR metrics for image 51
Calculating NR metrics for image 52
Calculating NR metrics for image 53
Calculating NR metrics for image 54
Calculating NR metrics for image 55
Calculating NR metrics for image 56
Calculating NR metrics for image 57
Calculating NR metrics for image 58
Calculating NR metrics for image 59
Calculating NR metrics for image 60
Calculating NR metrics for image 61
Calculating NR metrics for image 62
Calculating NR metrics for image 63
Calculating NR metrics for image 64
Calculating NR metrics for image 65
Calculating NR metrics for image 66
Calculating NR metrics for image 67
Calculating NR metrics for image 68
Calculating NR metrics for image 69
Calculating NR metrics for image 70
Calculating NR metrics for image 71
Calculating NR metrics for image 72
Calculating NR metrics for image 73
Calculating NR metrics for image 74
Calculating NR metrics for image 75
Calculating NR metrics for image 76
Calculating NR metrics for image 77
Calculating NR metrics for image 78
Calculating NR metrics for image 79
Calculating NR metrics for image 80
Calculating NR metrics for image 81
Calculating NR metrics for image 82
Calculating NR metrics for image 83
Calculating NR metrics for image 84
Calculating NR metrics for image 85
Calculating NR metrics for image 86
Calculating NR metrics for image 87
Calculating NR metrics for image 88
Calculating NR metrics for image 89
Calculating NR metrics for image 90
Calculating NR metrics for image 91
Calculating NR metrics for image 92
Calculating NR metrics for image 93
Calculating NR metrics for image 94
Calculating NR metrics for image 95
Calculating NR metrics for image 96
Calculating NR metrics for image 97
Calculating NR metrics for image 98
Calculating NR metrics for image 99
Processing dataset=SCD, config=ms,ss128_BP with ground truth=ms_BP
***** filtering *****
time elapsed: 0.36
***** normalization *****
time elapsed: 0.17
***** filtering *****
time elapsed: 0.30
***** normalization *****
time elapsed: 0.17
Going to calculate metrics
Number of images: 100
Calculating FR metrics for image 0
Calculating FR metrics for image 1
Calculating FR metrics for image 2
Calculating FR metrics for image 3
Calculating FR metrics for image 4
Calculating FR metrics for image 5
Calculating FR metrics for image 6
Calculating FR metrics for image 7
Calculating FR metrics for image 8
Calculating FR metrics for image 9
Calculating FR metrics for image 10
Calculating FR metrics for image 11
Calculating FR metrics for image 12
Calculating FR metrics for image 13
Calculating FR metrics for image 14
Calculating FR metrics for image 15
Calculating FR metrics for image 16
Calculating FR metrics for image 17
Calculating FR metrics for image 18
Calculating FR metrics for image 19
Calculating FR metrics for image 20
Calculating FR metrics for image 21
Calculating FR metrics for image 22
Calculating FR metrics for image 23
Calculating FR metrics for image 24
Calculating FR metrics for image 25
Calculating FR metrics for image 26
Calculating FR metrics for image 27
Calculating FR metrics for image 28
Calculating FR metrics for image 29
Calculating FR metrics for image 30
Calculating FR metrics for image 31
Calculating FR metrics for image 32
Calculating FR metrics for image 33
Calculating FR metrics for image 34
Calculating FR metrics for image 35
Calculating FR metrics for image 36
Calculating FR metrics for image 37
Calculating FR metrics for image 38
Calculating FR metrics for image 39
Calculating FR metrics for image 40
Calculating FR metrics for image 41
Calculating FR metrics for image 42
Calculating FR metrics for image 43
Calculating FR metrics for image 44
Calculating FR metrics for image 45
Calculating FR metrics for image 46
Calculating FR metrics for image 47
Calculating FR metrics for image 48
Calculating FR metrics for image 49
Calculating FR metrics for image 50
Calculating FR metrics for image 51
Calculating FR metrics for image 52
Calculating FR metrics for image 53
Calculating FR metrics for image 54
Calculating FR metrics for image 55
Calculating FR metrics for image 56
Calculating FR metrics for image 57
Calculating FR metrics for image 58
Calculating FR metrics for image 59
Calculating FR metrics for image 60
Calculating FR metrics for image 61
Calculating FR metrics for image 62
Calculating FR metrics for image 63
Calculating FR metrics for image 64
Calculating FR metrics for image 65
Calculating FR metrics for image 66
Calculating FR metrics for image 67
Calculating FR metrics for image 68
Calculating FR metrics for image 69
Calculating FR metrics for image 70
Calculating FR metrics for image 71
Calculating FR metrics for image 72
Calculating FR metrics for image 73
Calculating FR metrics for image 74
Calculating FR metrics for image 75
Calculating FR metrics for image 76
Calculating FR metrics for image 77
Calculating FR metrics for image 78
Calculating FR metrics for image 79
Calculating FR metrics for image 80
Calculating FR metrics for image 81
Calculating FR metrics for image 82
Calculating FR metrics for image 83
Calculating FR metrics for image 84
Calculating FR metrics for image 85
Calculating FR metrics for image 86
Calculating FR metrics for image 87
Calculating FR metrics for image 88
Calculating FR metrics for image 89
Calculating FR metrics for image 90
Calculating FR metrics for image 91
/home/mvanderbrugge/.conda/envs/photoacoustic-env/lib/python3.9/site-packages/numpy/core/fromnumeric.py:3464: RuntimeWarning: Mean of empty slice.
  return _methods._mean(a, axis=axis, dtype=dtype,
/home/mvanderbrugge/.conda/envs/photoacoustic-env/lib/python3.9/site-packages/numpy/core/_methods.py:192: RuntimeWarning: invalid value encountered in scalar divide
  ret = ret.dtype.type(ret / rcount)
/home/mvanderbrugge/.conda/envs/photoacoustic-env/lib/python3.9/site-packages/numpy/core/_methods.py:269: RuntimeWarning: Degrees of freedom <= 0 for slice
  ret = _var(a, axis=axis, dtype=dtype, out=out, ddof=ddof,
/home/mvanderbrugge/.conda/envs/photoacoustic-env/lib/python3.9/site-packages/numpy/core/_methods.py:226: RuntimeWarning: invalid value encountered in divide
  arrmean = um.true_divide(arrmean, div, out=arrmean,
/home/mvanderbrugge/.conda/envs/photoacoustic-env/lib/python3.9/site-packages/numpy/core/_methods.py:261: RuntimeWarning: invalid value encountered in scalar divide
  ret = ret.dtype.type(ret / rcount)
Calculating FR metrics for image 92
Calculating FR metrics for image 93
Calculating FR metrics for image 94
Calculating FR metrics for image 95
Calculating FR metrics for image 96
Calculating FR metrics for image 97
Calculating FR metrics for image 98
Calculating FR metrics for image 99
Calculating NR metrics for image 0
Calculating NR metrics for image 1
Calculating NR metrics for image 2
Calculating NR metrics for image 3
Calculating NR metrics for image 4
Calculating NR metrics for image 5
Calculating NR metrics for image 6
Calculating NR metrics for image 7
Calculating NR metrics for image 8
Calculating NR metrics for image 9
Calculating NR metrics for image 10
Calculating NR metrics for image 11
Calculating NR metrics for image 12
Calculating NR metrics for image 13
Calculating NR metrics for image 14
Calculating NR metrics for image 15
Calculating NR metrics for image 16
Calculating NR metrics for image 17
Calculating NR metrics for image 18
Calculating NR metrics for image 19
Calculating NR metrics for image 20
Calculating NR metrics for image 21
Calculating NR metrics for image 22
Calculating NR metrics for image 23
Calculating NR metrics for image 24
Calculating NR metrics for image 25
Calculating NR metrics for image 26
Calculating NR metrics for image 27
Calculating NR metrics for image 28
Calculating NR metrics for image 29
Calculating NR metrics for image 30
Calculating NR metrics for image 31
Calculating NR metrics for image 32
Calculating NR metrics for image 33
Calculating NR metrics for image 34
Calculating NR metrics for image 35
Calculating NR metrics for image 36
Calculating NR metrics for image 37
Calculating NR metrics for image 38
Calculating NR metrics for image 39
Calculating NR metrics for image 40
Calculating NR metrics for image 41
Calculating NR metrics for image 42
Calculating NR metrics for image 43
Calculating NR metrics for image 44
Calculating NR metrics for image 45
Calculating NR metrics for image 46
Calculating NR metrics for image 47
Calculating NR metrics for image 48
Calculating NR metrics for image 49
Calculating NR metrics for image 50
Calculating NR metrics for image 51
Calculating NR metrics for image 52
Calculating NR metrics for image 53
Calculating NR metrics for image 54
Calculating NR metrics for image 55
Calculating NR metrics for image 56
Calculating NR metrics for image 57
Calculating NR metrics for image 58
Calculating NR metrics for image 59
Calculating NR metrics for image 60
Calculating NR metrics for image 61
Calculating NR metrics for image 62
Calculating NR metrics for image 63
Calculating NR metrics for image 64
Calculating NR metrics for image 65
Calculating NR metrics for image 66
Calculating NR metrics for image 67
Calculating NR metrics for image 68
Calculating NR metrics for image 69
Calculating NR metrics for image 70
Calculating NR metrics for image 71
Calculating NR metrics for image 72
Calculating NR metrics for image 73
Calculating NR metrics for image 74
Calculating NR metrics for image 75
Calculating NR metrics for image 76
Calculating NR metrics for image 77
Calculating NR metrics for image 78
Calculating NR metrics for image 79
Calculating NR metrics for image 80
Calculating NR metrics for image 81
Calculating NR metrics for image 82
Calculating NR metrics for image 83
Calculating NR metrics for image 84
Calculating NR metrics for image 85
Calculating NR metrics for image 86
Calculating NR metrics for image 87
Calculating NR metrics for image 88
Calculating NR metrics for image 89
Calculating NR metrics for image 90
Calculating NR metrics for image 91
Calculating NR metrics for image 92
Calculating NR metrics for image 93
Calculating NR metrics for image 94
Calculating NR metrics for image 95
Calculating NR metrics for image 96
Calculating NR metrics for image 97
Calculating NR metrics for image 98
Calculating NR metrics for image 99
Processing dataset=SCD, config=ms,ss64_BP with ground truth=ms_BP
***** filtering *****
time elapsed: 0.35
***** normalization *****
time elapsed: 0.17
***** filtering *****
time elapsed: 0.29
***** normalization *****
time elapsed: 0.17
Going to calculate metrics
Number of images: 100
Calculating FR metrics for image 0
Calculating FR metrics for image 1
Calculating FR metrics for image 2
Calculating FR metrics for image 3
Calculating FR metrics for image 4
Calculating FR metrics for image 5
Calculating FR metrics for image 6
Calculating FR metrics for image 7
Calculating FR metrics for image 8
Calculating FR metrics for image 9
Calculating FR metrics for image 10
Calculating FR metrics for image 11
Calculating FR metrics for image 12
Calculating FR metrics for image 13
Calculating FR metrics for image 14
Calculating FR metrics for image 15
Calculating FR metrics for image 16
Calculating FR metrics for image 17
Calculating FR metrics for image 18
Calculating FR metrics for image 19
Calculating FR metrics for image 20
Calculating FR metrics for image 21
Calculating FR metrics for image 22
Calculating FR metrics for image 23
Calculating FR metrics for image 24
Calculating FR metrics for image 25
Calculating FR metrics for image 26
Calculating FR metrics for image 27
Calculating FR metrics for image 28
Calculating FR metrics for image 29
Calculating FR metrics for image 30
Calculating FR metrics for image 31
Calculating FR metrics for image 32
Calculating FR metrics for image 33
Calculating FR metrics for image 34
Calculating FR metrics for image 35
Calculating FR metrics for image 36
Calculating FR metrics for image 37
Calculating FR metrics for image 38
Calculating FR metrics for image 39
Calculating FR metrics for image 40
Calculating FR metrics for image 41
Calculating FR metrics for image 42
Calculating FR metrics for image 43
Calculating FR metrics for image 44
Calculating FR metrics for image 45
Calculating FR metrics for image 46
Calculating FR metrics for image 47
Calculating FR metrics for image 48
Calculating FR metrics for image 49
Calculating FR metrics for image 50
Calculating FR metrics for image 51
Calculating FR metrics for image 52
Calculating FR metrics for image 53
Calculating FR metrics for image 54
Calculating FR metrics for image 55
Calculating FR metrics for image 56
Calculating FR metrics for image 57
Calculating FR metrics for image 58
Calculating FR metrics for image 59
Calculating FR metrics for image 60
Calculating FR metrics for image 61
Calculating FR metrics for image 62
Calculating FR metrics for image 63
Calculating FR metrics for image 64
Calculating FR metrics for image 65
Calculating FR metrics for image 66
Calculating FR metrics for image 67
Calculating FR metrics for image 68
Calculating FR metrics for image 69
Calculating FR metrics for image 70
Calculating FR metrics for image 71
Calculating FR metrics for image 72
Calculating FR metrics for image 73
Calculating FR metrics for image 74
Calculating FR metrics for image 75
Calculating FR metrics for image 76
Calculating FR metrics for image 77
Calculating FR metrics for image 78
Calculating FR metrics for image 79
Calculating FR metrics for image 80
Calculating FR metrics for image 81
Calculating FR metrics for image 82
Calculating FR metrics for image 83
Calculating FR metrics for image 84
Calculating FR metrics for image 85
Calculating FR metrics for image 86
Calculating FR metrics for image 87
Calculating FR metrics for image 88
Calculating FR metrics for image 89
Calculating FR metrics for image 90
Calculating FR metrics for image 91
Calculating FR metrics for image 92
Calculating FR metrics for image 93
Calculating FR metrics for image 94
Calculating FR metrics for image 95
Calculating FR metrics for image 96
Calculating FR metrics for image 97
Calculating FR metrics for image 98
Calculating FR metrics for image 99
Calculating NR metrics for image 0
Calculating NR metrics for image 1
Calculating NR metrics for image 2
Calculating NR metrics for image 3
Calculating NR metrics for image 4
Calculating NR metrics for image 5
Calculating NR metrics for image 6
Calculating NR metrics for image 7
Calculating NR metrics for image 8
Calculating NR metrics for image 9
Calculating NR metrics for image 10
Calculating NR metrics for image 11
/home/mvanderbrugge/.conda/envs/photoacoustic-env/lib/python3.9/site-packages/numpy/core/fromnumeric.py:3464: RuntimeWarning: Mean of empty slice.
  return _methods._mean(a, axis=axis, dtype=dtype,
/home/mvanderbrugge/.conda/envs/photoacoustic-env/lib/python3.9/site-packages/numpy/core/_methods.py:192: RuntimeWarning: invalid value encountered in scalar divide
  ret = ret.dtype.type(ret / rcount)
/home/mvanderbrugge/.conda/envs/photoacoustic-env/lib/python3.9/site-packages/numpy/core/_methods.py:269: RuntimeWarning: Degrees of freedom <= 0 for slice
  ret = _var(a, axis=axis, dtype=dtype, out=out, ddof=ddof,
/home/mvanderbrugge/.conda/envs/photoacoustic-env/lib/python3.9/site-packages/numpy/core/_methods.py:226: RuntimeWarning: invalid value encountered in divide
  arrmean = um.true_divide(arrmean, div, out=arrmean,
/home/mvanderbrugge/.conda/envs/photoacoustic-env/lib/python3.9/site-packages/numpy/core/_methods.py:261: RuntimeWarning: invalid value encountered in scalar divide
  ret = ret.dtype.type(ret / rcount)
Calculating NR metrics for image 12
Calculating NR metrics for image 13
Calculating NR metrics for image 14
Calculating NR metrics for image 15
Calculating NR metrics for image 16
Calculating NR metrics for image 17
Calculating NR metrics for image 18
Calculating NR metrics for image 19
Calculating NR metrics for image 20
Calculating NR metrics for image 21
Calculating NR metrics for image 22
Calculating NR metrics for image 23
Calculating NR metrics for image 24
Calculating NR metrics for image 25
Calculating NR metrics for image 26
Calculating NR metrics for image 27
Calculating NR metrics for image 28
Calculating NR metrics for image 29
Calculating NR metrics for image 30
Calculating NR metrics for image 31
Calculating NR metrics for image 32
Calculating NR metrics for image 33
Calculating NR metrics for image 34
Calculating NR metrics for image 35
Calculating NR metrics for image 36
Calculating NR metrics for image 37
Calculating NR metrics for image 38
Calculating NR metrics for image 39
Calculating NR metrics for image 40
Calculating NR metrics for image 41
Calculating NR metrics for image 42
Calculating NR metrics for image 43
Calculating NR metrics for image 44
Calculating NR metrics for image 45
Calculating NR metrics for image 46
Calculating NR metrics for image 47
Calculating NR metrics for image 48
Calculating NR metrics for image 49
Calculating NR metrics for image 50
Calculating NR metrics for image 51
Calculating NR metrics for image 52
Calculating NR metrics for image 53
Calculating NR metrics for image 54
Calculating NR metrics for image 55
Calculating NR metrics for image 56
Calculating NR metrics for image 57
Calculating NR metrics for image 58
Calculating NR metrics for image 59
Calculating NR metrics for image 60
Calculating NR metrics for image 61
Calculating NR metrics for image 62
Calculating NR metrics for image 63
Calculating NR metrics for image 64
Calculating NR metrics for image 65
Calculating NR metrics for image 66
Calculating NR metrics for image 67
Calculating NR metrics for image 68
Calculating NR metrics for image 69
Calculating NR metrics for image 70
Calculating NR metrics for image 71
Calculating NR metrics for image 72
Calculating NR metrics for image 73
Calculating NR metrics for image 74
Calculating NR metrics for image 75
Calculating NR metrics for image 76
Calculating NR metrics for image 77
Calculating NR metrics for image 78
Calculating NR metrics for image 79
Calculating NR metrics for image 80
Calculating NR metrics for image 81
Calculating NR metrics for image 82
Calculating NR metrics for image 83
Calculating NR metrics for image 84
Calculating NR metrics for image 85
Calculating NR metrics for image 86
Calculating NR metrics for image 87
Calculating NR metrics for image 88
Calculating NR metrics for image 89
Calculating NR metrics for image 90
Calculating NR metrics for image 91
Calculating NR metrics for image 92
Calculating NR metrics for image 93
Calculating NR metrics for image 94
Calculating NR metrics for image 95
Calculating NR metrics for image 96
Calculating NR metrics for image 97
Calculating NR metrics for image 98
Calculating NR metrics for image 99
Processing dataset=SCD, config=ms,ss32_BP with ground truth=ms_BP
***** filtering *****
time elapsed: 0.34
***** normalization *****
time elapsed: 0.17
***** filtering *****
time elapsed: 0.30
***** normalization *****
time elapsed: 0.17
Going to calculate metrics
Number of images: 100
Calculating FR metrics for image 0
Calculating FR metrics for image 1
Calculating FR metrics for image 2
Calculating FR metrics for image 3
Calculating FR metrics for image 4
Calculating FR metrics for image 5
Calculating FR metrics for image 6
Calculating FR metrics for image 7
Calculating FR metrics for image 8
Calculating FR metrics for image 9
Calculating FR metrics for image 10
Calculating FR metrics for image 11
Calculating FR metrics for image 12
Calculating FR metrics for image 13
Calculating FR metrics for image 14
Calculating FR metrics for image 15
Calculating FR metrics for image 16
Calculating FR metrics for image 17
Calculating FR metrics for image 18
Calculating FR metrics for image 19
Calculating FR metrics for image 20
Calculating FR metrics for image 21
Calculating FR metrics for image 22
Calculating FR metrics for image 23
Calculating FR metrics for image 24
Calculating FR metrics for image 25
Calculating FR metrics for image 26
Calculating FR metrics for image 27
Calculating FR metrics for image 28
Calculating FR metrics for image 29
Calculating FR metrics for image 30
Calculating FR metrics for image 31
Calculating FR metrics for image 32
Calculating FR metrics for image 33
Calculating FR metrics for image 34
Calculating FR metrics for image 35
Calculating FR metrics for image 36
Calculating FR metrics for image 37
Calculating FR metrics for image 38
Calculating FR metrics for image 39
Calculating FR metrics for image 40
Calculating FR metrics for image 41
Calculating FR metrics for image 42
Calculating FR metrics for image 43
Calculating FR metrics for image 44
Calculating FR metrics for image 45
Calculating FR metrics for image 46
Calculating FR metrics for image 47
Calculating FR metrics for image 48
Calculating FR metrics for image 49
Calculating FR metrics for image 50
Calculating FR metrics for image 51
Calculating FR metrics for image 52
Calculating FR metrics for image 53
Calculating FR metrics for image 54
Calculating FR metrics for image 55
Calculating FR metrics for image 56
Calculating FR metrics for image 57
Calculating FR metrics for image 58
Calculating FR metrics for image 59
Calculating FR metrics for image 60
Calculating FR metrics for image 61
Calculating FR metrics for image 62
Calculating FR metrics for image 63
Calculating FR metrics for image 64
Calculating FR metrics for image 65
Calculating FR metrics for image 66
Calculating FR metrics for image 67
Calculating FR metrics for image 68
Calculating FR metrics for image 69
Calculating FR metrics for image 70
Calculating FR metrics for image 71
Calculating FR metrics for image 72
Calculating FR metrics for image 73
Calculating FR metrics for image 74
Calculating FR metrics for image 75
Calculating FR metrics for image 76
Calculating FR metrics for image 77
Calculating FR metrics for image 78
Calculating FR metrics for image 79
Calculating FR metrics for image 80
Calculating FR metrics for image 81
Calculating FR metrics for image 82
Calculating FR metrics for image 83
Calculating FR metrics for image 84
Calculating FR metrics for image 85
Calculating FR metrics for image 86
Calculating FR metrics for image 87
Calculating FR metrics for image 88
Calculating FR metrics for image 89
Calculating FR metrics for image 90
Calculating FR metrics for image 91
Calculating FR metrics for image 92
Calculating FR metrics for image 93
Calculating FR metrics for image 94
Calculating FR metrics for image 95
Calculating FR metrics for image 96
Calculating FR metrics for image 97
Calculating FR metrics for image 98
Calculating FR metrics for image 99
Calculating NR metrics for image 0
Calculating NR metrics for image 1
Calculating NR metrics for image 2
Calculating NR metrics for image 3
Calculating NR metrics for image 4
Calculating NR metrics for image 5
Calculating NR metrics for image 6
Calculating NR metrics for image 7
Calculating NR metrics for image 8
Calculating NR metrics for image 9
Calculating NR metrics for image 10
Calculating NR metrics for image 11
Calculating NR metrics for image 12
Calculating NR metrics for image 13
Calculating NR metrics for image 14
Calculating NR metrics for image 15
Calculating NR metrics for image 16
Calculating NR metrics for image 17
Calculating NR metrics for image 18
Calculating NR metrics for image 19
Calculating NR metrics for image 20
Calculating NR metrics for image 21
Calculating NR metrics for image 22
Calculating NR metrics for image 23
Calculating NR metrics for image 24
Calculating NR metrics for image 25
Calculating NR metrics for image 26
Calculating NR metrics for image 27
Calculating NR metrics for image 28
Calculating NR metrics for image 29
Calculating NR metrics for image 30
Calculating NR metrics for image 31
/home/mvanderbrugge/.conda/envs/photoacoustic-env/lib/python3.9/site-packages/numpy/core/fromnumeric.py:3464: RuntimeWarning: Mean of empty slice.
  return _methods._mean(a, axis=axis, dtype=dtype,
/home/mvanderbrugge/.conda/envs/photoacoustic-env/lib/python3.9/site-packages/numpy/core/_methods.py:192: RuntimeWarning: invalid value encountered in scalar divide
  ret = ret.dtype.type(ret / rcount)
/home/mvanderbrugge/.conda/envs/photoacoustic-env/lib/python3.9/site-packages/numpy/core/_methods.py:269: RuntimeWarning: Degrees of freedom <= 0 for slice
  ret = _var(a, axis=axis, dtype=dtype, out=out, ddof=ddof,
/home/mvanderbrugge/.conda/envs/photoacoustic-env/lib/python3.9/site-packages/numpy/core/_methods.py:226: RuntimeWarning: invalid value encountered in divide
  arrmean = um.true_divide(arrmean, div, out=arrmean,
/home/mvanderbrugge/.conda/envs/photoacoustic-env/lib/python3.9/site-packages/numpy/core/_methods.py:261: RuntimeWarning: invalid value encountered in scalar divide
  ret = ret.dtype.type(ret / rcount)
Calculating NR metrics for image 32
Calculating NR metrics for image 33
Calculating NR metrics for image 34
Calculating NR metrics for image 35
Calculating NR metrics for image 36
Calculating NR metrics for image 37
Calculating NR metrics for image 38
Calculating NR metrics for image 39
Calculating NR metrics for image 40
Calculating NR metrics for image 41
Calculating NR metrics for image 42
Calculating NR metrics for image 43
Calculating NR metrics for image 44
Calculating NR metrics for image 45
Calculating NR metrics for image 46
Calculating NR metrics for image 47
Calculating NR metrics for image 48
Calculating NR metrics for image 49
Calculating NR metrics for image 50
Calculating NR metrics for image 51
Calculating NR metrics for image 52
Calculating NR metrics for image 53
Calculating NR metrics for image 54
Calculating NR metrics for image 55
Calculating NR metrics for image 56
Calculating NR metrics for image 57
Calculating NR metrics for image 58
Calculating NR metrics for image 59
Calculating NR metrics for image 60
Calculating NR metrics for image 61
Calculating NR metrics for image 62
Calculating NR metrics for image 63
Calculating NR metrics for image 64
Calculating NR metrics for image 65
Calculating NR metrics for image 66
Calculating NR metrics for image 67
Calculating NR metrics for image 68
Calculating NR metrics for image 69
Calculating NR metrics for image 70
Calculating NR metrics for image 71
Calculating NR metrics for image 72
Calculating NR metrics for image 73
Calculating NR metrics for image 74
Calculating NR metrics for image 75
Calculating NR metrics for image 76
Calculating NR metrics for image 77
Calculating NR metrics for image 78
Calculating NR metrics for image 79
Calculating NR metrics for image 80
Calculating NR metrics for image 81
Calculating NR metrics for image 82
Calculating NR metrics for image 83
Calculating NR metrics for image 84
Calculating NR metrics for image 85
Calculating NR metrics for image 86
Calculating NR metrics for image 87
Calculating NR metrics for image 88
Calculating NR metrics for image 89
Calculating NR metrics for image 90
Calculating NR metrics for image 91
Calculating NR metrics for image 92
Calculating NR metrics for image 93
Calculating NR metrics for image 94
Calculating NR metrics for image 95
Calculating NR metrics for image 96
Calculating NR metrics for image 97
Calculating NR metrics for image 98
Calculating NR metrics for image 99
Results saved progressively to: results/SCD/SCD_results_2025-02-26_17-48-16.txt

JOB STATISTICS
==============
Job ID: 10225215
Cluster: snellius
User/Group: mvanderbrugge/mvanderbrugge
State: COMPLETED (exit code 0)
Nodes: 1
Cores per node: 18
CPU Utilized: 01:09:27
CPU Efficiency: 24.87% of 04:39:18 core-walltime
Job Wall-clock time: 00:15:31
Memory Utilized: 541.23 MB
Memory Efficiency: 0.44% of 120.00 GB
