============================================================================================== 
Warning! Mixing Conda and module environments may lead to corruption of the
user environment. 
We do not recommend users mixing those two environments unless absolutely
necessary. Note that 
SURF does not provide any support for Conda environment.
For more information, please refer to our software policy page:
https://servicedesk.surf.nl/wiki/display/WIKI/Software+policy+Snellius#SoftwarepolicySnellius-UseofAnacondaandMinicondaenvironmentsonSnellius 

Remember that many packages have already been installed on the system and can
be loaded using 
the 'module load <package__name>' command. If you are uncertain if a package is
already available 
on the system, please use 'module avail' or 'module spider' to search for it.
============================================================================================== 
Running on gcn7.local.snellius.surf.nl
Thu Jun 12 11:34:07 2025       
+-----------------------------------------------------------------------------------------+
| NVIDIA-SMI 565.57.01              Driver Version: 565.57.01      CUDA Version: 12.7     |
|-----------------------------------------+------------------------+----------------------+
| GPU  Name                 Persistence-M | Bus-Id          Disp.A | Volatile Uncorr. ECC |
| Fan  Temp   Perf          Pwr:Usage/Cap |           Memory-Usage | GPU-Util  Compute M. |
|                                         |                        |               MIG M. |
|=========================================+========================+======================|
|   0  NVIDIA A100-SXM4-40GB          On  |   00000000:31:00.0 Off |                    0 |
| N/A   30C    P0             50W /  400W |       1MiB /  40960MiB |      0%      Default |
|                                         |                        |             Disabled |
+-----------------------------------------+------------------------+----------------------+
                                                                                         
+-----------------------------------------------------------------------------------------+
| Processes:                                                                              |
|  GPU   GI   CI        PID   Type   Process name                              GPU Memory |
|        ID   ID                                                               Usage      |
|=========================================================================================|
|  No running processes found                                                             |
+-----------------------------------------------------------------------------------------+
               total        used        free      shared  buff/cache   available
Mem:           503Gi        98Gi       387Gi       1.2Gi        25Gi       405Gi
Swap:             0B          0B          0B
Checking whether the GPU is available
GPU available? True
Starting training for SSIM on best_model

Training best_model model for metric: SSIM
Loaded 573629 train, 25910 val, 339535 test samples from ['SCD_vc_ms', 'SCD_ms_ss32', 'SCD_ms_ss64', 'SCD_ms_ss128', 'SWFD_sc', 'mice', 'pa_experiment_data']
Target metric: SSIM
Target range → min: 0.2486, max: 0.9689
Using PhotoacousticQualityNet
----------------------------------------------------------------
        Layer (type)               Output Shape         Param #
================================================================
            Conv2d-1         [-1, 32, 128, 128]             832
         MaxPool2d-2           [-1, 32, 64, 64]               0
            Conv2d-3           [-1, 64, 64, 64]          18,496
         MaxPool2d-4           [-1, 64, 32, 32]               0
            Conv2d-5          [-1, 128, 32, 32]          73,856
         MaxPool2d-6          [-1, 128, 16, 16]               0
            Conv2d-7          [-1, 256, 16, 16]         295,168
         MaxPool2d-8            [-1, 256, 8, 8]               0
            Linear-9                  [-1, 128]       2,097,280
          Dropout-10                  [-1, 128]               0
           Linear-11                  [-1, 128]          16,512
          Dropout-12                  [-1, 128]               0
           Linear-13                    [-1, 1]             129
================================================================
Total params: 2,502,273
Trainable params: 2,502,273
Non-trainable params: 0
----------------------------------------------------------------
Input size (MB): 0.06
Forward/backward pass size (MB): 9.38
Params size (MB): 9.55
Estimated Total Size (MB): 18.99
----------------------------------------------------------------
Entering first epoch of training loop
[Epoch 1] Train Loss: 0.0008 | Val Loss: 0.0292
New best model saved to models/best_model/SSIM/best_model.pth with val_loss=0.0292
[Epoch 2] Train Loss: 0.0001 | Val Loss: 0.0206
New best model saved to models/best_model/SSIM/best_model.pth with val_loss=0.0206
[Epoch 3] Train Loss: 0.0001 | Val Loss: 0.0195
New best model saved to models/best_model/SSIM/best_model.pth with val_loss=0.0195
[Epoch 4] Train Loss: 0.0001 | Val Loss: 0.0186
New best model saved to models/best_model/SSIM/best_model.pth with val_loss=0.0186
[Epoch 5] Train Loss: 0.0001 | Val Loss: 0.0200
[Epoch 6] Train Loss: 0.0001 | Val Loss: 0.0241
[Epoch 7] Train Loss: 0.0000 | Val Loss: 0.0343
[Epoch 8] Train Loss: 0.0000 | Val Loss: 0.0349
[Epoch 9] Train Loss: 0.0000 | Val Loss: 0.0812
[Epoch 10] Train Loss: 0.0000 | Val Loss: 0.0815
[Epoch 11] Train Loss: 0.0000 | Val Loss: 0.0500
[Epoch 12] Train Loss: 0.0000 | Val Loss: 0.0351
[Epoch 13] Train Loss: 0.0000 | Val Loss: 0.0387
[Epoch 14] Train Loss: 0.0000 | Val Loss: 0.0213
Early stopping triggered after 10 no-improve epochs.
Saved training log to models/best_model/SSIM/train_val_loss.csv

JOB STATISTICS
==============
Job ID: 12302378
Cluster: snellius
User/Group: mvanderbrugge/mvanderbrugge
State: COMPLETED (exit code 0)
Nodes: 1
Cores per node: 18
CPU Utilized: 05:22:58
CPU Efficiency: 1.35% of 16-15:15:54 core-walltime
Job Wall-clock time: 22:10:53
Memory Utilized: 1.32 GB
Memory Efficiency: 8.27% of 16.00 GB (16.00 GB/node)
