============================================================================================== 
Warning! Mixing Conda and module environments may lead to corruption of the
user environment. 
We do not recommend users mixing those two environments unless absolutely
necessary. Note that 
SURF does not provide any support for Conda environment.
For more information, please refer to our software policy page:
https://servicedesk.surf.nl/wiki/display/WIKI/Software+policy+Snellius#SoftwarepolicySnellius-UseofAnacondaandMinicondaenvironmentsonSnellius 

Remember that many packages have already been installed on the system and can
be loaded using 
the 'module load <package__name>' command. If you are uncertain if a package is
already available 
on the system, please use 'module avail' or 'module spider' to search for it.
============================================================================================== 
Checking whether the GPU is available
GPU available? True
Starting training for all metrics...
/home/mvanderbrugge/.conda/envs/photoacoustic-env/lib/python3.9/site-packages/torch/optim/lr_scheduler.py:62: UserWarning: The verbose parameter is deprecated. Please use get_last_lr() to access the learning rate.
  warnings.warn(

[CONFIG 1] Training best CV model for metric: BRISQUE_norm
Loaded 21536 train, 5384 val, 8398 test samples from ['MSFD', 'mice', 'pa_experiment_data', 'phantom', 'v_phantom', 'zenodo']
 Target range → min: 0.0000, max: 1.0000
[Debug] Sample predictions: [-0.02052413 -0.02048543 -0.02060215 -0.02063726 -0.02043731]
[Debug] Corresponding targets: [0.695074   0.7074446  0.54412264 0.7150948  0.7444923 ]
[Epoch 1] Train Loss: 0.1453 | Val Loss: 0.0691
✔ New best model saved to models/best_config/BRISQUE_norm/best_model.pth with val_loss=0.0691
[Epoch 2] Train Loss: 0.0651 | Val Loss: 0.0636
✔ New best model saved to models/best_config/BRISQUE_norm/best_model.pth with val_loss=0.0636
[Epoch 3] Train Loss: 0.0626 | Val Loss: 0.0600
✔ New best model saved to models/best_config/BRISQUE_norm/best_model.pth with val_loss=0.0600
[Epoch 4] Train Loss: 0.0608 | Val Loss: 0.0582
✔ New best model saved to models/best_config/BRISQUE_norm/best_model.pth with val_loss=0.0582
[Epoch 5] Train Loss: 0.0589 | Val Loss: 0.0583
[Epoch 6] Train Loss: 0.0577 | Val Loss: 0.0573
✔ New best model saved to models/best_config/BRISQUE_norm/best_model.pth with val_loss=0.0573
[Epoch 7] Train Loss: 0.0558 | Val Loss: 0.0584
[Epoch 8] Train Loss: 0.0554 | Val Loss: 0.0518
✔ New best model saved to models/best_config/BRISQUE_norm/best_model.pth with val_loss=0.0518
[Epoch 9] Train Loss: 0.0522 | Val Loss: 0.0509
✔ New best model saved to models/best_config/BRISQUE_norm/best_model.pth with val_loss=0.0509
[Epoch 10] Train Loss: 0.0498 | Val Loss: 0.0517
[Epoch 11] Train Loss: 0.0486 | Val Loss: 0.0485
✔ New best model saved to models/best_config/BRISQUE_norm/best_model.pth with val_loss=0.0485
[Epoch 12] Train Loss: 0.0480 | Val Loss: 0.0514
[Epoch 13] Train Loss: 0.0474 | Val Loss: 0.0453
✔ New best model saved to models/best_config/BRISQUE_norm/best_model.pth with val_loss=0.0453
[Epoch 14] Train Loss: 0.0466 | Val Loss: 0.0462
[Epoch 15] Train Loss: 0.0455 | Val Loss: 0.0447
✔ New best model saved to models/best_config/BRISQUE_norm/best_model.pth with val_loss=0.0447
[Epoch 16] Train Loss: 0.0449 | Val Loss: 0.0429
✔ New best model saved to models/best_config/BRISQUE_norm/best_model.pth with val_loss=0.0429
[Epoch 17] Train Loss: 0.0448 | Val Loss: 0.0463
[Epoch 18] Train Loss: 0.0432 | Val Loss: 0.0429
✔ New best model saved to models/best_config/BRISQUE_norm/best_model.pth with val_loss=0.0429
[Epoch 19] Train Loss: 0.0430 | Val Loss: 0.0437
[Epoch 20] Train Loss: 0.0425 | Val Loss: 0.0425
✔ New best model saved to models/best_config/BRISQUE_norm/best_model.pth with val_loss=0.0425
[Epoch 21] Train Loss: 0.0417 | Val Loss: 0.0442
[Epoch 22] Train Loss: 0.0410 | Val Loss: 0.0419
✔ New best model saved to models/best_config/BRISQUE_norm/best_model.pth with val_loss=0.0419
[Epoch 23] Train Loss: 0.0406 | Val Loss: 0.0425
[Epoch 24] Train Loss: 0.0398 | Val Loss: 0.0471
[Epoch 25] Train Loss: 0.0394 | Val Loss: 0.0397
✔ New best model saved to models/best_config/BRISQUE_norm/best_model.pth with val_loss=0.0397
[Epoch 26] Train Loss: 0.0383 | Val Loss: 0.0411
[Epoch 27] Train Loss: 0.0377 | Val Loss: 0.0398
[Epoch 28] Train Loss: 0.0375 | Val Loss: 0.0393
✔ New best model saved to models/best_config/BRISQUE_norm/best_model.pth with val_loss=0.0393
[Epoch 29] Train Loss: 0.0370 | Val Loss: 0.0390
✔ New best model saved to models/best_config/BRISQUE_norm/best_model.pth with val_loss=0.0390
[Epoch 30] Train Loss: 0.0362 | Val Loss: 0.0390
✔ New best model saved to models/best_config/BRISQUE_norm/best_model.pth with val_loss=0.0390
[Epoch 31] Train Loss: 0.0359 | Val Loss: 0.0375
✔ New best model saved to models/best_config/BRISQUE_norm/best_model.pth with val_loss=0.0375
[Epoch 32] Train Loss: 0.0357 | Val Loss: 0.0375
✔ New best model saved to models/best_config/BRISQUE_norm/best_model.pth with val_loss=0.0375
[Epoch 33] Train Loss: 0.0346 | Val Loss: 0.0397
[Epoch 34] Train Loss: 0.0345 | Val Loss: 0.0392
[Epoch 35] Train Loss: 0.0339 | Val Loss: 0.0392
[Epoch 36] Train Loss: 0.0335 | Val Loss: 0.0387
[Epoch 37] Train Loss: 0.0327 | Val Loss: 0.0364
✔ New best model saved to models/best_config/BRISQUE_norm/best_model.pth with val_loss=0.0364
[Epoch 38] Train Loss: 0.0325 | Val Loss: 0.0371
[Epoch 39] Train Loss: 0.0317 | Val Loss: 0.0369
[Epoch 40] Train Loss: 0.0317 | Val Loss: 0.0370
[Epoch 41] Train Loss: 0.0316 | Val Loss: 0.0368
[Epoch 42] Train Loss: 0.0307 | Val Loss: 0.0351
✔ New best model saved to models/best_config/BRISQUE_norm/best_model.pth with val_loss=0.0351
[Epoch 43] Train Loss: 0.0305 | Val Loss: 0.0373
[Epoch 44] Train Loss: 0.0298 | Val Loss: 0.0349
✔ New best model saved to models/best_config/BRISQUE_norm/best_model.pth with val_loss=0.0349
[Epoch 45] Train Loss: 0.0296 | Val Loss: 0.0351
[Epoch 46] Train Loss: 0.0292 | Val Loss: 0.0346
✔ New best model saved to models/best_config/BRISQUE_norm/best_model.pth with val_loss=0.0346
[Epoch 47] Train Loss: 0.0290 | Val Loss: 0.0350
[Epoch 48] Train Loss: 0.0280 | Val Loss: 0.0346
✔ New best model saved to models/best_config/BRISQUE_norm/best_model.pth with val_loss=0.0346
[Epoch 49] Train Loss: 0.0281 | Val Loss: 0.0353
[Epoch 50] Train Loss: 0.0275 | Val Loss: 0.0352
[Epoch 51] Train Loss: 0.0271 | Val Loss: 0.0362
[Epoch 52] Train Loss: 0.0268 | Val Loss: 0.0344
✔ New best model saved to models/best_config/BRISQUE_norm/best_model.pth with val_loss=0.0344
[Epoch 53] Train Loss: 0.0267 | Val Loss: 0.0351
[Epoch 54] Train Loss: 0.0263 | Val Loss: 0.0344
[Epoch 55] Train Loss: 0.0259 | Val Loss: 0.0337
✔ New best model saved to models/best_config/BRISQUE_norm/best_model.pth with val_loss=0.0337
[Epoch 56] Train Loss: 0.0256 | Val Loss: 0.0333
✔ New best model saved to models/best_config/BRISQUE_norm/best_model.pth with val_loss=0.0333
[Epoch 57] Train Loss: 0.0256 | Val Loss: 0.0370
[Epoch 58] Train Loss: 0.0250 | Val Loss: 0.0333
[Epoch 59] Train Loss: 0.0245 | Val Loss: 0.0329
✔ New best model saved to models/best_config/BRISQUE_norm/best_model.pth with val_loss=0.0329
[Epoch 60] Train Loss: 0.0242 | Val Loss: 0.0330
[Epoch 61] Train Loss: 0.0241 | Val Loss: 0.0331
[Epoch 62] Train Loss: 0.0237 | Val Loss: 0.0331
[Epoch 63] Train Loss: 0.0237 | Val Loss: 0.0341
[Epoch 64] Train Loss: 0.0232 | Val Loss: 0.0353
[Epoch 65] Train Loss: 0.0230 | Val Loss: 0.0366
[Epoch 66] Train Loss: 0.0230 | Val Loss: 0.0324
✔ New best model saved to models/best_config/BRISQUE_norm/best_model.pth with val_loss=0.0324
[Epoch 67] Train Loss: 0.0226 | Val Loss: 0.0321
✔ New best model saved to models/best_config/BRISQUE_norm/best_model.pth with val_loss=0.0321
[Epoch 68] Train Loss: 0.0226 | Val Loss: 0.0332
[Epoch 69] Train Loss: 0.0222 | Val Loss: 0.0318
✔ New best model saved to models/best_config/BRISQUE_norm/best_model.pth with val_loss=0.0318
[Epoch 70] Train Loss: 0.0219 | Val Loss: 0.0326
[Epoch 71] Train Loss: 0.0216 | Val Loss: 0.0317
✔ New best model saved to models/best_config/BRISQUE_norm/best_model.pth with val_loss=0.0317
[Epoch 72] Train Loss: 0.0214 | Val Loss: 0.0364
[Epoch 73] Train Loss: 0.0213 | Val Loss: 0.0330
[Epoch 74] Train Loss: 0.0210 | Val Loss: 0.0316
✔ New best model saved to models/best_config/BRISQUE_norm/best_model.pth with val_loss=0.0316
[Epoch 75] Train Loss: 0.0209 | Val Loss: 0.0319
[Epoch 76] Train Loss: 0.0209 | Val Loss: 0.0322
[Epoch 77] Train Loss: 0.0208 | Val Loss: 0.0313
✔ New best model saved to models/best_config/BRISQUE_norm/best_model.pth with val_loss=0.0313
[Epoch 78] Train Loss: 0.0204 | Val Loss: 0.0324
[Epoch 79] Train Loss: 0.0201 | Val Loss: 0.0320
[Epoch 80] Train Loss: 0.0201 | Val Loss: 0.0320
[Epoch 81] Train Loss: 0.0198 | Val Loss: 0.0328
[Epoch 82] Train Loss: 0.0195 | Val Loss: 0.0318
[Epoch 83] Train Loss: 0.0198 | Val Loss: 0.0311
✔ New best model saved to models/best_config/BRISQUE_norm/best_model.pth with val_loss=0.0311
[Epoch 84] Train Loss: 0.0192 | Val Loss: 0.0316
[Epoch 85] Train Loss: 0.0193 | Val Loss: 0.0328
[Epoch 86] Train Loss: 0.0191 | Val Loss: 0.0335
[Epoch 87] Train Loss: 0.0190 | Val Loss: 0.0315
[Epoch 88] Train Loss: 0.0188 | Val Loss: 0.0342
/home/mvanderbrugge/.conda/envs/photoacoustic-env/lib/python3.9/site-packages/torch/optim/lr_scheduler.py:62: UserWarning: The verbose parameter is deprecated. Please use get_last_lr() to access the learning rate.
  warnings.warn(
/home/mvanderbrugge/.conda/envs/photoacoustic-env/lib/python3.9/site-packages/torch/optim/lr_scheduler.py:62: UserWarning: The verbose parameter is deprecated. Please use get_last_lr() to access the learning rate.
  warnings.warn(
[Epoch 89] Train Loss: 0.0187 | Val Loss: 0.0308
✔ New best model saved to models/best_config/BRISQUE_norm/best_model.pth with val_loss=0.0308
[Epoch 90] Train Loss: 0.0185 | Val Loss: 0.0321
[Epoch 91] Train Loss: 0.0183 | Val Loss: 0.0314
[Epoch 92] Train Loss: 0.0183 | Val Loss: 0.0311
[Epoch 93] Train Loss: 0.0181 | Val Loss: 0.0308
✔ New best model saved to models/best_config/BRISQUE_norm/best_model.pth with val_loss=0.0308
[Epoch 94] Train Loss: 0.0181 | Val Loss: 0.0311
[Epoch 95] Train Loss: 0.0182 | Val Loss: 0.0308
[Epoch 96] Train Loss: 0.0176 | Val Loss: 0.0307
✔ New best model saved to models/best_config/BRISQUE_norm/best_model.pth with val_loss=0.0307
[Epoch 97] Train Loss: 0.0175 | Val Loss: 0.0307
✔ New best model saved to models/best_config/BRISQUE_norm/best_model.pth with val_loss=0.0307
[Epoch 98] Train Loss: 0.0174 | Val Loss: 0.0306
✔ New best model saved to models/best_config/BRISQUE_norm/best_model.pth with val_loss=0.0306
[Epoch 99] Train Loss: 0.0175 | Val Loss: 0.0309
[Epoch 100] Train Loss: 0.0171 | Val Loss: 0.0304
✔ New best model saved to models/best_config/BRISQUE_norm/best_model.pth with val_loss=0.0304
[Epoch 101] Train Loss: 0.0171 | Val Loss: 0.0313
[Epoch 102] Train Loss: 0.0170 | Val Loss: 0.0309
[Epoch 103] Train Loss: 0.0167 | Val Loss: 0.0315
[Epoch 104] Train Loss: 0.0165 | Val Loss: 0.0302
✔ New best model saved to models/best_config/BRISQUE_norm/best_model.pth with val_loss=0.0302
[Epoch 105] Train Loss: 0.0168 | Val Loss: 0.0312
[Epoch 106] Train Loss: 0.0167 | Val Loss: 0.0327
[Epoch 107] Train Loss: 0.0166 | Val Loss: 0.0325
[Epoch 108] Train Loss: 0.0167 | Val Loss: 0.0310
[Epoch 109] Train Loss: 0.0163 | Val Loss: 0.0314
[Epoch 110] Train Loss: 0.0160 | Val Loss: 0.0314
[Epoch 111] Train Loss: 0.0160 | Val Loss: 0.0303
[Epoch 112] Train Loss: 0.0158 | Val Loss: 0.0300
✔ New best model saved to models/best_config/BRISQUE_norm/best_model.pth with val_loss=0.0300
[Epoch 113] Train Loss: 0.0158 | Val Loss: 0.0322
[Epoch 114] Train Loss: 0.0159 | Val Loss: 0.0304
[Epoch 115] Train Loss: 0.0158 | Val Loss: 0.0305
[Epoch 116] Train Loss: 0.0155 | Val Loss: 0.0306
[Epoch 117] Train Loss: 0.0153 | Val Loss: 0.0299
✔ New best model saved to models/best_config/BRISQUE_norm/best_model.pth with val_loss=0.0299
[Epoch 118] Train Loss: 0.0154 | Val Loss: 0.0309
[Epoch 119] Train Loss: 0.0155 | Val Loss: 0.0299
✔ New best model saved to models/best_config/BRISQUE_norm/best_model.pth with val_loss=0.0299
[Epoch 120] Train Loss: 0.0153 | Val Loss: 0.0307
[Epoch 121] Train Loss: 0.0150 | Val Loss: 0.0297
✔ New best model saved to models/best_config/BRISQUE_norm/best_model.pth with val_loss=0.0297
[Epoch 122] Train Loss: 0.0150 | Val Loss: 0.0319
[Epoch 123] Train Loss: 0.0149 | Val Loss: 0.0306
[Epoch 124] Train Loss: 0.0148 | Val Loss: 0.0309
[Epoch 125] Train Loss: 0.0150 | Val Loss: 0.0318
[Epoch 126] Train Loss: 0.0145 | Val Loss: 0.0311
[Epoch 127] Train Loss: 0.0144 | Val Loss: 0.0311
[Epoch 128] Train Loss: 0.0143 | Val Loss: 0.0298
[Epoch 129] Train Loss: 0.0143 | Val Loss: 0.0302
[Epoch 130] Train Loss: 0.0145 | Val Loss: 0.0306
[Epoch 131] Train Loss: 0.0142 | Val Loss: 0.0298
⏹️ Early stopping triggered after 10 no-improve epochs.
Saved training loss log to models/best_config/BRISQUE_norm/train_val_loss.csv

[CONFIG 2] Training IQA-DCNN config for metric: BRISQUE_norm
Loaded 21536 train, 5384 val, 8398 test samples from ['MSFD', 'mice', 'pa_experiment_data', 'phantom', 'v_phantom', 'zenodo']
 Target range → min: 0.0000, max: 1.0000
[Debug] Sample predictions: [0.07227703 0.06172156 0.07178319 0.09074011 0.06813213]
[Debug] Corresponding targets: [0.78899    0.83093417 0.62977207 0.6767246  0.11672597]
[Epoch 1] Train Loss: 0.1956 | Val Loss: 0.1305
✔ New best model saved to models/iqadcnn_config/BRISQUE_norm/best_model.pth with val_loss=0.1305
[Epoch 2] Train Loss: 0.1079 | Val Loss: 0.0627
✔ New best model saved to models/iqadcnn_config/BRISQUE_norm/best_model.pth with val_loss=0.0627
[Epoch 3] Train Loss: 0.0838 | Val Loss: 0.0740
[Epoch 4] Train Loss: 0.0800 | Val Loss: 0.0977
[Epoch 5] Train Loss: 0.0781 | Val Loss: 0.0842
[Epoch 6] Train Loss: 0.0762 | Val Loss: 0.0805
[Epoch 7] Train Loss: 0.0748 | Val Loss: 0.0817
[Epoch 8] Train Loss: 0.0728 | Val Loss: 0.0843
[Epoch 9] Train Loss: 0.0715 | Val Loss: 0.1008
[Epoch 10] Train Loss: 0.0698 | Val Loss: 0.0855
[Epoch 11] Train Loss: 0.0696 | Val Loss: 0.0777
[Epoch 12] Train Loss: 0.0680 | Val Loss: 0.0892
⏹️ Early stopping triggered after 10 no-improve epochs.
Saved training loss log to models/iqadcnn_config/BRISQUE_norm/train_val_loss.csv

[CONFIG 1] Training best CV model for metric: TV
Loaded 21536 train, 5384 val, 8398 test samples from ['MSFD', 'mice', 'pa_experiment_data', 'phantom', 'v_phantom', 'zenodo']
 Target range → min: 0.0260, max: 28.9858
[Debug] Sample predictions: [-0.09776752 -0.09782153 -0.09776452 -0.09784268 -0.09781478]
[Debug] Corresponding targets: [5.2396913 3.2658546 3.4103062 2.8686752 3.803875 ]
[Epoch 1] Train Loss: 0.7778 | Val Loss: 0.2909
✔ New best model saved to models/best_config/TV/best_model.pth with val_loss=0.2909
[Epoch 2] Train Loss: 0.3043 | Val Loss: 0.2960
[Epoch 3] Train Loss: 0.2692 | Val Loss: 0.2323
✔ New best model saved to models/best_config/TV/best_model.pth with val_loss=0.2323
[Epoch 4] Train Loss: 0.2558 | Val Loss: 0.2528
[Epoch 5] Train Loss: 0.2446 | Val Loss: 0.2005
✔ New best model saved to models/best_config/TV/best_model.pth with val_loss=0.2005
[Epoch 6] Train Loss: 0.2404 | Val Loss: 0.2036
[Epoch 7] Train Loss: 0.2251 | Val Loss: 0.1879
✔ New best model saved to models/best_config/TV/best_model.pth with val_loss=0.1879
[Epoch 8] Train Loss: 0.2318 | Val Loss: 0.2393
[Epoch 9] Train Loss: 0.2252 | Val Loss: 0.2047
[Epoch 10] Train Loss: 0.2120 | Val Loss: 0.1864
✔ New best model saved to models/best_config/TV/best_model.pth with val_loss=0.1864
[Epoch 11] Train Loss: 0.2078 | Val Loss: 0.1732
✔ New best model saved to models/best_config/TV/best_model.pth with val_loss=0.1732
[Epoch 12] Train Loss: 0.2003 | Val Loss: 0.2080
[Epoch 13] Train Loss: 0.1959 | Val Loss: 0.1855
[Epoch 14] Train Loss: 0.1947 | Val Loss: 0.2160
[Epoch 15] Train Loss: 0.1864 | Val Loss: 0.1638
✔ New best model saved to models/best_config/TV/best_model.pth with val_loss=0.1638
[Epoch 16] Train Loss: 0.1803 | Val Loss: 0.1506
✔ New best model saved to models/best_config/TV/best_model.pth with val_loss=0.1506
[Epoch 17] Train Loss: 0.1758 | Val Loss: 0.3046
[Epoch 18] Train Loss: 0.1717 | Val Loss: 0.1460
✔ New best model saved to models/best_config/TV/best_model.pth with val_loss=0.1460
[Epoch 19] Train Loss: 0.1659 | Val Loss: 0.1755
[Epoch 20] Train Loss: 0.1613 | Val Loss: 0.1403
✔ New best model saved to models/best_config/TV/best_model.pth with val_loss=0.1403
[Epoch 21] Train Loss: 0.1591 | Val Loss: 0.1257
✔ New best model saved to models/best_config/TV/best_model.pth with val_loss=0.1257
[Epoch 22] Train Loss: 0.1532 | Val Loss: 0.1951
[Epoch 23] Train Loss: 0.1504 | Val Loss: 0.1216
✔ New best model saved to models/best_config/TV/best_model.pth with val_loss=0.1216
[Epoch 24] Train Loss: 0.1486 | Val Loss: 0.1435
[Epoch 25] Train Loss: 0.1522 | Val Loss: 0.1677
[Epoch 26] Train Loss: 0.1461 | Val Loss: 0.1284
[Epoch 27] Train Loss: 0.1415 | Val Loss: 0.1211
✔ New best model saved to models/best_config/TV/best_model.pth with val_loss=0.1211
[Epoch 28] Train Loss: 0.1441 | Val Loss: 0.2185
[Epoch 29] Train Loss: 0.1400 | Val Loss: 0.1297
[Epoch 30] Train Loss: 0.1370 | Val Loss: 0.1866
[Epoch 31] Train Loss: 0.1310 | Val Loss: 0.1043
✔ New best model saved to models/best_config/TV/best_model.pth with val_loss=0.1043
[Epoch 32] Train Loss: 0.1329 | Val Loss: 0.1400
[Epoch 33] Train Loss: 0.1348 | Val Loss: 0.1268
[Epoch 34] Train Loss: 0.1324 | Val Loss: 0.1866
[Epoch 35] Train Loss: 0.1322 | Val Loss: 0.1631
[Epoch 36] Train Loss: 0.1288 | Val Loss: 0.1130
[Epoch 37] Train Loss: 0.1253 | Val Loss: 0.1368
[Epoch 38] Train Loss: 0.1287 | Val Loss: 0.1309
[Epoch 39] Train Loss: 0.1257 | Val Loss: 0.1935
/home/mvanderbrugge/.conda/envs/photoacoustic-env/lib/python3.9/site-packages/torch/optim/lr_scheduler.py:62: UserWarning: The verbose parameter is deprecated. Please use get_last_lr() to access the learning rate.
  warnings.warn(
[Epoch 40] Train Loss: 0.1196 | Val Loss: 0.1201
[Epoch 41] Train Loss: 0.1189 | Val Loss: 0.1201
⏹️ Early stopping triggered after 10 no-improve epochs.
Saved training loss log to models/best_config/TV/train_val_loss.csv

[CONFIG 2] Training IQA-DCNN config for metric: TV
Loaded 21536 train, 5384 val, 8398 test samples from ['MSFD', 'mice', 'pa_experiment_data', 'phantom', 'v_phantom', 'zenodo']
 Target range → min: 0.0260, max: 28.9858
[Debug] Sample predictions: [-0.00673403 -0.00380113 -0.04033585 -0.03521065 -0.01863756]
[Debug] Corresponding targets: [16.115545   3.1723382  3.936218   2.2882178  4.239261 ]
[Epoch 1] Train Loss: 1.4136 | Val Loss: 0.5333
✔ New best model saved to models/iqadcnn_config/TV/best_model.pth with val_loss=0.5333
[Epoch 2] Train Loss: 0.6496 | Val Loss: 0.4995
✔ New best model saved to models/iqadcnn_config/TV/best_model.pth with val_loss=0.4995
[Epoch 3] Train Loss: 0.5774 | Val Loss: 0.4763
✔ New best model saved to models/iqadcnn_config/TV/best_model.pth with val_loss=0.4763
[Epoch 4] Train Loss: 0.5515 | Val Loss: 0.4920
[Epoch 5] Train Loss: 0.5426 | Val Loss: 0.4347
✔ New best model saved to models/iqadcnn_config/TV/best_model.pth with val_loss=0.4347
[Epoch 6] Train Loss: 0.5230 | Val Loss: 0.5638
[Epoch 7] Train Loss: 0.5072 | Val Loss: 0.6607
[Epoch 8] Train Loss: 0.4985 | Val Loss: 0.5003
[Epoch 9] Train Loss: 0.4875 | Val Loss: 0.7463
[Epoch 10] Train Loss: 0.4769 | Val Loss: 0.7701
[Epoch 11] Train Loss: 0.4751 | Val Loss: 0.7216
[Epoch 12] Train Loss: 0.4652 | Val Loss: 0.9148
[Epoch 13] Train Loss: 0.4647 | Val Loss: 0.9440
[Epoch 14] Train Loss: 0.4519 | Val Loss: 0.9632
[Epoch 15] Train Loss: 0.4472 | Val Loss: 0.6925
⏹️ Early stopping triggered after 10 no-improve epochs.
Saved training loss log to models/iqadcnn_config/TV/train_val_loss.csv

JOB STATISTICS
==============
Job ID: 11613234
Cluster: snellius
User/Group: mvanderbrugge/mvanderbrugge
State: RUNNING
Nodes: 1
Cores per node: 18
CPU Utilized: 00:00:04
CPU Efficiency: 0.00% of 2-08:20:06 core-walltime
Job Wall-clock time: 03:07:47
Memory Utilized: 1.71 MB
Memory Efficiency: 0.00% of 120.00 GB (120.00 GB/node)
WARNING: Efficiency statistics can only be obtained after the job has ended as seff tool is based on the accounting database data.
