============================================================================================== 
Warning! Mixing Conda and module environments may lead to corruption of the
user environment. 
We do not recommend users mixing those two environments unless absolutely
necessary. Note that 
SURF does not provide any support for Conda environment.
For more information, please refer to our software policy page:
https://servicedesk.surf.nl/wiki/display/WIKI/Software+policy+Snellius#SoftwarepolicySnellius-UseofAnacondaandMinicondaenvironmentsonSnellius 

Remember that many packages have already been installed on the system and can
be loaded using 
the 'module load <package__name>' command. If you are uncertain if a package is
already available 
on the system, please use 'module avail' or 'module spider' to search for it.
============================================================================================== 
Running on gcn26.local.snellius.surf.nl
Sat Jun 14 11:13:34 2025       
+-----------------------------------------------------------------------------------------+
| NVIDIA-SMI 565.57.01              Driver Version: 565.57.01      CUDA Version: 12.7     |
|-----------------------------------------+------------------------+----------------------+
| GPU  Name                 Persistence-M | Bus-Id          Disp.A | Volatile Uncorr. ECC |
| Fan  Temp   Perf          Pwr:Usage/Cap |           Memory-Usage | GPU-Util  Compute M. |
|                                         |                        |               MIG M. |
|=========================================+========================+======================|
|   0  NVIDIA A100-SXM4-40GB          On  |   00000000:CA:00.0 Off |                    0 |
| N/A   30C    P0             49W /  400W |       1MiB /  40960MiB |      0%      Default |
|                                         |                        |             Disabled |
+-----------------------------------------+------------------------+----------------------+
                                                                                         
+-----------------------------------------------------------------------------------------+
| Processes:                                                                              |
|  GPU   GI   CI        PID   Type   Process name                              GPU Memory |
|        ID   ID                                                               Usage      |
|=========================================================================================|
|  No running processes found                                                             |
+-----------------------------------------------------------------------------------------+
               total        used        free      shared  buff/cache   available
Mem:           503Gi        40Gi       462Gi       274Mi       7.0Gi       462Gi
Swap:             0B          0B          0B
Checking whether the GPU is available
GPU available? True
Starting training for ['SSIM', 'GMSD_norm', 'HAARPSI', 'S3IM', 'IWSSIM'] on IQDCNN

Training best_model model for metrics: ['SSIM', 'GMSD_norm', 'HAARPSI', 'S3IM', 'IWSSIM']
Loaded 573629 train, 25910 val, 339535 test samples from ['SCD_vc_ms', 'SCD_ms_ss32', 'SCD_ms_ss64', 'SCD_ms_ss128', 'SWFD_sc', 'mice', 'pa_experiment_data']
Target metric: ['SSIM', 'GMSD_norm', 'HAARPSI', 'S3IM', 'IWSSIM']
Target ranges:
  SSIM: min=0.2486, max=0.9689
  GMSD_norm: min=0.0178, max=0.7650
  HAARPSI: min=0.2021, max=0.9785
  S3IM: min=0.1068, max=0.9675
  IWSSIM: min=0.1989, max=0.9938
Using PhotoacousticQualityNetMulti
----------------------------------------------------------------
        Layer (type)               Output Shape         Param #
================================================================
            Conv2d-1         [-1, 32, 128, 128]             832
         MaxPool2d-2           [-1, 32, 64, 64]               0
            Conv2d-3           [-1, 64, 64, 64]          18,496
         MaxPool2d-4           [-1, 64, 32, 32]               0
            Conv2d-5          [-1, 128, 32, 32]          73,856
         MaxPool2d-6          [-1, 128, 16, 16]               0
            Conv2d-7          [-1, 256, 16, 16]         295,168
         MaxPool2d-8            [-1, 256, 8, 8]               0
            Linear-9                  [-1, 128]       2,097,280
          Dropout-10                  [-1, 128]               0
           Linear-11                  [-1, 128]          16,512
          Dropout-12                  [-1, 128]               0
           Linear-13                    [-1, 5]             645
================================================================
Total params: 2,502,789
Trainable params: 2,502,789
Non-trainable params: 0
----------------------------------------------------------------
Input size (MB): 0.06
Forward/backward pass size (MB): 9.38
Params size (MB): 9.55
Estimated Total Size (MB): 18.99
----------------------------------------------------------------
Entering first epoch of training loop
[Epoch 1] Train Loss: 0.0009 | Val Loss: 0.0413
New best model saved to models/best_model/SSIM_GMSD_norm_HAARPSI_S3IM_IWSSIM/best_model.pth with val_loss=0.0413
[Epoch 2] Train Loss: 0.0001 | Val Loss: 0.0403
New best model saved to models/best_model/SSIM_GMSD_norm_HAARPSI_S3IM_IWSSIM/best_model.pth with val_loss=0.0403
[Epoch 3] Train Loss: 0.0001 | Val Loss: 0.0406
[Epoch 4] Train Loss: 0.0001 | Val Loss: 0.0369
New best model saved to models/best_model/SSIM_GMSD_norm_HAARPSI_S3IM_IWSSIM/best_model.pth with val_loss=0.0369
[Epoch 5] Train Loss: 0.0001 | Val Loss: 0.0363
New best model saved to models/best_model/SSIM_GMSD_norm_HAARPSI_S3IM_IWSSIM/best_model.pth with val_loss=0.0363
[Epoch 6] Train Loss: 0.0001 | Val Loss: 0.0343
New best model saved to models/best_model/SSIM_GMSD_norm_HAARPSI_S3IM_IWSSIM/best_model.pth with val_loss=0.0343
[Epoch 7] Train Loss: 0.0000 | Val Loss: 0.0360
[Epoch 8] Train Loss: 0.0000 | Val Loss: 0.0285
New best model saved to models/best_model/SSIM_GMSD_norm_HAARPSI_S3IM_IWSSIM/best_model.pth with val_loss=0.0285
[Epoch 9] Train Loss: 0.0000 | Val Loss: 0.0257
New best model saved to models/best_model/SSIM_GMSD_norm_HAARPSI_S3IM_IWSSIM/best_model.pth with val_loss=0.0257
[Epoch 10] Train Loss: 0.0000 | Val Loss: 0.0252
New best model saved to models/best_model/SSIM_GMSD_norm_HAARPSI_S3IM_IWSSIM/best_model.pth with val_loss=0.0252
[Epoch 11] Train Loss: 0.0000 | Val Loss: 0.0262
[Epoch 12] Train Loss: 0.0000 | Val Loss: 0.0257
[Epoch 13] Train Loss: 0.0000 | Val Loss: 0.0325
[Epoch 14] Train Loss: 0.0000 | Val Loss: 0.0313
[Epoch 15] Train Loss: 0.0000 | Val Loss: 0.0303
[Epoch 16] Train Loss: 0.0000 | Val Loss: 0.0335
[Epoch 17] Train Loss: 0.0000 | Val Loss: 0.0362
[Epoch 18] Train Loss: 0.0000 | Val Loss: 0.0281
[Epoch 19] Train Loss: 0.0000 | Val Loss: 0.0194
New best model saved to models/best_model/SSIM_GMSD_norm_HAARPSI_S3IM_IWSSIM/best_model.pth with val_loss=0.0194
[Epoch 20] Train Loss: 0.0000 | Val Loss: 0.0224
[Epoch 21] Train Loss: 0.0000 | Val Loss: 0.0199
[Epoch 22] Train Loss: 0.0000 | Val Loss: 0.0209
[Epoch 23] Train Loss: 0.0000 | Val Loss: 0.0220
[Epoch 24] Train Loss: 0.0000 | Val Loss: 0.0330
[Epoch 25] Train Loss: 0.0000 | Val Loss: 0.0281
[Epoch 26] Train Loss: 0.0000 | Val Loss: 0.0180
New best model saved to models/best_model/SSIM_GMSD_norm_HAARPSI_S3IM_IWSSIM/best_model.pth with val_loss=0.0180
[Epoch 27] Train Loss: 0.0000 | Val Loss: 0.0352
[Epoch 28] Train Loss: 0.0000 | Val Loss: 0.0201
[Epoch 29] Train Loss: 0.0000 | Val Loss: 0.0241
[Epoch 30] Train Loss: 0.0000 | Val Loss: 0.0205
[Epoch 31] Train Loss: 0.0000 | Val Loss: 0.0215
[Epoch 32] Train Loss: 0.0000 | Val Loss: 0.0213
[Epoch 33] Train Loss: 0.0000 | Val Loss: 0.0198
[Epoch 34] Train Loss: 0.0000 | Val Loss: 0.0351
[Epoch 35] Train Loss: 0.0000 | Val Loss: 0.0221
[Epoch 36] Train Loss: 0.0000 | Val Loss: 0.0381
Early stopping triggered after 10 no-improve epochs.
Saved training log to models/best_model/SSIM_GMSD_norm_HAARPSI_S3IM_IWSSIM/train_val_loss.csv

JOB STATISTICS
==============
Job ID: 12371609
Cluster: snellius
User/Group: mvanderbrugge/mvanderbrugge
State: COMPLETED (exit code 0)
Nodes: 1
Cores per node: 18
CPU Utilized: 14:24:27
CPU Efficiency: 3.90% of 15-09:01:12 core-walltime
Job Wall-clock time: 20:30:04
Memory Utilized: 1.63 GB
Memory Efficiency: 5.10% of 32.00 GB (32.00 GB/node)
