============================================================================================== 
Warning! Mixing Conda and module environments may lead to corruption of the
user environment. 
We do not recommend users mixing those two environments unless absolutely
necessary. Note that 
SURF does not provide any support for Conda environment.
For more information, please refer to our software policy page:
https://servicedesk.surf.nl/wiki/display/WIKI/Software+policy+Snellius#SoftwarepolicySnellius-UseofAnacondaandMinicondaenvironmentsonSnellius 

Remember that many packages have already been installed on the system and can
be loaded using 
the 'module load <package__name>' command. If you are uncertain if a package is
already available 
on the system, please use 'module avail' or 'module spider' to search for it.
============================================================================================== 
Running on gcn11.local.snellius.surf.nl
Sun Jun 15 15:04:23 2025       
+-----------------------------------------------------------------------------------------+
| NVIDIA-SMI 565.57.01              Driver Version: 565.57.01      CUDA Version: 12.7     |
|-----------------------------------------+------------------------+----------------------+
| GPU  Name                 Persistence-M | Bus-Id          Disp.A | Volatile Uncorr. ECC |
| Fan  Temp   Perf          Pwr:Usage/Cap |           Memory-Usage | GPU-Util  Compute M. |
|                                         |                        |               MIG M. |
|=========================================+========================+======================|
|   0  NVIDIA A100-SXM4-40GB          On  |   00000000:CA:00.0 Off |                    0 |
| N/A   32C    P0             49W /  400W |       1MiB /  40960MiB |      0%      Default |
|                                         |                        |             Disabled |
+-----------------------------------------+------------------------+----------------------+
                                                                                         
+-----------------------------------------------------------------------------------------+
| Processes:                                                                              |
|  GPU   GI   CI        PID   Type   Process name                              GPU Memory |
|        ID   ID                                                               Usage      |
|=========================================================================================|
|  No running processes found                                                             |
+-----------------------------------------------------------------------------------------+
               total        used        free      shared  buff/cache   available
Mem:           503Gi        30Gi       472Gi       383Mi       7.4Gi       472Gi
Swap:             0B          0B          0B
Checking whether the GPU is available
GPU available? True
Starting training for ['SSIM', 'GMSD_norm', 'HAARPSI', 'S3IM', 'IWSSIM'] on IQDCNN
/home/mvanderbrugge/.conda/envs/photoacoustic-env/lib/python3.9/site-packages/torch/nn/modules/loss.py:128: UserWarning: Using a target size (torch.Size([16, 1, 5])) that is different to the input size (torch.Size([16, 5])). This will likely lead to incorrect results due to broadcasting. Please ensure they have the same size.
  return F.l1_loss(input, target, reduction=self.reduction)
/home/mvanderbrugge/.conda/envs/photoacoustic-env/lib/python3.9/site-packages/torch/nn/modules/loss.py:128: UserWarning: Using a target size (torch.Size([6, 1, 5])) that is different to the input size (torch.Size([6, 5])). This will likely lead to incorrect results due to broadcasting. Please ensure they have the same size.
  return F.l1_loss(input, target, reduction=self.reduction)

Training IQDCNN model for metrics: ['SSIM', 'GMSD_norm', 'HAARPSI', 'S3IM', 'IWSSIM']
Loaded 573629 train, 25910 val, 339535 test samples from ['SCD_vc_ms', 'SCD_ms_ss32', 'SCD_ms_ss64', 'SCD_ms_ss128', 'SWFD_sc', 'mice', 'pa_experiment_data']
Target metric: ['SSIM', 'GMSD_norm', 'HAARPSI', 'S3IM', 'IWSSIM']
Target ranges:
  SSIM: min=0.2486, max=0.9689
  GMSD_norm: min=0.0178, max=0.7650
  HAARPSI: min=0.2021, max=0.9785
  S3IM: min=0.1068, max=0.9675
  IWSSIM: min=0.1989, max=0.9938
Using IQDCNNMulti
----------------------------------------------------------------
        Layer (type)               Output Shape         Param #
================================================================
            Conv2d-1         [-1, 32, 128, 128]             832
         MaxPool2d-2           [-1, 32, 63, 63]               0
            Conv2d-3           [-1, 32, 63, 63]          25,632
         MaxPool2d-4           [-1, 32, 31, 31]               0
            Conv2d-5           [-1, 32, 31, 31]          25,632
         MaxPool2d-6           [-1, 32, 15, 15]               0
            Conv2d-7           [-1, 32, 15, 15]          25,632
         MaxPool2d-8             [-1, 32, 7, 7]               0
            Linear-9                 [-1, 1024]       1,606,656
          Dropout-10                 [-1, 1024]               0
           Linear-11                 [-1, 1024]       1,049,600
          Dropout-12                 [-1, 1024]               0
           Linear-13                 [-1, 1024]       1,049,600
          Dropout-14                 [-1, 1024]               0
           Linear-15                    [-1, 5]           5,125
================================================================
Total params: 3,788,709
Trainable params: 3,788,709
Non-trainable params: 0
----------------------------------------------------------------
Input size (MB): 0.06
Forward/backward pass size (MB): 6.58
Params size (MB): 14.45
Estimated Total Size (MB): 21.09
----------------------------------------------------------------
Entering first epoch of training loop
[Epoch 1] Train Loss: 0.0347 | Val Loss: 0.2516
New best model saved to models/IQDCNN/SSIM_GMSD_norm_HAARPSI_S3IM_IWSSIM/best_model.pth with val_loss=0.2516
[Epoch 2] Train Loss: 0.0207 | Val Loss: 0.2787
[Epoch 3] Train Loss: 0.0177 | Val Loss: 0.2355
New best model saved to models/IQDCNN/SSIM_GMSD_norm_HAARPSI_S3IM_IWSSIM/best_model.pth with val_loss=0.2355
[Epoch 4] Train Loss: 0.0157 | Val Loss: 0.2642
[Epoch 5] Train Loss: 0.0143 | Val Loss: 0.2859
[Epoch 6] Train Loss: 0.0131 | Val Loss: 0.2712
[Epoch 7] Train Loss: 0.0122 | Val Loss: 0.2701
[Epoch 8] Train Loss: 0.0117 | Val Loss: 0.2927
[Epoch 9] Train Loss: 0.0112 | Val Loss: 0.2875
[Epoch 10] Train Loss: 0.0109 | Val Loss: 0.2888
[Epoch 11] Train Loss: 0.0107 | Val Loss: 0.2906
[Epoch 12] Train Loss: 0.0105 | Val Loss: 0.2734
[Epoch 13] Train Loss: 0.0104 | Val Loss: 0.2890
Early stopping triggered after 10 no-improve epochs.
Saved training log to models/IQDCNN/SSIM_GMSD_norm_HAARPSI_S3IM_IWSSIM/train_val_loss.csv

JOB STATISTICS
==============
Job ID: 12389595
Cluster: snellius
User/Group: mvanderbrugge/mvanderbrugge
State: RUNNING
Nodes: 1
Cores per node: 18
CPU Utilized: 00:00:03
CPU Efficiency: 0.00% of 6-07:21:36 core-walltime
Job Wall-clock time: 08:24:32
Memory Utilized: 1.69 MB
Memory Efficiency: 0.01% of 32.00 GB (32.00 GB/node)
WARNING: Efficiency statistics can only be obtained after the job has ended as seff tool is based on the accounting database data.
