============================================================================================== 
Warning! Mixing Conda and module environments may lead to corruption of the
user environment. 
We do not recommend users mixing those two environments unless absolutely
necessary. Note that 
SURF does not provide any support for Conda environment.
For more information, please refer to our software policy page:
https://servicedesk.surf.nl/wiki/display/WIKI/Software+policy+Snellius#SoftwarepolicySnellius-UseofAnacondaandMinicondaenvironmentsonSnellius 

Remember that many packages have already been installed on the system and can
be loaded using 
the 'module load <package__name>' command. If you are uncertain if a package is
already available 
on the system, please use 'module avail' or 'module spider' to search for it.
============================================================================================== 
Checking whether the GPU is available
GPU available? True
Starting training for all metrics...
/home/mvanderbrugge/.conda/envs/photoacoustic-env/lib/python3.9/site-packages/torch/optim/lr_scheduler.py:62: UserWarning: The verbose parameter is deprecated. Please use get_last_lr() to access the learning rate.
  warnings.warn(
/home/mvanderbrugge/.conda/envs/photoacoustic-env/lib/python3.9/site-packages/torch/optim/lr_scheduler.py:62: UserWarning: The verbose parameter is deprecated. Please use get_last_lr() to access the learning rate.
  warnings.warn(

[CONFIG 1] Training best CV model for metric: CLIP-IQA
Loaded 21616 train, 5404 val, 9239 test samples from ['MSFD', 'mice', 'pa_experiment_data', 'phantom', 'v_phantom', 'zenodo']
 Target range → min: 0.0081, max: 0.9399
[Debug] Sample predictions: [-0.01826425 -0.01821115 -0.01828962 -0.01830931 -0.01828117]
[Debug] Corresponding targets: [0.07537742 0.14024228 0.3791377  0.13808249 0.42088318]
[Epoch 1] Train Loss: 0.0618 | Val Loss: 0.0492
✔ New best model saved to models/best_config/CLIP-IQA/best_model.pth with val_loss=0.0492
[Epoch 2] Train Loss: 0.0459 | Val Loss: 0.0446
✔ New best model saved to models/best_config/CLIP-IQA/best_model.pth with val_loss=0.0446
[Epoch 3] Train Loss: 0.0447 | Val Loss: 0.0465
[Epoch 4] Train Loss: 0.0435 | Val Loss: 0.0415
✔ New best model saved to models/best_config/CLIP-IQA/best_model.pth with val_loss=0.0415
[Epoch 5] Train Loss: 0.0417 | Val Loss: 0.0396
✔ New best model saved to models/best_config/CLIP-IQA/best_model.pth with val_loss=0.0396
[Epoch 6] Train Loss: 0.0399 | Val Loss: 0.0402
[Epoch 7] Train Loss: 0.0387 | Val Loss: 0.0379
✔ New best model saved to models/best_config/CLIP-IQA/best_model.pth with val_loss=0.0379
[Epoch 8] Train Loss: 0.0373 | Val Loss: 0.0375
✔ New best model saved to models/best_config/CLIP-IQA/best_model.pth with val_loss=0.0375
[Epoch 9] Train Loss: 0.0362 | Val Loss: 0.0408
[Epoch 10] Train Loss: 0.0350 | Val Loss: 0.0351
✔ New best model saved to models/best_config/CLIP-IQA/best_model.pth with val_loss=0.0351
[Epoch 11] Train Loss: 0.0343 | Val Loss: 0.0357
[Epoch 12] Train Loss: 0.0337 | Val Loss: 0.0350
✔ New best model saved to models/best_config/CLIP-IQA/best_model.pth with val_loss=0.0350
[Epoch 13] Train Loss: 0.0329 | Val Loss: 0.0344
✔ New best model saved to models/best_config/CLIP-IQA/best_model.pth with val_loss=0.0344
[Epoch 14] Train Loss: 0.0321 | Val Loss: 0.0327
✔ New best model saved to models/best_config/CLIP-IQA/best_model.pth with val_loss=0.0327
[Epoch 15] Train Loss: 0.0311 | Val Loss: 0.0337
[Epoch 16] Train Loss: 0.0309 | Val Loss: 0.0333
[Epoch 17] Train Loss: 0.0303 | Val Loss: 0.0322
✔ New best model saved to models/best_config/CLIP-IQA/best_model.pth with val_loss=0.0322
[Epoch 18] Train Loss: 0.0295 | Val Loss: 0.0320
✔ New best model saved to models/best_config/CLIP-IQA/best_model.pth with val_loss=0.0320
[Epoch 19] Train Loss: 0.0292 | Val Loss: 0.0320
[Epoch 20] Train Loss: 0.0285 | Val Loss: 0.0305
✔ New best model saved to models/best_config/CLIP-IQA/best_model.pth with val_loss=0.0305
[Epoch 21] Train Loss: 0.0279 | Val Loss: 0.0307
[Epoch 22] Train Loss: 0.0272 | Val Loss: 0.0311
[Epoch 23] Train Loss: 0.0271 | Val Loss: 0.0299
✔ New best model saved to models/best_config/CLIP-IQA/best_model.pth with val_loss=0.0299
[Epoch 24] Train Loss: 0.0264 | Val Loss: 0.0302
[Epoch 25] Train Loss: 0.0261 | Val Loss: 0.0308
[Epoch 26] Train Loss: 0.0254 | Val Loss: 0.0302
[Epoch 27] Train Loss: 0.0254 | Val Loss: 0.0299
[Epoch 28] Train Loss: 0.0248 | Val Loss: 0.0287
✔ New best model saved to models/best_config/CLIP-IQA/best_model.pth with val_loss=0.0287
[Epoch 29] Train Loss: 0.0244 | Val Loss: 0.0310
[Epoch 30] Train Loss: 0.0239 | Val Loss: 0.0280
✔ New best model saved to models/best_config/CLIP-IQA/best_model.pth with val_loss=0.0280
[Epoch 31] Train Loss: 0.0236 | Val Loss: 0.0280
[Epoch 32] Train Loss: 0.0232 | Val Loss: 0.0282
[Epoch 33] Train Loss: 0.0228 | Val Loss: 0.0284
[Epoch 34] Train Loss: 0.0226 | Val Loss: 0.0288
[Epoch 35] Train Loss: 0.0222 | Val Loss: 0.0278
✔ New best model saved to models/best_config/CLIP-IQA/best_model.pth with val_loss=0.0278
[Epoch 36] Train Loss: 0.0219 | Val Loss: 0.0281
[Epoch 37] Train Loss: 0.0213 | Val Loss: 0.0277
✔ New best model saved to models/best_config/CLIP-IQA/best_model.pth with val_loss=0.0277
[Epoch 38] Train Loss: 0.0210 | Val Loss: 0.0281
[Epoch 39] Train Loss: 0.0210 | Val Loss: 0.0280
[Epoch 40] Train Loss: 0.0203 | Val Loss: 0.0270
✔ New best model saved to models/best_config/CLIP-IQA/best_model.pth with val_loss=0.0270
[Epoch 41] Train Loss: 0.0202 | Val Loss: 0.0272
[Epoch 42] Train Loss: 0.0200 | Val Loss: 0.0267
✔ New best model saved to models/best_config/CLIP-IQA/best_model.pth with val_loss=0.0267
[Epoch 43] Train Loss: 0.0195 | Val Loss: 0.0269
[Epoch 44] Train Loss: 0.0192 | Val Loss: 0.0269
[Epoch 45] Train Loss: 0.0188 | Val Loss: 0.0265
✔ New best model saved to models/best_config/CLIP-IQA/best_model.pth with val_loss=0.0265
[Epoch 46] Train Loss: 0.0188 | Val Loss: 0.0284
[Epoch 47] Train Loss: 0.0184 | Val Loss: 0.0265
✔ New best model saved to models/best_config/CLIP-IQA/best_model.pth with val_loss=0.0265
[Epoch 48] Train Loss: 0.0181 | Val Loss: 0.0277
[Epoch 49] Train Loss: 0.0179 | Val Loss: 0.0267
[Epoch 50] Train Loss: 0.0177 | Val Loss: 0.0261
✔ New best model saved to models/best_config/CLIP-IQA/best_model.pth with val_loss=0.0261
[Epoch 51] Train Loss: 0.0173 | Val Loss: 0.0265
[Epoch 52] Train Loss: 0.0171 | Val Loss: 0.0268
[Epoch 53] Train Loss: 0.0169 | Val Loss: 0.0271
[Epoch 54] Train Loss: 0.0167 | Val Loss: 0.0261
✔ New best model saved to models/best_config/CLIP-IQA/best_model.pth with val_loss=0.0261
[Epoch 55] Train Loss: 0.0164 | Val Loss: 0.0268
[Epoch 56] Train Loss: 0.0162 | Val Loss: 0.0270
[Epoch 57] Train Loss: 0.0159 | Val Loss: 0.0263
[Epoch 58] Train Loss: 0.0156 | Val Loss: 0.0269
[Epoch 59] Train Loss: 0.0155 | Val Loss: 0.0281
[Epoch 60] Train Loss: 0.0153 | Val Loss: 0.0256
✔ New best model saved to models/best_config/CLIP-IQA/best_model.pth with val_loss=0.0256
[Epoch 61] Train Loss: 0.0152 | Val Loss: 0.0262
[Epoch 62] Train Loss: 0.0149 | Val Loss: 0.0272
[Epoch 63] Train Loss: 0.0147 | Val Loss: 0.0259
[Epoch 64] Train Loss: 0.0146 | Val Loss: 0.0262
[Epoch 65] Train Loss: 0.0144 | Val Loss: 0.0264
[Epoch 66] Train Loss: 0.0142 | Val Loss: 0.0259
[Epoch 67] Train Loss: 0.0139 | Val Loss: 0.0259
[Epoch 68] Train Loss: 0.0138 | Val Loss: 0.0264
[Epoch 69] Train Loss: 0.0137 | Val Loss: 0.0257
[Epoch 70] Train Loss: 0.0133 | Val Loss: 0.0258
⏹️ Early stopping triggered after 10 no-improve epochs.
Saved training loss log to models/best_config/CLIP-IQA/train_val_loss.csv

[CONFIG 2] Training IQA-DCNN config for metric: CLIP-IQA
Loaded 21616 train, 5404 val, 9239 test samples from ['MSFD', 'mice', 'pa_experiment_data', 'phantom', 'v_phantom', 'zenodo']
 Target range → min: 0.0081, max: 0.9399
[Debug] Sample predictions: [ 0.01214479  0.01318672 -0.00832849 -0.00927665  0.01299929]
[Debug] Corresponding targets: [0.09196491 0.06971819 0.06627692 0.04148294 0.14828166]
[Epoch 1] Train Loss: 0.0765 | Val Loss: 0.0510
✔ New best model saved to models/iqadcnn_config/CLIP-IQA/best_model.pth with val_loss=0.0510
[Epoch 2] Train Loss: 0.0533 | Val Loss: 0.0466
✔ New best model saved to models/iqadcnn_config/CLIP-IQA/best_model.pth with val_loss=0.0466
[Epoch 3] Train Loss: 0.0518 | Val Loss: 0.0475
[Epoch 4] Train Loss: 0.0507 | Val Loss: 0.0436
✔ New best model saved to models/iqadcnn_config/CLIP-IQA/best_model.pth with val_loss=0.0436
[Epoch 5] Train Loss: 0.0491 | Val Loss: 0.0442
[Epoch 6] Train Loss: 0.0476 | Val Loss: 0.0422
✔ New best model saved to models/iqadcnn_config/CLIP-IQA/best_model.pth with val_loss=0.0422
[Epoch 7] Train Loss: 0.0470 | Val Loss: 0.0418
✔ New best model saved to models/iqadcnn_config/CLIP-IQA/best_model.pth with val_loss=0.0418
[Epoch 8] Train Loss: 0.0462 | Val Loss: 0.0423
[Epoch 9] Train Loss: 0.0448 | Val Loss: 0.0427
[Epoch 10] Train Loss: 0.0439 | Val Loss: 0.0412
✔ New best model saved to models/iqadcnn_config/CLIP-IQA/best_model.pth with val_loss=0.0412
[Epoch 11] Train Loss: 0.0429 | Val Loss: 0.0420
[Epoch 12] Train Loss: 0.0421 | Val Loss: 0.0408
✔ New best model saved to models/iqadcnn_config/CLIP-IQA/best_model.pth with val_loss=0.0408
[Epoch 13] Train Loss: 0.0413 | Val Loss: 0.0433
[Epoch 14] Train Loss: 0.0407 | Val Loss: 0.0387
✔ New best model saved to models/iqadcnn_config/CLIP-IQA/best_model.pth with val_loss=0.0387
[Epoch 15] Train Loss: 0.0403 | Val Loss: 0.0387
/home/mvanderbrugge/.conda/envs/photoacoustic-env/lib/python3.9/site-packages/torch/optim/lr_scheduler.py:62: UserWarning: The verbose parameter is deprecated. Please use get_last_lr() to access the learning rate.
  warnings.warn(
/home/mvanderbrugge/.conda/envs/photoacoustic-env/lib/python3.9/site-packages/torch/optim/lr_scheduler.py:62: UserWarning: The verbose parameter is deprecated. Please use get_last_lr() to access the learning rate.
  warnings.warn(
[Epoch 16] Train Loss: 0.0398 | Val Loss: 0.0362
✔ New best model saved to models/iqadcnn_config/CLIP-IQA/best_model.pth with val_loss=0.0362
[Epoch 17] Train Loss: 0.0391 | Val Loss: 0.0391
[Epoch 18] Train Loss: 0.0386 | Val Loss: 0.0359
✔ New best model saved to models/iqadcnn_config/CLIP-IQA/best_model.pth with val_loss=0.0359
[Epoch 19] Train Loss: 0.0381 | Val Loss: 0.0363
[Epoch 20] Train Loss: 0.0377 | Val Loss: 0.0373
[Epoch 21] Train Loss: 0.0375 | Val Loss: 0.0340
✔ New best model saved to models/iqadcnn_config/CLIP-IQA/best_model.pth with val_loss=0.0340
[Epoch 22] Train Loss: 0.0370 | Val Loss: 0.0358
[Epoch 23] Train Loss: 0.0365 | Val Loss: 0.0375
[Epoch 24] Train Loss: 0.0361 | Val Loss: 0.0331
✔ New best model saved to models/iqadcnn_config/CLIP-IQA/best_model.pth with val_loss=0.0331
[Epoch 25] Train Loss: 0.0357 | Val Loss: 0.0368
[Epoch 26] Train Loss: 0.0356 | Val Loss: 0.0329
✔ New best model saved to models/iqadcnn_config/CLIP-IQA/best_model.pth with val_loss=0.0329
[Epoch 27] Train Loss: 0.0355 | Val Loss: 0.0355
[Epoch 28] Train Loss: 0.0350 | Val Loss: 0.0326
✔ New best model saved to models/iqadcnn_config/CLIP-IQA/best_model.pth with val_loss=0.0326
[Epoch 29] Train Loss: 0.0345 | Val Loss: 0.0360
[Epoch 30] Train Loss: 0.0340 | Val Loss: 0.0325
✔ New best model saved to models/iqadcnn_config/CLIP-IQA/best_model.pth with val_loss=0.0325
[Epoch 31] Train Loss: 0.0338 | Val Loss: 0.0321
✔ New best model saved to models/iqadcnn_config/CLIP-IQA/best_model.pth with val_loss=0.0321
[Epoch 32] Train Loss: 0.0337 | Val Loss: 0.0316
✔ New best model saved to models/iqadcnn_config/CLIP-IQA/best_model.pth with val_loss=0.0316
[Epoch 33] Train Loss: 0.0329 | Val Loss: 0.0314
✔ New best model saved to models/iqadcnn_config/CLIP-IQA/best_model.pth with val_loss=0.0314
[Epoch 34] Train Loss: 0.0328 | Val Loss: 0.0311
✔ New best model saved to models/iqadcnn_config/CLIP-IQA/best_model.pth with val_loss=0.0311
[Epoch 35] Train Loss: 0.0328 | Val Loss: 0.0336
[Epoch 36] Train Loss: 0.0324 | Val Loss: 0.0317
[Epoch 37] Train Loss: 0.0327 | Val Loss: 0.0308
✔ New best model saved to models/iqadcnn_config/CLIP-IQA/best_model.pth with val_loss=0.0308
[Epoch 38] Train Loss: 0.0321 | Val Loss: 0.0333
[Epoch 39] Train Loss: 0.0318 | Val Loss: 0.0313
[Epoch 40] Train Loss: 0.0315 | Val Loss: 0.0329
[Epoch 41] Train Loss: 0.0317 | Val Loss: 0.0347
[Epoch 42] Train Loss: 0.0311 | Val Loss: 0.0315
[Epoch 43] Train Loss: 0.0310 | Val Loss: 0.0330
[Epoch 44] Train Loss: 0.0308 | Val Loss: 0.0321
[Epoch 45] Train Loss: 0.0311 | Val Loss: 0.0341
[Epoch 46] Train Loss: 0.0303 | Val Loss: 0.0305
✔ New best model saved to models/iqadcnn_config/CLIP-IQA/best_model.pth with val_loss=0.0305
[Epoch 47] Train Loss: 0.0301 | Val Loss: 0.0312
[Epoch 48] Train Loss: 0.0298 | Val Loss: 0.0349
[Epoch 49] Train Loss: 0.0298 | Val Loss: 0.0312
[Epoch 50] Train Loss: 0.0296 | Val Loss: 0.0312
[Epoch 51] Train Loss: 0.0294 | Val Loss: 0.0295
✔ New best model saved to models/iqadcnn_config/CLIP-IQA/best_model.pth with val_loss=0.0295
[Epoch 52] Train Loss: 0.0293 | Val Loss: 0.0301
[Epoch 53] Train Loss: 0.0291 | Val Loss: 0.0326
[Epoch 54] Train Loss: 0.0287 | Val Loss: 0.0309
[Epoch 55] Train Loss: 0.0288 | Val Loss: 0.0317
[Epoch 56] Train Loss: 0.0289 | Val Loss: 0.0318
[Epoch 57] Train Loss: 0.0286 | Val Loss: 0.0314
[Epoch 58] Train Loss: 0.0285 | Val Loss: 0.0325
[Epoch 59] Train Loss: 0.0282 | Val Loss: 0.0314
[Epoch 60] Train Loss: 0.0281 | Val Loss: 0.0324
[Epoch 61] Train Loss: 0.0280 | Val Loss: 0.0342
⏹️ Early stopping triggered after 10 no-improve epochs.
Saved training loss log to models/iqadcnn_config/CLIP-IQA/train_val_loss.csv

[CONFIG 1] Training best CV model for metric: SSIM
Loaded 21536 train, 5384 val, 8398 test samples from ['MSFD', 'mice', 'pa_experiment_data', 'phantom', 'v_phantom', 'zenodo']
 Target range → min: 0.0270, max: 0.9967
[Debug] Sample predictions: [-0.03375849 -0.0342657  -0.03377481 -0.03453644 -0.0337742 ]
[Debug] Corresponding targets: [0.7649239 0.7610771 0.9623977 0.9242553 0.7427529]
[Epoch 1] Train Loss: 0.0863 | Val Loss: 0.0324
✔ New best model saved to models/best_config/SSIM/best_model.pth with val_loss=0.0324
[Epoch 2] Train Loss: 0.0276 | Val Loss: 0.0259
✔ New best model saved to models/best_config/SSIM/best_model.pth with val_loss=0.0259
[Epoch 3] Train Loss: 0.0250 | Val Loss: 0.0231
✔ New best model saved to models/best_config/SSIM/best_model.pth with val_loss=0.0231
[Epoch 4] Train Loss: 0.0218 | Val Loss: 0.0175
✔ New best model saved to models/best_config/SSIM/best_model.pth with val_loss=0.0175
[Epoch 5] Train Loss: 0.0199 | Val Loss: 0.0251
[Epoch 6] Train Loss: 0.0195 | Val Loss: 0.0167
✔ New best model saved to models/best_config/SSIM/best_model.pth with val_loss=0.0167
[Epoch 7] Train Loss: 0.0177 | Val Loss: 0.0154
✔ New best model saved to models/best_config/SSIM/best_model.pth with val_loss=0.0154
[Epoch 8] Train Loss: 0.0176 | Val Loss: 0.0164
[Epoch 9] Train Loss: 0.0174 | Val Loss: 0.0175
[Epoch 10] Train Loss: 0.0165 | Val Loss: 0.0170
[Epoch 11] Train Loss: 0.0160 | Val Loss: 0.0192
[Epoch 12] Train Loss: 0.0158 | Val Loss: 0.0213
[Epoch 13] Train Loss: 0.0157 | Val Loss: 0.0130
✔ New best model saved to models/best_config/SSIM/best_model.pth with val_loss=0.0130
[Epoch 14] Train Loss: 0.0151 | Val Loss: 0.0157
[Epoch 15] Train Loss: 0.0146 | Val Loss: 0.0190
[Epoch 16] Train Loss: 0.0145 | Val Loss: 0.0132
[Epoch 17] Train Loss: 0.0138 | Val Loss: 0.0122
✔ New best model saved to models/best_config/SSIM/best_model.pth with val_loss=0.0122
[Epoch 18] Train Loss: 0.0134 | Val Loss: 0.0121
✔ New best model saved to models/best_config/SSIM/best_model.pth with val_loss=0.0121
[Epoch 19] Train Loss: 0.0133 | Val Loss: 0.0124
[Epoch 20] Train Loss: 0.0126 | Val Loss: 0.0130
[Epoch 21] Train Loss: 0.0127 | Val Loss: 0.0133
[Epoch 22] Train Loss: 0.0119 | Val Loss: 0.0157
[Epoch 23] Train Loss: 0.0122 | Val Loss: 0.0107
✔ New best model saved to models/best_config/SSIM/best_model.pth with val_loss=0.0107
[Epoch 24] Train Loss: 0.0117 | Val Loss: 0.0141
[Epoch 25] Train Loss: 0.0113 | Val Loss: 0.0098
✔ New best model saved to models/best_config/SSIM/best_model.pth with val_loss=0.0098
[Epoch 26] Train Loss: 0.0110 | Val Loss: 0.0110
[Epoch 27] Train Loss: 0.0108 | Val Loss: 0.0134
[Epoch 28] Train Loss: 0.0108 | Val Loss: 0.0108
[Epoch 29] Train Loss: 0.0105 | Val Loss: 0.0101
[Epoch 30] Train Loss: 0.0103 | Val Loss: 0.0100
[Epoch 31] Train Loss: 0.0101 | Val Loss: 0.0132
[Epoch 32] Train Loss: 0.0101 | Val Loss: 0.0105
[Epoch 33] Train Loss: 0.0100 | Val Loss: 0.0101
[Epoch 34] Train Loss: 0.0096 | Val Loss: 0.0084
✔ New best model saved to models/best_config/SSIM/best_model.pth with val_loss=0.0084
[Epoch 35] Train Loss: 0.0098 | Val Loss: 0.0123
[Epoch 36] Train Loss: 0.0094 | Val Loss: 0.0091
[Epoch 37] Train Loss: 0.0093 | Val Loss: 0.0098
[Epoch 38] Train Loss: 0.0092 | Val Loss: 0.0102
[Epoch 39] Train Loss: 0.0090 | Val Loss: 0.0093
[Epoch 40] Train Loss: 0.0090 | Val Loss: 0.0109
[Epoch 41] Train Loss: 0.0087 | Val Loss: 0.0085
[Epoch 42] Train Loss: 0.0090 | Val Loss: 0.0092
[Epoch 43] Train Loss: 0.0085 | Val Loss: 0.0099
[Epoch 44] Train Loss: 0.0083 | Val Loss: 0.0088
⏹️ Early stopping triggered after 10 no-improve epochs.
Saved training loss log to models/best_config/SSIM/train_val_loss.csv

[CONFIG 2] Training IQA-DCNN config for metric: SSIM
Loaded 21536 train, 5384 val, 8398 test samples from ['MSFD', 'mice', 'pa_experiment_data', 'phantom', 'v_phantom', 'zenodo']
 Target range → min: 0.0270, max: 0.9967
[Debug] Sample predictions: [0.05818765 0.04514474 0.08641366 0.0445515  0.07745716]
[Debug] Corresponding targets: [0.6250409  0.95885575 0.9412074  0.8574314  0.94916844]
[Epoch 1] Train Loss: 0.1771 | Val Loss: 0.0547
✔ New best model saved to models/iqadcnn_config/SSIM/best_model.pth with val_loss=0.0547
[Epoch 2] Train Loss: 0.0918 | Val Loss: 0.0912
[Epoch 3] Train Loss: 0.0796 | Val Loss: 0.1139
[Epoch 4] Train Loss: 0.0736 | Val Loss: 0.1422
[Epoch 5] Train Loss: 0.0687 | Val Loss: 0.1444
/home/mvanderbrugge/.conda/envs/photoacoustic-env/lib/python3.9/site-packages/torch/optim/lr_scheduler.py:62: UserWarning: The verbose parameter is deprecated. Please use get_last_lr() to access the learning rate.
  warnings.warn(
[Epoch 6] Train Loss: 0.0657 | Val Loss: 0.1118
[Epoch 7] Train Loss: 0.0636 | Val Loss: 0.1195
[Epoch 8] Train Loss: 0.0599 | Val Loss: 0.1246
[Epoch 9] Train Loss: 0.0581 | Val Loss: 0.1171
[Epoch 10] Train Loss: 0.0558 | Val Loss: 0.1092
[Epoch 11] Train Loss: 0.0544 | Val Loss: 0.0916
⏹️ Early stopping triggered after 10 no-improve epochs.
Saved training loss log to models/iqadcnn_config/SSIM/train_val_loss.csv

[CONFIG 1] Training best CV model for metric: PSNR_norm
Loaded 21536 train, 5384 val, 8398 test samples from ['MSFD', 'mice', 'pa_experiment_data', 'phantom', 'v_phantom', 'zenodo']
 Target range → min: 0.1367, max: 0.6127
[Debug] Sample predictions: [0.0133542  0.01331772 0.0133722  0.01336789 0.01335516]
[Debug] Corresponding targets: [0.35886532 0.42771778 0.46466494 0.447615   0.41756433]
[Epoch 1] Train Loss: 0.0341 | Val Loss: 0.0271
✔ New best model saved to models/best_config/PSNR_norm/best_model.pth with val_loss=0.0271
[Epoch 2] Train Loss: 0.0268 | Val Loss: 0.0244
✔ New best model saved to models/best_config/PSNR_norm/best_model.pth with val_loss=0.0244
[Epoch 3] Train Loss: 0.0253 | Val Loss: 0.0282
[Epoch 4] Train Loss: 0.0238 | Val Loss: 0.0231
✔ New best model saved to models/best_config/PSNR_norm/best_model.pth with val_loss=0.0231
[Epoch 5] Train Loss: 0.0225 | Val Loss: 0.0213
✔ New best model saved to models/best_config/PSNR_norm/best_model.pth with val_loss=0.0213
[Epoch 6] Train Loss: 0.0211 | Val Loss: 0.0195
✔ New best model saved to models/best_config/PSNR_norm/best_model.pth with val_loss=0.0195
[Epoch 7] Train Loss: 0.0201 | Val Loss: 0.0195
✔ New best model saved to models/best_config/PSNR_norm/best_model.pth with val_loss=0.0195
[Epoch 8] Train Loss: 0.0189 | Val Loss: 0.0176
✔ New best model saved to models/best_config/PSNR_norm/best_model.pth with val_loss=0.0176
[Epoch 9] Train Loss: 0.0176 | Val Loss: 0.0163
✔ New best model saved to models/best_config/PSNR_norm/best_model.pth with val_loss=0.0163
[Epoch 10] Train Loss: 0.0166 | Val Loss: 0.0162
✔ New best model saved to models/best_config/PSNR_norm/best_model.pth with val_loss=0.0162
[Epoch 11] Train Loss: 0.0154 | Val Loss: 0.0149
✔ New best model saved to models/best_config/PSNR_norm/best_model.pth with val_loss=0.0149
[Epoch 12] Train Loss: 0.0147 | Val Loss: 0.0137
✔ New best model saved to models/best_config/PSNR_norm/best_model.pth with val_loss=0.0137
[Epoch 13] Train Loss: 0.0138 | Val Loss: 0.0136
✔ New best model saved to models/best_config/PSNR_norm/best_model.pth with val_loss=0.0136
[Epoch 14] Train Loss: 0.0134 | Val Loss: 0.0134
✔ New best model saved to models/best_config/PSNR_norm/best_model.pth with val_loss=0.0134
[Epoch 15] Train Loss: 0.0129 | Val Loss: 0.0131
✔ New best model saved to models/best_config/PSNR_norm/best_model.pth with val_loss=0.0131
[Epoch 16] Train Loss: 0.0125 | Val Loss: 0.0121
✔ New best model saved to models/best_config/PSNR_norm/best_model.pth with val_loss=0.0121
[Epoch 17] Train Loss: 0.0121 | Val Loss: 0.0116
✔ New best model saved to models/best_config/PSNR_norm/best_model.pth with val_loss=0.0116
[Epoch 18] Train Loss: 0.0118 | Val Loss: 0.0126
[Epoch 19] Train Loss: 0.0115 | Val Loss: 0.0114
✔ New best model saved to models/best_config/PSNR_norm/best_model.pth with val_loss=0.0114
[Epoch 20] Train Loss: 0.0110 | Val Loss: 0.0116
[Epoch 21] Train Loss: 0.0107 | Val Loss: 0.0123
[Epoch 22] Train Loss: 0.0103 | Val Loss: 0.0106
✔ New best model saved to models/best_config/PSNR_norm/best_model.pth with val_loss=0.0106
[Epoch 23] Train Loss: 0.0103 | Val Loss: 0.0100
✔ New best model saved to models/best_config/PSNR_norm/best_model.pth with val_loss=0.0100
[Epoch 24] Train Loss: 0.0099 | Val Loss: 0.0107
[Epoch 25] Train Loss: 0.0096 | Val Loss: 0.0102
[Epoch 26] Train Loss: 0.0094 | Val Loss: 0.0108
[Epoch 27] Train Loss: 0.0092 | Val Loss: 0.0096
✔ New best model saved to models/best_config/PSNR_norm/best_model.pth with val_loss=0.0096
[Epoch 28] Train Loss: 0.0089 | Val Loss: 0.0118
[Epoch 29] Train Loss: 0.0088 | Val Loss: 0.0099
[Epoch 30] Train Loss: 0.0085 | Val Loss: 0.0099
[Epoch 31] Train Loss: 0.0085 | Val Loss: 0.0091
✔ New best model saved to models/best_config/PSNR_norm/best_model.pth with val_loss=0.0091
[Epoch 32] Train Loss: 0.0081 | Val Loss: 0.0090
✔ New best model saved to models/best_config/PSNR_norm/best_model.pth with val_loss=0.0090
[Epoch 33] Train Loss: 0.0080 | Val Loss: 0.0087
✔ New best model saved to models/best_config/PSNR_norm/best_model.pth with val_loss=0.0087
[Epoch 34] Train Loss: 0.0078 | Val Loss: 0.0092
[Epoch 35] Train Loss: 0.0076 | Val Loss: 0.0084
✔ New best model saved to models/best_config/PSNR_norm/best_model.pth with val_loss=0.0084
[Epoch 36] Train Loss: 0.0075 | Val Loss: 0.0087
[Epoch 37] Train Loss: 0.0072 | Val Loss: 0.0095
[Epoch 38] Train Loss: 0.0072 | Val Loss: 0.0086
[Epoch 39] Train Loss: 0.0070 | Val Loss: 0.0081
✔ New best model saved to models/best_config/PSNR_norm/best_model.pth with val_loss=0.0081
[Epoch 40] Train Loss: 0.0069 | Val Loss: 0.0088
[Epoch 41] Train Loss: 0.0067 | Val Loss: 0.0078
✔ New best model saved to models/best_config/PSNR_norm/best_model.pth with val_loss=0.0078
[Epoch 42] Train Loss: 0.0066 | Val Loss: 0.0086
[Epoch 43] Train Loss: 0.0065 | Val Loss: 0.0079
[Epoch 44] Train Loss: 0.0065 | Val Loss: 0.0082
[Epoch 45] Train Loss: 0.0063 | Val Loss: 0.0078
[Epoch 46] Train Loss: 0.0063 | Val Loss: 0.0076
✔ New best model saved to models/best_config/PSNR_norm/best_model.pth with val_loss=0.0076
[Epoch 47] Train Loss: 0.0061 | Val Loss: 0.0076
✔ New best model saved to models/best_config/PSNR_norm/best_model.pth with val_loss=0.0076
[Epoch 48] Train Loss: 0.0059 | Val Loss: 0.0075
✔ New best model saved to models/best_config/PSNR_norm/best_model.pth with val_loss=0.0075
[Epoch 49] Train Loss: 0.0058 | Val Loss: 0.0075
✔ New best model saved to models/best_config/PSNR_norm/best_model.pth with val_loss=0.0075
[Epoch 50] Train Loss: 0.0058 | Val Loss: 0.0078
[Epoch 51] Train Loss: 0.0056 | Val Loss: 0.0075
✔ New best model saved to models/best_config/PSNR_norm/best_model.pth with val_loss=0.0075
[Epoch 52] Train Loss: 0.0055 | Val Loss: 0.0074
✔ New best model saved to models/best_config/PSNR_norm/best_model.pth with val_loss=0.0074
[Epoch 53] Train Loss: 0.0055 | Val Loss: 0.0084
[Epoch 54] Train Loss: 0.0054 | Val Loss: 0.0089
[Epoch 55] Train Loss: 0.0053 | Val Loss: 0.0072
✔ New best model saved to models/best_config/PSNR_norm/best_model.pth with val_loss=0.0072
[Epoch 56] Train Loss: 0.0052 | Val Loss: 0.0083
[Epoch 57] Train Loss: 0.0051 | Val Loss: 0.0074
[Epoch 58] Train Loss: 0.0051 | Val Loss: 0.0077
[Epoch 59] Train Loss: 0.0049 | Val Loss: 0.0078
[Epoch 60] Train Loss: 0.0049 | Val Loss: 0.0079
[Epoch 61] Train Loss: 0.0048 | Val Loss: 0.0075
[Epoch 62] Train Loss: 0.0047 | Val Loss: 0.0073
[Epoch 63] Train Loss: 0.0047 | Val Loss: 0.0067
✔ New best model saved to models/best_config/PSNR_norm/best_model.pth with val_loss=0.0067
[Epoch 64] Train Loss: 0.0046 | Val Loss: 0.0080
[Epoch 65] Train Loss: 0.0046 | Val Loss: 0.0069
[Epoch 66] Train Loss: 0.0044 | Val Loss: 0.0073
[Epoch 67] Train Loss: 0.0045 | Val Loss: 0.0072
[Epoch 68] Train Loss: 0.0043 | Val Loss: 0.0069
[Epoch 69] Train Loss: 0.0044 | Val Loss: 0.0071
[Epoch 70] Train Loss: 0.0043 | Val Loss: 0.0068
[Epoch 71] Train Loss: 0.0043 | Val Loss: 0.0067
✔ New best model saved to models/best_config/PSNR_norm/best_model.pth with val_loss=0.0067
[Epoch 72] Train Loss: 0.0042 | Val Loss: 0.0067
✔ New best model saved to models/best_config/PSNR_norm/best_model.pth with val_loss=0.0067
[Epoch 73] Train Loss: 0.0041 | Val Loss: 0.0071
[Epoch 74] Train Loss: 0.0041 | Val Loss: 0.0069
[Epoch 75] Train Loss: 0.0040 | Val Loss: 0.0074
[Epoch 76] Train Loss: 0.0040 | Val Loss: 0.0068
[Epoch 77] Train Loss: 0.0039 | Val Loss: 0.0070
[Epoch 78] Train Loss: 0.0039 | Val Loss: 0.0067
[Epoch 79] Train Loss: 0.0040 | Val Loss: 0.0065
✔ New best model saved to models/best_config/PSNR_norm/best_model.pth with val_loss=0.0065
[Epoch 80] Train Loss: 0.0038 | Val Loss: 0.0068
srun: Job step aborted: Waiting up to 32 seconds for job step to finish.
slurmstepd: error: *** JOB 11609839 ON gcn10 CANCELLED AT 2025-05-07T13:40:03 ***
slurmstepd: error: *** STEP 11609839.1 ON gcn10 CANCELLED AT 2025-05-07T13:40:03 ***

JOB STATISTICS
==============
Job ID: 11609839
Cluster: snellius
User/Group: mvanderbrugge/mvanderbrugge
State: CANCELLED (exit code 0)
Nodes: 1
Cores per node: 18
CPU Utilized: 04:25:01
CPU Efficiency: 5.47% of 3-08:46:30 core-walltime
Job Wall-clock time: 04:29:15
Memory Utilized: 1.00 GB
Memory Efficiency: 0.83% of 120.00 GB (120.00 GB/node)
