============================================================================================== 
Warning! Mixing Conda and module environments may lead to corruption of the
user environment. 
We do not recommend users mixing those two environments unless absolutely
necessary. Note that 
SURF does not provide any support for Conda environment.
For more information, please refer to our software policy page:
https://servicedesk.surf.nl/wiki/display/WIKI/Software+policy+Snellius#SoftwarepolicySnellius-UseofAnacondaandMinicondaenvironmentsonSnellius 

Remember that many packages have already been installed on the system and can
be loaded using 
the 'module load <package__name>' command. If you are uncertain if a package is
already available 
on the system, please use 'module avail' or 'module spider' to search for it.
============================================================================================== 
Running on gcn8.local.snellius.surf.nl
Sun Jun 15 14:23:44 2025       
+-----------------------------------------------------------------------------------------+
| NVIDIA-SMI 565.57.01              Driver Version: 565.57.01      CUDA Version: 12.7     |
|-----------------------------------------+------------------------+----------------------+
| GPU  Name                 Persistence-M | Bus-Id          Disp.A | Volatile Uncorr. ECC |
| Fan  Temp   Perf          Pwr:Usage/Cap |           Memory-Usage | GPU-Util  Compute M. |
|                                         |                        |               MIG M. |
|=========================================+========================+======================|
|   0  NVIDIA A100-SXM4-40GB          On  |   00000000:31:00.0 Off |                    0 |
| N/A   30C    P0             51W /  400W |       1MiB /  40960MiB |      0%      Default |
|                                         |                        |             Disabled |
+-----------------------------------------+------------------------+----------------------+
                                                                                         
+-----------------------------------------------------------------------------------------+
| Processes:                                                                              |
|  GPU   GI   CI        PID   Type   Process name                              GPU Memory |
|        ID   ID                                                               Usage      |
|=========================================================================================|
|  No running processes found                                                             |
+-----------------------------------------------------------------------------------------+
               total        used        free      shared  buff/cache   available
Mem:           503Gi        35Gi       447Gi       312Mi        28Gi       468Gi
Swap:             0B          0B          0B
Checking whether the GPU is available
GPU available? True
Starting training for GMSD_norm on best_model

Training best_model model for metric: GMSD_norm
Loaded 573629 train, 25910 val, 339535 test samples from ['SCD_vc_ms', 'SCD_ms_ss32', 'SCD_ms_ss64', 'SCD_ms_ss128', 'SWFD_sc', 'mice', 'pa_experiment_data']
Target metric: GMSD_norm
Target range → min: 0.0178, max: 0.7650
Using PhotoacousticQualityNet
----------------------------------------------------------------
        Layer (type)               Output Shape         Param #
================================================================
            Conv2d-1         [-1, 32, 128, 128]             832
         MaxPool2d-2           [-1, 32, 64, 64]               0
            Conv2d-3           [-1, 64, 64, 64]          18,496
         MaxPool2d-4           [-1, 64, 32, 32]               0
            Conv2d-5          [-1, 128, 32, 32]          73,856
         MaxPool2d-6          [-1, 128, 16, 16]               0
            Conv2d-7          [-1, 256, 16, 16]         295,168
         MaxPool2d-8            [-1, 256, 8, 8]               0
            Linear-9                  [-1, 128]       2,097,280
          Dropout-10                  [-1, 128]               0
           Linear-11                  [-1, 128]          16,512
          Dropout-12                  [-1, 128]               0
           Linear-13                    [-1, 1]             129
================================================================
Total params: 2,502,273
Trainable params: 2,502,273
Non-trainable params: 0
----------------------------------------------------------------
Input size (MB): 0.06
Forward/backward pass size (MB): 9.38
Params size (MB): 9.55
Estimated Total Size (MB): 18.99
----------------------------------------------------------------
Entering first epoch of training loop
[Epoch 1] Train Loss: 0.0006 | Val Loss: 0.0060
New best model saved to models/best_model/GMSD_norm/best_model.pth with val_loss=0.0060
[Epoch 2] Train Loss: 0.0001 | Val Loss: 0.0060
New best model saved to models/best_model/GMSD_norm/best_model.pth with val_loss=0.0060
[Epoch 3] Train Loss: 0.0001 | Val Loss: 0.0092
[Epoch 4] Train Loss: 0.0001 | Val Loss: 0.0106
[Epoch 5] Train Loss: 0.0001 | Val Loss: 0.0156
[Epoch 6] Train Loss: 0.0001 | Val Loss: 0.0154
[Epoch 7] Train Loss: 0.0000 | Val Loss: 0.0233
[Epoch 8] Train Loss: 0.0000 | Val Loss: 0.0145
[Epoch 9] Train Loss: 0.0000 | Val Loss: 0.0233
[Epoch 10] Train Loss: 0.0000 | Val Loss: 0.0258
[Epoch 11] Train Loss: 0.0000 | Val Loss: 0.0225
[Epoch 12] Train Loss: 0.0000 | Val Loss: 0.0197
Early stopping triggered after 10 no-improve epochs.
Saved training log to models/best_model/GMSD_norm/train_val_loss.csv

JOB STATISTICS
==============
Job ID: 12389426
Cluster: snellius
User/Group: mvanderbrugge/mvanderbrugge
State: COMPLETED (exit code 0)
Nodes: 1
Cores per node: 18
CPU Utilized: 04:34:27
CPU Efficiency: 3.49% of 5-11:06:00 core-walltime
Job Wall-clock time: 07:17:00
Memory Utilized: 1.22 GB
Memory Efficiency: 3.82% of 32.00 GB (32.00 GB/node)
