============================================================================================== 
Warning! Mixing Conda and module environments may lead to corruption of the
user environment. 
We do not recommend users mixing those two environments unless absolutely
necessary. Note that 
SURF does not provide any support for Conda environment.
For more information, please refer to our software policy page:
https://servicedesk.surf.nl/wiki/display/WIKI/Software+policy+Snellius#SoftwarepolicySnellius-UseofAnacondaandMinicondaenvironmentsonSnellius 

Remember that many packages have already been installed on the system and can
be loaded using 
the 'module load <package__name>' command. If you are uncertain if a package is
already available 
on the system, please use 'module avail' or 'module spider' to search for it.
============================================================================================== 
Running on gcn49.local.snellius.surf.nl
Fri Jun 13 15:16:17 2025       
+-----------------------------------------------------------------------------------------+
| NVIDIA-SMI 565.57.01              Driver Version: 565.57.01      CUDA Version: 12.7     |
|-----------------------------------------+------------------------+----------------------+
| GPU  Name                 Persistence-M | Bus-Id          Disp.A | Volatile Uncorr. ECC |
| Fan  Temp   Perf          Pwr:Usage/Cap |           Memory-Usage | GPU-Util  Compute M. |
|                                         |                        |               MIG M. |
|=========================================+========================+======================|
|   0  NVIDIA A100-SXM4-40GB          On  |   00000000:31:00.0 Off |                    0 |
| N/A   28C    P0             47W /  400W |       1MiB /  40960MiB |      0%      Default |
|                                         |                        |             Disabled |
+-----------------------------------------+------------------------+----------------------+
                                                                                         
+-----------------------------------------------------------------------------------------+
| Processes:                                                                              |
|  GPU   GI   CI        PID   Type   Process name                              GPU Memory |
|        ID   ID                                                               Usage      |
|=========================================================================================|
|  No running processes found                                                             |
+-----------------------------------------------------------------------------------------+
               total        used        free      shared  buff/cache   available
Mem:           503Gi        28Gi       429Gi       260Mi        52Gi       475Gi
Swap:             0B          0B          0B
Checking whether the GPU is available
GPU available? True
Starting training for SSIM on IQDCNN

Training IQDCNN model for metric: SSIM
Loaded 573629 train, 25910 val, 339535 test samples from ['SCD_vc_ms', 'SCD_ms_ss32', 'SCD_ms_ss64', 'SCD_ms_ss128', 'SWFD_sc', 'mice', 'pa_experiment_data']
Target metric: SSIM
Target range → min: 0.2486, max: 0.9689
Using IQDCNN
----------------------------------------------------------------
        Layer (type)               Output Shape         Param #
================================================================
            Conv2d-1         [-1, 32, 128, 128]             832
         MaxPool2d-2           [-1, 32, 63, 63]               0
            Conv2d-3           [-1, 32, 63, 63]          25,632
         MaxPool2d-4           [-1, 32, 31, 31]               0
            Conv2d-5           [-1, 32, 31, 31]          25,632
         MaxPool2d-6           [-1, 32, 15, 15]               0
            Conv2d-7           [-1, 32, 15, 15]          25,632
         MaxPool2d-8             [-1, 32, 7, 7]               0
            Linear-9                 [-1, 1024]       1,606,656
          Dropout-10                 [-1, 1024]               0
           Linear-11                 [-1, 1024]       1,049,600
          Dropout-12                 [-1, 1024]               0
           Linear-13                 [-1, 1024]       1,049,600
          Dropout-14                 [-1, 1024]               0
           Linear-15                    [-1, 1]           1,025
================================================================
Total params: 3,784,609
Trainable params: 3,784,609
Non-trainable params: 0
----------------------------------------------------------------
Input size (MB): 0.06
Forward/backward pass size (MB): 6.58
Params size (MB): 14.44
Estimated Total Size (MB): 21.08
----------------------------------------------------------------
Entering first epoch of training loop
[Epoch 1] Train Loss: 0.0357 | Val Loss: 0.1148
New best model saved to models/IQDCNN/SSIM/best_model.pth with val_loss=0.1148
[Epoch 2] Train Loss: 0.0226 | Val Loss: 0.1181
[Epoch 3] Train Loss: 0.0189 | Val Loss: 0.1175
[Epoch 4] Train Loss: 0.0164 | Val Loss: 0.1105
New best model saved to models/IQDCNN/SSIM/best_model.pth with val_loss=0.1105
[Epoch 5] Train Loss: 0.0146 | Val Loss: 0.1141
[Epoch 6] Train Loss: 0.0133 | Val Loss: 0.1134
[Epoch 7] Train Loss: 0.0125 | Val Loss: 0.1305
[Epoch 8] Train Loss: 0.0119 | Val Loss: 0.1233
[Epoch 9] Train Loss: 0.0115 | Val Loss: 0.1271
[Epoch 10] Train Loss: 0.0112 | Val Loss: 0.1405
[Epoch 11] Train Loss: 0.0109 | Val Loss: 0.1239
[Epoch 12] Train Loss: 0.0107 | Val Loss: 0.1287
[Epoch 13] Train Loss: 0.0105 | Val Loss: 0.1257
[Epoch 14] Train Loss: 0.0103 | Val Loss: 0.1233
Early stopping triggered after 10 no-improve epochs.
Saved training log to models/IQDCNN/SSIM/train_val_loss.csv

JOB STATISTICS
==============
Job ID: 12347648
Cluster: snellius
User/Group: mvanderbrugge/mvanderbrugge
State: RUNNING
Nodes: 1
Cores per node: 18
CPU Utilized: 00:00:03
CPU Efficiency: 0.00% of 6-08:49:12 core-walltime
Job Wall-clock time: 08:29:24
Memory Utilized: 1.77 MB
Memory Efficiency: 0.01% of 32.00 GB (32.00 GB/node)
WARNING: Efficiency statistics can only be obtained after the job has ended as seff tool is based on the accounting database data.
