============================================================================================== 
Warning! Mixing Conda and module environments may lead to corruption of the
user environment. 
We do not recommend users mixing those two environments unless absolutely
necessary. Note that 
SURF does not provide any support for Conda environment.
For more information, please refer to our software policy page:
https://servicedesk.surf.nl/wiki/display/WIKI/Software+policy+Snellius#SoftwarepolicySnellius-UseofAnacondaandMinicondaenvironmentsonSnellius 

Remember that many packages have already been installed on the system and can
be loaded using 
the 'module load <package__name>' command. If you are uncertain if a package is
already available 
on the system, please use 'module avail' or 'module spider' to search for it.
============================================================================================== 
Running on gcn21.local.snellius.surf.nl
Sun Jun 15 14:58:14 2025       
+-----------------------------------------------------------------------------------------+
| NVIDIA-SMI 565.57.01              Driver Version: 565.57.01      CUDA Version: 12.7     |
|-----------------------------------------+------------------------+----------------------+
| GPU  Name                 Persistence-M | Bus-Id          Disp.A | Volatile Uncorr. ECC |
| Fan  Temp   Perf          Pwr:Usage/Cap |           Memory-Usage | GPU-Util  Compute M. |
|                                         |                        |               MIG M. |
|=========================================+========================+======================|
|   0  NVIDIA A100-SXM4-40GB          On  |   00000000:CA:00.0 Off |                    0 |
| N/A   30C    P0             51W /  400W |       1MiB /  40960MiB |      0%      Default |
|                                         |                        |             Disabled |
+-----------------------------------------+------------------------+----------------------+
                                                                                         
+-----------------------------------------------------------------------------------------+
| Processes:                                                                              |
|  GPU   GI   CI        PID   Type   Process name                              GPU Memory |
|        ID   ID                                                               Usage      |
|=========================================================================================|
|  No running processes found                                                             |
+-----------------------------------------------------------------------------------------+
               total        used        free      shared  buff/cache   available
Mem:           503Gi        32Gi       469Gi       365Mi       8.5Gi       470Gi
Swap:             0B          0B          0B
Checking whether the GPU is available
GPU available? True
Starting training for ['SSIM', 'HAARPSI'] on best_model
/home/mvanderbrugge/.conda/envs/photoacoustic-env/lib/python3.9/site-packages/torch/nn/modules/loss.py:128: UserWarning: Using a target size (torch.Size([16, 1, 2])) that is different to the input size (torch.Size([16, 2])). This will likely lead to incorrect results due to broadcasting. Please ensure they have the same size.
  return F.l1_loss(input, target, reduction=self.reduction)
/home/mvanderbrugge/.conda/envs/photoacoustic-env/lib/python3.9/site-packages/torch/nn/modules/loss.py:128: UserWarning: Using a target size (torch.Size([6, 1, 2])) that is different to the input size (torch.Size([6, 2])). This will likely lead to incorrect results due to broadcasting. Please ensure they have the same size.
  return F.l1_loss(input, target, reduction=self.reduction)

Training IQDCNN model for metrics: ['SSIM', 'HAARPSI']
Loaded 573629 train, 25910 val, 339535 test samples from ['SCD_vc_ms', 'SCD_ms_ss32', 'SCD_ms_ss64', 'SCD_ms_ss128', 'SWFD_sc', 'mice', 'pa_experiment_data']
Target metric: ['SSIM', 'HAARPSI']
Target ranges:
  SSIM: min=0.2486, max=0.9689
  HAARPSI: min=0.2021, max=0.9785
Using IQDCNNMulti
----------------------------------------------------------------
        Layer (type)               Output Shape         Param #
================================================================
            Conv2d-1         [-1, 32, 128, 128]             832
         MaxPool2d-2           [-1, 32, 63, 63]               0
            Conv2d-3           [-1, 32, 63, 63]          25,632
         MaxPool2d-4           [-1, 32, 31, 31]               0
            Conv2d-5           [-1, 32, 31, 31]          25,632
         MaxPool2d-6           [-1, 32, 15, 15]               0
            Conv2d-7           [-1, 32, 15, 15]          25,632
         MaxPool2d-8             [-1, 32, 7, 7]               0
            Linear-9                 [-1, 1024]       1,606,656
          Dropout-10                 [-1, 1024]               0
           Linear-11                 [-1, 1024]       1,049,600
          Dropout-12                 [-1, 1024]               0
           Linear-13                 [-1, 1024]       1,049,600
          Dropout-14                 [-1, 1024]               0
           Linear-15                    [-1, 2]           2,050
================================================================
Total params: 3,785,634
Trainable params: 3,785,634
Non-trainable params: 0
----------------------------------------------------------------
Input size (MB): 0.06
Forward/backward pass size (MB): 6.58
Params size (MB): 14.44
Estimated Total Size (MB): 21.08
----------------------------------------------------------------
Entering first epoch of training loop
[Epoch 1] Train Loss: 0.0355 | Val Loss: 0.2604
New best model saved to models/IQDCNN/SSIM_HAARPSI/best_model.pth with val_loss=0.2604
[Epoch 2] Train Loss: 0.0216 | Val Loss: 0.2697
[Epoch 3] Train Loss: 0.0183 | Val Loss: 0.3068
[Epoch 4] Train Loss: 0.0162 | Val Loss: 0.2980
[Epoch 5] Train Loss: 0.0146 | Val Loss: 0.3329
[Epoch 6] Train Loss: 0.0133 | Val Loss: 0.2915
[Epoch 7] Train Loss: 0.0125 | Val Loss: 0.3413
[Epoch 8] Train Loss: 0.0119 | Val Loss: 0.3479
[Epoch 9] Train Loss: 0.0115 | Val Loss: 0.2723
[Epoch 10] Train Loss: 0.0112 | Val Loss: 0.2614
[Epoch 11] Train Loss: 0.0110 | Val Loss: 0.2563
New best model saved to models/IQDCNN/SSIM_HAARPSI/best_model.pth with val_loss=0.2563
[Epoch 12] Train Loss: 0.0108 | Val Loss: 0.2586
[Epoch 13] Train Loss: 0.0106 | Val Loss: 0.2558
New best model saved to models/IQDCNN/SSIM_HAARPSI/best_model.pth with val_loss=0.2558
[Epoch 14] Train Loss: 0.0105 | Val Loss: 0.2670
[Epoch 15] Train Loss: 0.0104 | Val Loss: 0.2808
[Epoch 16] Train Loss: 0.0102 | Val Loss: 0.2735
[Epoch 17] Train Loss: 0.0102 | Val Loss: 0.2663
[Epoch 18] Train Loss: 0.0101 | Val Loss: 0.2818
[Epoch 19] Train Loss: 0.0100 | Val Loss: 0.2944
[Epoch 20] Train Loss: 0.0099 | Val Loss: 0.2983
[Epoch 21] Train Loss: 0.0098 | Val Loss: 0.2825
[Epoch 22] Train Loss: 0.0098 | Val Loss: 0.2975
[Epoch 23] Train Loss: 0.0097 | Val Loss: 0.2992
Early stopping triggered after 10 no-improve epochs.
Saved training log to models/IQDCNN/SSIM_HAARPSI/train_val_loss.csv

JOB STATISTICS
==============
Job ID: 12389569
Cluster: snellius
User/Group: mvanderbrugge/mvanderbrugge
State: RUNNING
Nodes: 1
Cores per node: 18
CPU Utilized: 00:00:03
CPU Efficiency: 0.00% of 9-21:32:24 core-walltime
Job Wall-clock time: 13:11:48
Memory Utilized: 1.66 MB
Memory Efficiency: 0.01% of 32.00 GB (32.00 GB/node)
WARNING: Efficiency statistics can only be obtained after the job has ended as seff tool is based on the accounting database data.
