============================================================================================== 
Warning! Mixing Conda and module environments may lead to corruption of the
user environment. 
We do not recommend users mixing those two environments unless absolutely
necessary. Note that 
SURF does not provide any support for Conda environment.
For more information, please refer to our software policy page:
https://servicedesk.surf.nl/wiki/display/WIKI/Software+policy+Snellius#SoftwarepolicySnellius-UseofAnacondaandMinicondaenvironmentsonSnellius 

Remember that many packages have already been installed on the system and can
be loaded using 
the 'module load <package__name>' command. If you are uncertain if a package is
already available 
on the system, please use 'module avail' or 'module spider' to search for it.
============================================================================================== 
Checking whether the GPU is available
GPU available? True
Starting training for all metrics...

🔁 Training model on metric: CLIP-IQA
Loaded 21616 train, 5404 val, 9239 test samples from ['MSFD', 'mice', 'pa_experiment_data', 'phantom', 'v_phantom', 'zenodo']
[Epoch 1/15] Train Loss: 0.0708 | Val Loss: 0.0657
✔ New best model saved to models/CLIP-IQA/best_model.pth with val_loss=0.0657
[Epoch 2/15] Train Loss: 0.0567 | Val Loss: 0.0563
✔ New best model saved to models/CLIP-IQA/best_model.pth with val_loss=0.0563
[Epoch 3/15] Train Loss: 0.0542 | Val Loss: 0.0613
[Epoch 4/15] Train Loss: 0.0536 | Val Loss: 0.0675
[Epoch 5/15] Train Loss: 0.0530 | Val Loss: 0.0624
[Epoch 6/15] Train Loss: 0.0518 | Val Loss: 0.0689
[Epoch 7/15] Train Loss: 0.0524 | Val Loss: 0.0627
[Epoch 8/15] Train Loss: 0.0510 | Val Loss: 0.0604
[Epoch 9/15] Train Loss: 0.0515 | Val Loss: 0.0670
[Epoch 10/15] Train Loss: 0.0511 | Val Loss: 0.0631
[Epoch 11/15] Train Loss: 0.0510 | Val Loss: 0.0704
[Epoch 12/15] Train Loss: 0.0507 | Val Loss: 0.0638
[Epoch 13/15] Train Loss: 0.0506 | Val Loss: 0.0690
[Epoch 14/15] Train Loss: 0.0502 | Val Loss: 0.0652
[Epoch 15/15] Train Loss: 0.0505 | Val Loss: 0.0643
📉 Saved training loss log to models/CLIP-IQA/train_val_loss.csv

🔁 Training model on metric: SSIM
Loaded 21616 train, 5404 val, 9239 test samples from ['MSFD', 'mice', 'pa_experiment_data', 'phantom', 'v_phantom', 'zenodo']
[Epoch 1/15] Train Loss: 0.1330 | Val Loss: 0.0377
✔ New best model saved to models/SSIM/best_model.pth with val_loss=0.0377
[Epoch 2/15] Train Loss: 0.0644 | Val Loss: 0.0530
[Epoch 3/15] Train Loss: 0.0540 | Val Loss: 0.0384
[Epoch 4/15] Train Loss: 0.0508 | Val Loss: 0.0544
[Epoch 5/15] Train Loss: 0.0494 | Val Loss: 0.0450
[Epoch 6/15] Train Loss: 0.0484 | Val Loss: 0.0422
[Epoch 7/15] Train Loss: 0.0474 | Val Loss: 0.0474
[Epoch 8/15] Train Loss: 0.0469 | Val Loss: 0.0398
[Epoch 9/15] Train Loss: 0.0462 | Val Loss: 0.0390
[Epoch 10/15] Train Loss: 0.0458 | Val Loss: 0.0447
[Epoch 11/15] Train Loss: 0.0451 | Val Loss: 0.0351
✔ New best model saved to models/SSIM/best_model.pth with val_loss=0.0351
[Epoch 12/15] Train Loss: 0.0450 | Val Loss: 0.0333
✔ New best model saved to models/SSIM/best_model.pth with val_loss=0.0333
[Epoch 13/15] Train Loss: 0.0449 | Val Loss: 0.0388
[Epoch 14/15] Train Loss: 0.0446 | Val Loss: 0.0331
✔ New best model saved to models/SSIM/best_model.pth with val_loss=0.0331
[Epoch 15/15] Train Loss: 0.0439 | Val Loss: 0.0402
📉 Saved training loss log to models/SSIM/train_val_loss.csv

🔁 Training model on metric: PSNR
Loaded 21616 train, 5404 val, 9239 test samples from ['MSFD', 'mice', 'pa_experiment_data', 'phantom', 'v_phantom', 'zenodo']
[Epoch 1/15] Train Loss: 8.6895 | Val Loss: 13.3052
✔ New best model saved to models/PSNR/best_model.pth with val_loss=13.3052
[Epoch 2/15] Train Loss: 7.2441 | Val Loss: 15.8575
[Epoch 3/15] Train Loss: 6.4566 | Val Loss: 9.8570
✔ New best model saved to models/PSNR/best_model.pth with val_loss=9.8570
[Epoch 4/15] Train Loss: 5.3475 | Val Loss: 2.4568
✔ New best model saved to models/PSNR/best_model.pth with val_loss=2.4568
[Epoch 5/15] Train Loss: 4.1117 | Val Loss: 2.1370
✔ New best model saved to models/PSNR/best_model.pth with val_loss=2.1370
[Epoch 6/15] Train Loss: 3.9085 | Val Loss: 1.9050
✔ New best model saved to models/PSNR/best_model.pth with val_loss=1.9050
[Epoch 7/15] Train Loss: 3.8301 | Val Loss: 1.9369
[Epoch 8/15] Train Loss: 3.7355 | Val Loss: 1.8794
✔ New best model saved to models/PSNR/best_model.pth with val_loss=1.8794
[Epoch 9/15] Train Loss: 3.6326 | Val Loss: 1.9334
[Epoch 10/15] Train Loss: 3.6022 | Val Loss: 1.8814
[Epoch 11/15] Train Loss: 3.5444 | Val Loss: 1.8221
✔ New best model saved to models/PSNR/best_model.pth with val_loss=1.8221
[Epoch 12/15] Train Loss: 3.4825 | Val Loss: 1.6832
✔ New best model saved to models/PSNR/best_model.pth with val_loss=1.6832
[Epoch 13/15] Train Loss: 3.4154 | Val Loss: 1.8121
[Epoch 14/15] Train Loss: 3.3519 | Val Loss: 1.6704
✔ New best model saved to models/PSNR/best_model.pth with val_loss=1.6704
[Epoch 15/15] Train Loss: 3.2890 | Val Loss: 1.5770
✔ New best model saved to models/PSNR/best_model.pth with val_loss=1.5770
📉 Saved training loss log to models/PSNR/train_val_loss.csv

🔁 Training model on metric: VIF
Loaded 21616 train, 5404 val, 9239 test samples from ['MSFD', 'mice', 'pa_experiment_data', 'phantom', 'v_phantom', 'zenodo']
[Epoch 1/15] Train Loss: 0.1051 | Val Loss: 0.0669
✔ New best model saved to models/VIF/best_model.pth with val_loss=0.0669
[Epoch 2/15] Train Loss: 0.0741 | Val Loss: 0.0555
✔ New best model saved to models/VIF/best_model.pth with val_loss=0.0555
[Epoch 3/15] Train Loss: 0.0688 | Val Loss: 0.0538
✔ New best model saved to models/VIF/best_model.pth with val_loss=0.0538
[Epoch 4/15] Train Loss: 0.0638 | Val Loss: 0.0530
✔ New best model saved to models/VIF/best_model.pth with val_loss=0.0530
[Epoch 5/15] Train Loss: 0.0616 | Val Loss: 0.0492
✔ New best model saved to models/VIF/best_model.pth with val_loss=0.0492
[Epoch 6/15] Train Loss: 0.0600 | Val Loss: 0.0603
[Epoch 7/15] Train Loss: 0.0593 | Val Loss: 0.0476
✔ New best model saved to models/VIF/best_model.pth with val_loss=0.0476
[Epoch 8/15] Train Loss: 0.0589 | Val Loss: 0.0620
[Epoch 9/15] Train Loss: 0.0576 | Val Loss: 0.0544
[Epoch 10/15] Train Loss: 0.0571 | Val Loss: 0.0461
✔ New best model saved to models/VIF/best_model.pth with val_loss=0.0461
[Epoch 11/15] Train Loss: 0.0571 | Val Loss: 0.0506
[Epoch 12/15] Train Loss: 0.0558 | Val Loss: 0.0433
✔ New best model saved to models/VIF/best_model.pth with val_loss=0.0433
[Epoch 13/15] Train Loss: 0.0561 | Val Loss: 0.0393
✔ New best model saved to models/VIF/best_model.pth with val_loss=0.0393
[Epoch 14/15] Train Loss: 0.0555 | Val Loss: 0.0452
[Epoch 15/15] Train Loss: 0.0554 | Val Loss: 0.0628
📉 Saved training loss log to models/VIF/train_val_loss.csv

🔁 Training model on metric: GMSD
Loaded 21616 train, 5404 val, 9239 test samples from ['MSFD', 'mice', 'pa_experiment_data', 'phantom', 'v_phantom', 'zenodo']
[Epoch 1/15] Train Loss: 0.0310 | Val Loss: 0.0282
✔ New best model saved to models/GMSD/best_model.pth with val_loss=0.0282
[Epoch 2/15] Train Loss: 0.0285 | Val Loss: 0.0282
[Epoch 3/15] Train Loss: 0.0285 | Val Loss: 0.0282
[Epoch 4/15] Train Loss: 0.0285 | Val Loss: 0.0282
[Epoch 5/15] Train Loss: 0.0285 | Val Loss: 0.0282
✔ New best model saved to models/GMSD/best_model.pth with val_loss=0.0282
[Epoch 6/15] Train Loss: 0.0285 | Val Loss: 0.0282
[Epoch 7/15] Train Loss: 0.0285 | Val Loss: 0.0282
[Epoch 8/15] Train Loss: 0.0285 | Val Loss: 0.0282
[Epoch 9/15] Train Loss: 0.0285 | Val Loss: 0.0282
[Epoch 10/15] Train Loss: 0.0285 | Val Loss: 0.0284
[Epoch 11/15] Train Loss: 0.0285 | Val Loss: 0.0287
[Epoch 12/15] Train Loss: 0.0285 | Val Loss: 0.0282
[Epoch 13/15] Train Loss: 0.0285 | Val Loss: 0.0282
[Epoch 14/15] Train Loss: 0.0285 | Val Loss: 0.0283
[Epoch 15/15] Train Loss: 0.0285 | Val Loss: 0.0282
📉 Saved training loss log to models/GMSD/train_val_loss.csv

🔁 Training model on metric: HAARPSI
Loaded 21616 train, 5404 val, 9239 test samples from ['MSFD', 'mice', 'pa_experiment_data', 'phantom', 'v_phantom', 'zenodo']
[Epoch 1/15] Train Loss: 0.0969 | Val Loss: 0.0738
✔ New best model saved to models/HAARPSI/best_model.pth with val_loss=0.0738
[Epoch 2/15] Train Loss: 0.0788 | Val Loss: 0.0747
[Epoch 3/15] Train Loss: 0.0747 | Val Loss: 0.0662
✔ New best model saved to models/HAARPSI/best_model.pth with val_loss=0.0662
[Epoch 4/15] Train Loss: 0.0699 | Val Loss: 0.0617
✔ New best model saved to models/HAARPSI/best_model.pth with val_loss=0.0617
[Epoch 5/15] Train Loss: 0.0647 | Val Loss: 0.0546
✔ New best model saved to models/HAARPSI/best_model.pth with val_loss=0.0546
[Epoch 6/15] Train Loss: 0.0612 | Val Loss: 0.0566
[Epoch 7/15] Train Loss: 0.0594 | Val Loss: 0.0534
✔ New best model saved to models/HAARPSI/best_model.pth with val_loss=0.0534
[Epoch 8/15] Train Loss: 0.0579 | Val Loss: 0.0591
[Epoch 9/15] Train Loss: 0.0563 | Val Loss: 0.0544
[Epoch 10/15] Train Loss: 0.0558 | Val Loss: 0.0576
[Epoch 11/15] Train Loss: 0.0544 | Val Loss: 0.0519
✔ New best model saved to models/HAARPSI/best_model.pth with val_loss=0.0519
[Epoch 12/15] Train Loss: 0.0530 | Val Loss: 0.0529
[Epoch 13/15] Train Loss: 0.0523 | Val Loss: 0.0578
[Epoch 14/15] Train Loss: 0.0519 | Val Loss: 0.0535
[Epoch 15/15] Train Loss: 0.0510 | Val Loss: 0.0520
📉 Saved training loss log to models/HAARPSI/train_val_loss.csv

🔁 Training model on metric: MSSSIM
Loaded 21616 train, 5404 val, 9239 test samples from ['MSFD', 'mice', 'pa_experiment_data', 'phantom', 'v_phantom', 'zenodo']
[Epoch 1/15] Train Loss: 0.1229 | Val Loss: 0.0549
✔ New best model saved to models/MSSSIM/best_model.pth with val_loss=0.0549
[Epoch 2/15] Train Loss: 0.0660 | Val Loss: 0.0550
[Epoch 3/15] Train Loss: 0.0570 | Val Loss: 0.0549
✔ New best model saved to models/MSSSIM/best_model.pth with val_loss=0.0549
[Epoch 4/15] Train Loss: 0.0556 | Val Loss: 0.0548
✔ New best model saved to models/MSSSIM/best_model.pth with val_loss=0.0548
[Epoch 5/15] Train Loss: 0.0553 | Val Loss: 0.0548
[Epoch 6/15] Train Loss: 0.0552 | Val Loss: 0.0549
[Epoch 7/15] Train Loss: 0.0552 | Val Loss: 0.0553
[Epoch 8/15] Train Loss: 0.0552 | Val Loss: 0.0548
✔ New best model saved to models/MSSSIM/best_model.pth with val_loss=0.0548
[Epoch 9/15] Train Loss: 0.0552 | Val Loss: 0.0549
[Epoch 10/15] Train Loss: 0.0552 | Val Loss: 0.0548
[Epoch 11/15] Train Loss: 0.0552 | Val Loss: 0.0548
[Epoch 12/15] Train Loss: 0.0552 | Val Loss: 0.0549
[Epoch 13/15] Train Loss: 0.0552 | Val Loss: 0.0549
[Epoch 14/15] Train Loss: 0.0552 | Val Loss: 0.0548
[Epoch 15/15] Train Loss: 0.0552 | Val Loss: 0.0548
✔ New best model saved to models/MSSSIM/best_model.pth with val_loss=0.0548
📉 Saved training loss log to models/MSSSIM/train_val_loss.csv

🔁 Training model on metric: IWSSIM
Loaded 21616 train, 5404 val, 9239 test samples from ['MSFD', 'mice', 'pa_experiment_data', 'phantom', 'v_phantom', 'zenodo']
[Epoch 1/15] Train Loss: 0.1073 | Val Loss: 0.0586
✔ New best model saved to models/IWSSIM/best_model.pth with val_loss=0.0586
[Epoch 2/15] Train Loss: 0.0690 | Val Loss: 0.0556
✔ New best model saved to models/IWSSIM/best_model.pth with val_loss=0.0556
[Epoch 3/15] Train Loss: 0.0627 | Val Loss: 0.0579
[Epoch 4/15] Train Loss: 0.0555 | Val Loss: 0.0455
✔ New best model saved to models/IWSSIM/best_model.pth with val_loss=0.0455
[Epoch 5/15] Train Loss: 0.0516 | Val Loss: 0.0438
✔ New best model saved to models/IWSSIM/best_model.pth with val_loss=0.0438
[Epoch 6/15] Train Loss: 0.0500 | Val Loss: 0.0424
✔ New best model saved to models/IWSSIM/best_model.pth with val_loss=0.0424
[Epoch 7/15] Train Loss: 0.0488 | Val Loss: 0.0396
✔ New best model saved to models/IWSSIM/best_model.pth with val_loss=0.0396
[Epoch 8/15] Train Loss: 0.0480 | Val Loss: 0.0397
[Epoch 9/15] Train Loss: 0.0471 | Val Loss: 0.0434
[Epoch 10/15] Train Loss: 0.0467 | Val Loss: 0.0494
[Epoch 11/15] Train Loss: 0.0462 | Val Loss: 0.0424
[Epoch 12/15] Train Loss: 0.0460 | Val Loss: 0.0426
[Epoch 13/15] Train Loss: 0.0452 | Val Loss: 0.0429
[Epoch 14/15] Train Loss: 0.0451 | Val Loss: 0.0468
[Epoch 15/15] Train Loss: 0.0444 | Val Loss: 0.0450
📉 Saved training loss log to models/IWSSIM/train_val_loss.csv

🔁 Training model on metric: MSGMSD
Loaded 21616 train, 5404 val, 9239 test samples from ['MSFD', 'mice', 'pa_experiment_data', 'phantom', 'v_phantom', 'zenodo']
[Epoch 1/15] Train Loss: 0.0342 | Val Loss: 0.0299
✔ New best model saved to models/MSGMSD/best_model.pth with val_loss=0.0299
[Epoch 2/15] Train Loss: 0.0301 | Val Loss: 0.0298
✔ New best model saved to models/MSGMSD/best_model.pth with val_loss=0.0298
[Epoch 3/15] Train Loss: 0.0300 | Val Loss: 0.0297
✔ New best model saved to models/MSGMSD/best_model.pth with val_loss=0.0297
[Epoch 4/15] Train Loss: 0.0300 | Val Loss: 0.0298
[Epoch 5/15] Train Loss: 0.0300 | Val Loss: 0.0299
[Epoch 6/15] Train Loss: 0.0300 | Val Loss: 0.0297
✔ New best model saved to models/MSGMSD/best_model.pth with val_loss=0.0297
[Epoch 7/15] Train Loss: 0.0300 | Val Loss: 0.0297
[Epoch 8/15] Train Loss: 0.0300 | Val Loss: 0.0298
[Epoch 9/15] Train Loss: 0.0300 | Val Loss: 0.0297
[Epoch 10/15] Train Loss: 0.0300 | Val Loss: 0.0297
[Epoch 11/15] Train Loss: 0.0300 | Val Loss: 0.0297
[Epoch 12/15] Train Loss: 0.0300 | Val Loss: 0.0299
[Epoch 13/15] Train Loss: 0.0300 | Val Loss: 0.0299
[Epoch 14/15] Train Loss: 0.0300 | Val Loss: 0.0297
[Epoch 15/15] Train Loss: 0.0300 | Val Loss: 0.0297
📉 Saved training loss log to models/MSGMSD/train_val_loss.csv

🔁 Training model on metric: BRISQUE
Loaded 21616 train, 5404 val, 9239 test samples from ['MSFD', 'mice', 'pa_experiment_data', 'phantom', 'v_phantom', 'zenodo']
[Epoch 1/15] Train Loss: 24.8670 | Val Loss: 37.5032
✔ New best model saved to models/BRISQUE/best_model.pth with val_loss=37.5032
[Epoch 2/15] Train Loss: 19.7413 | Val Loss: 33.9079
✔ New best model saved to models/BRISQUE/best_model.pth with val_loss=33.9079
[Epoch 3/15] Train Loss: 18.6132 | Val Loss: 31.3670
✔ New best model saved to models/BRISQUE/best_model.pth with val_loss=31.3670
[Epoch 4/15] Train Loss: 17.3781 | Val Loss: 32.2164
[Epoch 5/15] Train Loss: 16.5794 | Val Loss: 32.5658
[Epoch 6/15] Train Loss: 15.5072 | Val Loss: 23.8263
✔ New best model saved to models/BRISQUE/best_model.pth with val_loss=23.8263
[Epoch 7/15] Train Loss: 14.2037 | Val Loss: 14.4369
✔ New best model saved to models/BRISQUE/best_model.pth with val_loss=14.4369
[Epoch 8/15] Train Loss: 12.4624 | Val Loss: 8.9183
✔ New best model saved to models/BRISQUE/best_model.pth with val_loss=8.9183
[Epoch 9/15] Train Loss: 11.7308 | Val Loss: 3.7329
✔ New best model saved to models/BRISQUE/best_model.pth with val_loss=3.7329
[Epoch 10/15] Train Loss: 11.1859 | Val Loss: 3.6295
✔ New best model saved to models/BRISQUE/best_model.pth with val_loss=3.6295
[Epoch 11/15] Train Loss: 10.9926 | Val Loss: 3.9082
[Epoch 12/15] Train Loss: 10.7736 | Val Loss: 3.1755
✔ New best model saved to models/BRISQUE/best_model.pth with val_loss=3.1755
[Epoch 13/15] Train Loss: 10.6601 | Val Loss: 4.8435
[Epoch 14/15] Train Loss: 10.5045 | Val Loss: 3.5186
[Epoch 15/15] Train Loss: 10.3338 | Val Loss: 4.0111
📉 Saved training loss log to models/BRISQUE/train_val_loss.csv

🔁 Training model on metric: TV
Loaded 21616 train, 5404 val, 9239 test samples from ['MSFD', 'mice', 'pa_experiment_data', 'phantom', 'v_phantom', 'zenodo']
[Epoch 1/15] Train Loss: 1.1557 | Val Loss: 0.4974
✔ New best model saved to models/TV/best_model.pth with val_loss=0.4974
[Epoch 2/15] Train Loss: 0.8291 | Val Loss: 0.3818
✔ New best model saved to models/TV/best_model.pth with val_loss=0.3818
[Epoch 3/15] Train Loss: 0.7625 | Val Loss: 0.2922
✔ New best model saved to models/TV/best_model.pth with val_loss=0.2922
[Epoch 4/15] Train Loss: 0.7034 | Val Loss: 0.3892
[Epoch 5/15] Train Loss: 0.6575 | Val Loss: 0.2926
[Epoch 6/15] Train Loss: 0.6267 | Val Loss: 0.4599
[Epoch 7/15] Train Loss: 0.6205 | Val Loss: 0.3529
[Epoch 8/15] Train Loss: 0.6004 | Val Loss: 0.3169
[Epoch 9/15] Train Loss: 0.6039 | Val Loss: 0.3211
[Epoch 10/15] Train Loss: 0.5841 | Val Loss: 0.5185
[Epoch 11/15] Train Loss: 0.5741 | Val Loss: 0.3763
[Epoch 12/15] Train Loss: 0.5795 | Val Loss: 0.5917
[Epoch 13/15] Train Loss: 0.5730 | Val Loss: 0.4147
[Epoch 14/15] Train Loss: 0.5619 | Val Loss: 0.5741
[Epoch 15/15] Train Loss: 0.5436 | Val Loss: 0.4312
📉 Saved training loss log to models/TV/train_val_loss.csv

JOB STATISTICS
==============
Job ID: 11487811
Cluster: snellius
User/Group: mvanderbrugge/mvanderbrugge
State: COMPLETED (exit code 0)
Nodes: 1
Cores per node: 18
CPU Utilized: 02:29:39
CPU Efficiency: 5.39% of 1-22:14:24 core-walltime
Job Wall-clock time: 02:34:08
Memory Utilized: 1.01 GB
Memory Efficiency: 0.84% of 120.00 GB (120.00 GB/node)
