============================================================================================== 
Warning! Mixing Conda and module environments may lead to corruption of the
user environment. 
We do not recommend users mixing those two environments unless absolutely
necessary. Note that 
SURF does not provide any support for Conda environment.
For more information, please refer to our software policy page:
https://servicedesk.surf.nl/wiki/display/WIKI/Software+policy+Snellius#SoftwarepolicySnellius-UseofAnacondaandMinicondaenvironmentsonSnellius 

Remember that many packages have already been installed on the system and can
be loaded using 
the 'module load <package__name>' command. If you are uncertain if a package is
already available 
on the system, please use 'module avail' or 'module spider' to search for it.
============================================================================================== 
Checking whether the GPU is available
GPU available? True
Starting training for all metrics...
/home/mvanderbrugge/.conda/envs/photoacoustic-env/lib/python3.9/site-packages/torch/optim/lr_scheduler.py:62: UserWarning: The verbose parameter is deprecated. Please use get_last_lr() to access the learning rate.
  warnings.warn(

[CONFIG 1] Training best CV model for metric: FSIM
Loaded 21616 train, 5404 val, 9239 test samples from ['MSFD', 'mice', 'pa_experiment_data', 'phantom', 'v_phantom', 'zenodo']
 Target range → min: 0.4086, max: 1.0000
[Debug] Sample predictions: [0.05145835 0.05142219 0.0512579  0.05140091 0.05143493]
[Debug] Corresponding targets: [0.89030886 0.5547705  0.7982961  0.48413402 0.86472917]
[Epoch 1] Train Loss: 0.0835 | Val Loss: 0.0441
✔ New best model saved to models/best_config/FSIM/best_model.pth with val_loss=0.0441
[Epoch 2] Train Loss: 0.0421 | Val Loss: 0.0375
✔ New best model saved to models/best_config/FSIM/best_model.pth with val_loss=0.0375
[Epoch 3] Train Loss: 0.0388 | Val Loss: 0.0358
✔ New best model saved to models/best_config/FSIM/best_model.pth with val_loss=0.0358
[Epoch 4] Train Loss: 0.0368 | Val Loss: 0.0338
✔ New best model saved to models/best_config/FSIM/best_model.pth with val_loss=0.0338
[Epoch 5] Train Loss: 0.0355 | Val Loss: 0.0349
[Epoch 6] Train Loss: 0.0344 | Val Loss: 0.0320
✔ New best model saved to models/best_config/FSIM/best_model.pth with val_loss=0.0320
[Epoch 7] Train Loss: 0.0336 | Val Loss: 0.0349
[Epoch 8] Train Loss: 0.0324 | Val Loss: 0.0348
[Epoch 9] Train Loss: 0.0316 | Val Loss: 0.0305
✔ New best model saved to models/best_config/FSIM/best_model.pth with val_loss=0.0305
[Epoch 10] Train Loss: 0.0317 | Val Loss: 0.0298
✔ New best model saved to models/best_config/FSIM/best_model.pth with val_loss=0.0298
[Epoch 11] Train Loss: 0.0302 | Val Loss: 0.0307
[Epoch 12] Train Loss: 0.0297 | Val Loss: 0.0298
[Epoch 13] Train Loss: 0.0292 | Val Loss: 0.0293
✔ New best model saved to models/best_config/FSIM/best_model.pth with val_loss=0.0293
[Epoch 14] Train Loss: 0.0284 | Val Loss: 0.0297
[Epoch 15] Train Loss: 0.0279 | Val Loss: 0.0282
✔ New best model saved to models/best_config/FSIM/best_model.pth with val_loss=0.0282
[Epoch 16] Train Loss: 0.0269 | Val Loss: 0.0272
✔ New best model saved to models/best_config/FSIM/best_model.pth with val_loss=0.0272
[Epoch 17] Train Loss: 0.0266 | Val Loss: 0.0319
[Epoch 18] Train Loss: 0.0263 | Val Loss: 0.0271
✔ New best model saved to models/best_config/FSIM/best_model.pth with val_loss=0.0271
[Epoch 19] Train Loss: 0.0256 | Val Loss: 0.0306
[Epoch 20] Train Loss: 0.0253 | Val Loss: 0.0268
✔ New best model saved to models/best_config/FSIM/best_model.pth with val_loss=0.0268
[Epoch 21] Train Loss: 0.0245 | Val Loss: 0.0298
[Epoch 22] Train Loss: 0.0238 | Val Loss: 0.0272
[Epoch 23] Train Loss: 0.0232 | Val Loss: 0.0254
✔ New best model saved to models/best_config/FSIM/best_model.pth with val_loss=0.0254
[Epoch 24] Train Loss: 0.0229 | Val Loss: 0.0243
✔ New best model saved to models/best_config/FSIM/best_model.pth with val_loss=0.0243
[Epoch 25] Train Loss: 0.0221 | Val Loss: 0.0232
✔ New best model saved to models/best_config/FSIM/best_model.pth with val_loss=0.0232
[Epoch 26] Train Loss: 0.0216 | Val Loss: 0.0221
✔ New best model saved to models/best_config/FSIM/best_model.pth with val_loss=0.0221
[Epoch 27] Train Loss: 0.0212 | Val Loss: 0.0232
[Epoch 28] Train Loss: 0.0209 | Val Loss: 0.0211
✔ New best model saved to models/best_config/FSIM/best_model.pth with val_loss=0.0211
[Epoch 29] Train Loss: 0.0202 | Val Loss: 0.0208
✔ New best model saved to models/best_config/FSIM/best_model.pth with val_loss=0.0208
[Epoch 30] Train Loss: 0.0198 | Val Loss: 0.0205
✔ New best model saved to models/best_config/FSIM/best_model.pth with val_loss=0.0205
[Epoch 31] Train Loss: 0.0192 | Val Loss: 0.0201
✔ New best model saved to models/best_config/FSIM/best_model.pth with val_loss=0.0201
[Epoch 32] Train Loss: 0.0189 | Val Loss: 0.0200
✔ New best model saved to models/best_config/FSIM/best_model.pth with val_loss=0.0200
[Epoch 33] Train Loss: 0.0186 | Val Loss: 0.0205
[Epoch 34] Train Loss: 0.0181 | Val Loss: 0.0202
[Epoch 35] Train Loss: 0.0177 | Val Loss: 0.0194
✔ New best model saved to models/best_config/FSIM/best_model.pth with val_loss=0.0194
[Epoch 36] Train Loss: 0.0173 | Val Loss: 0.0202
[Epoch 37] Train Loss: 0.0169 | Val Loss: 0.0201
[Epoch 38] Train Loss: 0.0164 | Val Loss: 0.0187
✔ New best model saved to models/best_config/FSIM/best_model.pth with val_loss=0.0187
[Epoch 39] Train Loss: 0.0162 | Val Loss: 0.0212
[Epoch 40] Train Loss: 0.0160 | Val Loss: 0.0182
✔ New best model saved to models/best_config/FSIM/best_model.pth with val_loss=0.0182
[Epoch 41] Train Loss: 0.0155 | Val Loss: 0.0180
✔ New best model saved to models/best_config/FSIM/best_model.pth with val_loss=0.0180
[Epoch 42] Train Loss: 0.0154 | Val Loss: 0.0182
[Epoch 43] Train Loss: 0.0150 | Val Loss: 0.0175
✔ New best model saved to models/best_config/FSIM/best_model.pth with val_loss=0.0175
[Epoch 44] Train Loss: 0.0149 | Val Loss: 0.0170
✔ New best model saved to models/best_config/FSIM/best_model.pth with val_loss=0.0170
[Epoch 45] Train Loss: 0.0146 | Val Loss: 0.0175
[Epoch 46] Train Loss: 0.0143 | Val Loss: 0.0173
[Epoch 47] Train Loss: 0.0141 | Val Loss: 0.0169
✔ New best model saved to models/best_config/FSIM/best_model.pth with val_loss=0.0169
[Epoch 48] Train Loss: 0.0140 | Val Loss: 0.0174
[Epoch 49] Train Loss: 0.0136 | Val Loss: 0.0173
[Epoch 50] Train Loss: 0.0135 | Val Loss: 0.0167
✔ New best model saved to models/best_config/FSIM/best_model.pth with val_loss=0.0167
[Epoch 51] Train Loss: 0.0133 | Val Loss: 0.0160
✔ New best model saved to models/best_config/FSIM/best_model.pth with val_loss=0.0160
[Epoch 52] Train Loss: 0.0130 | Val Loss: 0.0169
[Epoch 53] Train Loss: 0.0129 | Val Loss: 0.0171
[Epoch 54] Train Loss: 0.0125 | Val Loss: 0.0156
✔ New best model saved to models/best_config/FSIM/best_model.pth with val_loss=0.0156
[Epoch 55] Train Loss: 0.0124 | Val Loss: 0.0160
[Epoch 56] Train Loss: 0.0122 | Val Loss: 0.0158
[Epoch 57] Train Loss: 0.0120 | Val Loss: 0.0151
✔ New best model saved to models/best_config/FSIM/best_model.pth with val_loss=0.0151
[Epoch 58] Train Loss: 0.0119 | Val Loss: 0.0152
[Epoch 59] Train Loss: 0.0118 | Val Loss: 0.0149
✔ New best model saved to models/best_config/FSIM/best_model.pth with val_loss=0.0149
[Epoch 60] Train Loss: 0.0116 | Val Loss: 0.0143
✔ New best model saved to models/best_config/FSIM/best_model.pth with val_loss=0.0143
[Epoch 61] Train Loss: 0.0116 | Val Loss: 0.0152
[Epoch 62] Train Loss: 0.0114 | Val Loss: 0.0142
✔ New best model saved to models/best_config/FSIM/best_model.pth with val_loss=0.0142
[Epoch 63] Train Loss: 0.0112 | Val Loss: 0.0159
[Epoch 64] Train Loss: 0.0110 | Val Loss: 0.0156
[Epoch 65] Train Loss: 0.0109 | Val Loss: 0.0140
✔ New best model saved to models/best_config/FSIM/best_model.pth with val_loss=0.0140
[Epoch 66] Train Loss: 0.0108 | Val Loss: 0.0144
[Epoch 67] Train Loss: 0.0106 | Val Loss: 0.0141
[Epoch 68] Train Loss: 0.0105 | Val Loss: 0.0151
[Epoch 69] Train Loss: 0.0105 | Val Loss: 0.0138
✔ New best model saved to models/best_config/FSIM/best_model.pth with val_loss=0.0138
[Epoch 70] Train Loss: 0.0102 | Val Loss: 0.0134
✔ New best model saved to models/best_config/FSIM/best_model.pth with val_loss=0.0134
[Epoch 71] Train Loss: 0.0101 | Val Loss: 0.0140
[Epoch 72] Train Loss: 0.0103 | Val Loss: 0.0136
[Epoch 73] Train Loss: 0.0099 | Val Loss: 0.0163
[Epoch 74] Train Loss: 0.0098 | Val Loss: 0.0136
[Epoch 75] Train Loss: 0.0097 | Val Loss: 0.0139
[Epoch 76] Train Loss: 0.0096 | Val Loss: 0.0132
✔ New best model saved to models/best_config/FSIM/best_model.pth with val_loss=0.0132
[Epoch 77] Train Loss: 0.0095 | Val Loss: 0.0134
[Epoch 78] Train Loss: 0.0097 | Val Loss: 0.0136
[Epoch 79] Train Loss: 0.0094 | Val Loss: 0.0155
[Epoch 80] Train Loss: 0.0094 | Val Loss: 0.0131
✔ New best model saved to models/best_config/FSIM/best_model.pth with val_loss=0.0131
[Epoch 81] Train Loss: 0.0092 | Val Loss: 0.0133
[Epoch 82] Train Loss: 0.0090 | Val Loss: 0.0156
[Epoch 83] Train Loss: 0.0091 | Val Loss: 0.0131
[Epoch 84] Train Loss: 0.0089 | Val Loss: 0.0141
[Epoch 85] Train Loss: 0.0088 | Val Loss: 0.0142
[Epoch 86] Train Loss: 0.0087 | Val Loss: 0.0128
/home/mvanderbrugge/.conda/envs/photoacoustic-env/lib/python3.9/site-packages/torch/optim/lr_scheduler.py:62: UserWarning: The verbose parameter is deprecated. Please use get_last_lr() to access the learning rate.
  warnings.warn(
✔ New best model saved to models/best_config/FSIM/best_model.pth with val_loss=0.0128
[Epoch 87] Train Loss: 0.0085 | Val Loss: 0.0138
[Epoch 88] Train Loss: 0.0085 | Val Loss: 0.0130
[Epoch 89] Train Loss: 0.0086 | Val Loss: 0.0132
[Epoch 90] Train Loss: 0.0084 | Val Loss: 0.0158
[Epoch 91] Train Loss: 0.0085 | Val Loss: 0.0127
✔ New best model saved to models/best_config/FSIM/best_model.pth with val_loss=0.0127
[Epoch 92] Train Loss: 0.0082 | Val Loss: 0.0140
[Epoch 93] Train Loss: 0.0082 | Val Loss: 0.0126
✔ New best model saved to models/best_config/FSIM/best_model.pth with val_loss=0.0126
[Epoch 94] Train Loss: 0.0081 | Val Loss: 0.0145
[Epoch 95] Train Loss: 0.0080 | Val Loss: 0.0146
[Epoch 96] Train Loss: 0.0078 | Val Loss: 0.0127
[Epoch 97] Train Loss: 0.0079 | Val Loss: 0.0128
[Epoch 98] Train Loss: 0.0076 | Val Loss: 0.0129
[Epoch 99] Train Loss: 0.0078 | Val Loss: 0.0123
✔ New best model saved to models/best_config/FSIM/best_model.pth with val_loss=0.0123
[Epoch 100] Train Loss: 0.0076 | Val Loss: 0.0124
[Epoch 101] Train Loss: 0.0075 | Val Loss: 0.0123
✔ New best model saved to models/best_config/FSIM/best_model.pth with val_loss=0.0123
[Epoch 102] Train Loss: 0.0074 | Val Loss: 0.0125
[Epoch 103] Train Loss: 0.0075 | Val Loss: 0.0125
[Epoch 104] Train Loss: 0.0072 | Val Loss: 0.0124
[Epoch 105] Train Loss: 0.0073 | Val Loss: 0.0120
✔ New best model saved to models/best_config/FSIM/best_model.pth with val_loss=0.0120
[Epoch 106] Train Loss: 0.0071 | Val Loss: 0.0123
[Epoch 107] Train Loss: 0.0073 | Val Loss: 0.0124
[Epoch 108] Train Loss: 0.0070 | Val Loss: 0.0130
[Epoch 109] Train Loss: 0.0070 | Val Loss: 0.0125
[Epoch 110] Train Loss: 0.0069 | Val Loss: 0.0126
[Epoch 111] Train Loss: 0.0068 | Val Loss: 0.0129
[Epoch 112] Train Loss: 0.0069 | Val Loss: 0.0125
[Epoch 113] Train Loss: 0.0069 | Val Loss: 0.0123
[Epoch 114] Train Loss: 0.0068 | Val Loss: 0.0126
[Epoch 115] Train Loss: 0.0066 | Val Loss: 0.0123
⏹️ Early stopping triggered after 10 no-improve epochs.
Saved training loss log to models/best_config/FSIM/train_val_loss.csv

[CONFIG 2] Training IQA-DCNN config for metric: FSIM
Loaded 21616 train, 5404 val, 9239 test samples from ['MSFD', 'mice', 'pa_experiment_data', 'phantom', 'v_phantom', 'zenodo']
 Target range → min: 0.4086, max: 1.0000
[Debug] Sample predictions: [0.02787476 0.01728851 0.02644753 0.04483221 0.04553828]
[Debug] Corresponding targets: [0.8414372  0.87508196 0.54292184 0.9381205  0.879993  ]
[Epoch 1] Train Loss: 0.1437 | Val Loss: 0.0572
✔ New best model saved to models/iqadcnn_config/FSIM/best_model.pth with val_loss=0.0572
[Epoch 2] Train Loss: 0.0875 | Val Loss: 0.0987
[Epoch 3] Train Loss: 0.0795 | Val Loss: 0.0727
[Epoch 4] Train Loss: 0.0734 | Val Loss: 0.0955
[Epoch 5] Train Loss: 0.0695 | Val Loss: 0.0815
[Epoch 6] Train Loss: 0.0662 | Val Loss: 0.0973
[Epoch 7] Train Loss: 0.0637 | Val Loss: 0.0983
[Epoch 8] Train Loss: 0.0610 | Val Loss: 0.0706
[Epoch 9] Train Loss: 0.0595 | Val Loss: 0.0568
✔ New best model saved to models/iqadcnn_config/FSIM/best_model.pth with val_loss=0.0568
[Epoch 10] Train Loss: 0.0569 | Val Loss: 0.0630
[Epoch 11] Train Loss: 0.0559 | Val Loss: 0.0486
✔ New best model saved to models/iqadcnn_config/FSIM/best_model.pth with val_loss=0.0486
[Epoch 12] Train Loss: 0.0539 | Val Loss: 0.0560
[Epoch 13] Train Loss: 0.0526 | Val Loss: 0.0440
✔ New best model saved to models/iqadcnn_config/FSIM/best_model.pth with val_loss=0.0440
[Epoch 14] Train Loss: 0.0519 | Val Loss: 0.0441
[Epoch 15] Train Loss: 0.0502 | Val Loss: 0.0359
✔ New best model saved to models/iqadcnn_config/FSIM/best_model.pth with val_loss=0.0359
[Epoch 16] Train Loss: 0.0494 | Val Loss: 0.0455
[Epoch 17] Train Loss: 0.0486 | Val Loss: 0.0389
[Epoch 18] Train Loss: 0.0476 | Val Loss: 0.0355
✔ New best model saved to models/iqadcnn_config/FSIM/best_model.pth with val_loss=0.0355
[Epoch 19] Train Loss: 0.0466 | Val Loss: 0.0341
✔ New best model saved to models/iqadcnn_config/FSIM/best_model.pth with val_loss=0.0341
[Epoch 20] Train Loss: 0.0455 | Val Loss: 0.0367
[Epoch 21] Train Loss: 0.0456 | Val Loss: 0.0314
✔ New best model saved to models/iqadcnn_config/FSIM/best_model.pth with val_loss=0.0314
[Epoch 22] Train Loss: 0.0447 | Val Loss: 0.0337
[Epoch 23] Train Loss: 0.0432 | Val Loss: 0.0305
✔ New best model saved to models/iqadcnn_config/FSIM/best_model.pth with val_loss=0.0305
[Epoch 24] Train Loss: 0.0434 | Val Loss: 0.0301
✔ New best model saved to models/iqadcnn_config/FSIM/best_model.pth with val_loss=0.0301
[Epoch 25] Train Loss: 0.0422 | Val Loss: 0.0320
[Epoch 26] Train Loss: 0.0420 | Val Loss: 0.0329
[Epoch 27] Train Loss: 0.0411 | Val Loss: 0.0295
✔ New best model saved to models/iqadcnn_config/FSIM/best_model.pth with val_loss=0.0295
[Epoch 28] Train Loss: 0.0405 | Val Loss: 0.0306
[Epoch 29] Train Loss: 0.0398 | Val Loss: 0.0299
[Epoch 30] Train Loss: 0.0389 | Val Loss: 0.0314
[Epoch 31] Train Loss: 0.0381 | Val Loss: 0.0345
[Epoch 32] Train Loss: 0.0374 | Val Loss: 0.0274
✔ New best model saved to models/iqadcnn_config/FSIM/best_model.pth with val_loss=0.0274
[Epoch 33] Train Loss: 0.0369 | Val Loss: 0.0303
[Epoch 34] Train Loss: 0.0362 | Val Loss: 0.0289
[Epoch 35] Train Loss: 0.0356 | Val Loss: 0.0300
[Epoch 36] Train Loss: 0.0349 | Val Loss: 0.0315
[Epoch 37] Train Loss: 0.0343 | Val Loss: 0.0261
✔ New best model saved to models/iqadcnn_config/FSIM/best_model.pth with val_loss=0.0261
[Epoch 38] Train Loss: 0.0336 | Val Loss: 0.0316
[Epoch 39] Train Loss: 0.0330 | Val Loss: 0.0285
[Epoch 40] Train Loss: 0.0326 | Val Loss: 0.0252
✔ New best model saved to models/iqadcnn_config/FSIM/best_model.pth with val_loss=0.0252
[Epoch 41] Train Loss: 0.0320 | Val Loss: 0.0254
[Epoch 42] Train Loss: 0.0313 | Val Loss: 0.0251
✔ New best model saved to models/iqadcnn_config/FSIM/best_model.pth with val_loss=0.0251
[Epoch 43] Train Loss: 0.0310 | Val Loss: 0.0256
[Epoch 44] Train Loss: 0.0305 | Val Loss: 0.0280
[Epoch 45] Train Loss: 0.0302 | Val Loss: 0.0273
[Epoch 46] Train Loss: 0.0297 | Val Loss: 0.0255
[Epoch 47] Train Loss: 0.0291 | Val Loss: 0.0251
[Epoch 48] Train Loss: 0.0288 | Val Loss: 0.0238
✔ New best model saved to models/iqadcnn_config/FSIM/best_model.pth with val_loss=0.0238
[Epoch 49] Train Loss: 0.0286 | Val Loss: 0.0245
[Epoch 50] Train Loss: 0.0281 | Val Loss: 0.0274
[Epoch 51] Train Loss: 0.0276 | Val Loss: 0.0230
✔ New best model saved to models/iqadcnn_config/FSIM/best_model.pth with val_loss=0.0230
[Epoch 52] Train Loss: 0.0270 | Val Loss: 0.0266
[Epoch 53] Train Loss: 0.0270 | Val Loss: 0.0259
[Epoch 54] Train Loss: 0.0265 | Val Loss: 0.0241
[Epoch 55] Train Loss: 0.0261 | Val Loss: 0.0231
[Epoch 56] Train Loss: 0.0258 | Val Loss: 0.0235
[Epoch 57] Train Loss: 0.0256 | Val Loss: 0.0242
[Epoch 58] Train Loss: 0.0252 | Val Loss: 0.0223
✔ New best model saved to models/iqadcnn_config/FSIM/best_model.pth with val_loss=0.0223
[Epoch 59] Train Loss: 0.0250 | Val Loss: 0.0226
[Epoch 60] Train Loss: 0.0249 | Val Loss: 0.0222
✔ New best model saved to models/iqadcnn_config/FSIM/best_model.pth with val_loss=0.0222
[Epoch 61] Train Loss: 0.0244 | Val Loss: 0.0258
[Epoch 62] Train Loss: 0.0241 | Val Loss: 0.0224
[Epoch 63] Train Loss: 0.0238 | Val Loss: 0.0219
✔ New best model saved to models/iqadcnn_config/FSIM/best_model.pth with val_loss=0.0219
[Epoch 64] Train Loss: 0.0238 | Val Loss: 0.0211
✔ New best model saved to models/iqadcnn_config/FSIM/best_model.pth with val_loss=0.0211
[Epoch 65] Train Loss: 0.0234 | Val Loss: 0.0236
[Epoch 66] Train Loss: 0.0229 | Val Loss: 0.0246
[Epoch 67] Train Loss: 0.0227 | Val Loss: 0.0245
[Epoch 68] Train Loss: 0.0227 | Val Loss: 0.0225
[Epoch 69] Train Loss: 0.0226 | Val Loss: 0.0215
[Epoch 70] Train Loss: 0.0222 | Val Loss: 0.0244
[Epoch 71] Train Loss: 0.0222 | Val Loss: 0.0225
[Epoch 72] Train Loss: 0.0220 | Val Loss: 0.0222
[Epoch 73] Train Loss: 0.0218 | Val Loss: 0.0220
[Epoch 74] Train Loss: 0.0215 | Val Loss: 0.0215
⏹️ Early stopping triggered after 10 no-improve epochs.
Saved training loss log to models/iqadcnn_config/FSIM/train_val_loss.csv
/home/mvanderbrugge/.conda/envs/photoacoustic-env/lib/python3.9/site-packages/torch/optim/lr_scheduler.py:62: UserWarning: The verbose parameter is deprecated. Please use get_last_lr() to access the learning rate.
  warnings.warn(
srun: Job step aborted: Waiting up to 32 seconds for job step to finish.
slurmstepd: error: *** JOB 11982057 ON gcn28 CANCELLED AT 2025-05-23T12:15:10 DUE TO TIME LIMIT ***
slurmstepd: error: *** STEP 11982057.1 ON gcn28 CANCELLED AT 2025-05-23T12:15:10 DUE TO TIME LIMIT ***

JOB STATISTICS
==============
Job ID: 11982057
Cluster: snellius
User/Group: mvanderbrugge/mvanderbrugge
State: TIMEOUT (exit code 0)
Nodes: 1
Cores per node: 18
CPU Utilized: 03:56:14
CPU Efficiency: 5.46% of 3-00:03:00 core-walltime
Job Wall-clock time: 04:00:10
Memory Utilized: 1022.55 MB
Memory Efficiency: 0.83% of 120.00 GB (120.00 GB/node)
