============================================================================================== 
Warning! Mixing Conda and module environments may lead to corruption of the
user environment. 
We do not recommend users mixing those two environments unless absolutely
necessary. Note that 
SURF does not provide any support for Conda environment.
For more information, please refer to our software policy page:
https://servicedesk.surf.nl/wiki/display/WIKI/Software+policy+Snellius#SoftwarepolicySnellius-UseofAnacondaandMinicondaenvironmentsonSnellius 

Remember that many packages have already been installed on the system and can
be loaded using 
the 'module load <package__name>' command. If you are uncertain if a package is
already available 
on the system, please use 'module avail' or 'module spider' to search for it.
============================================================================================== 
Running on gcn12.local.snellius.surf.nl
Fri Jun 13 17:39:52 2025       
+-----------------------------------------------------------------------------------------+
| NVIDIA-SMI 565.57.01              Driver Version: 565.57.01      CUDA Version: 12.7     |
|-----------------------------------------+------------------------+----------------------+
| GPU  Name                 Persistence-M | Bus-Id          Disp.A | Volatile Uncorr. ECC |
| Fan  Temp   Perf          Pwr:Usage/Cap |           Memory-Usage | GPU-Util  Compute M. |
|                                         |                        |               MIG M. |
|=========================================+========================+======================|
|   0  NVIDIA A100-SXM4-40GB          On  |   00000000:CA:00.0 Off |                    0 |
| N/A   29C    P0             50W /  400W |       1MiB /  40960MiB |      0%      Default |
|                                         |                        |             Disabled |
+-----------------------------------------+------------------------+----------------------+
                                                                                         
+-----------------------------------------------------------------------------------------+
| Processes:                                                                              |
|  GPU   GI   CI        PID   Type   Process name                              GPU Memory |
|        ID   ID                                                               Usage      |
|=========================================================================================|
|  No running processes found                                                             |
+-----------------------------------------------------------------------------------------+
               total        used        free      shared  buff/cache   available
Mem:           503Gi        28Gi       446Gi       231Mi        34Gi       474Gi
Swap:             0B          0B          0B
Checking whether the GPU is available
GPU available? True
Starting training for GMSD_norm on IQDCNN

Training IQDCNN model for metric: GMSD_norm
Loaded 573629 train, 25910 val, 339535 test samples from ['SCD_vc_ms', 'SCD_ms_ss32', 'SCD_ms_ss64', 'SCD_ms_ss128', 'SWFD_sc', 'mice', 'pa_experiment_data']
Target metric: GMSD_norm
Target range → min: 0.0178, max: 0.7650
Using IQDCNN
----------------------------------------------------------------
        Layer (type)               Output Shape         Param #
================================================================
            Conv2d-1         [-1, 32, 128, 128]             832
         MaxPool2d-2           [-1, 32, 63, 63]               0
            Conv2d-3           [-1, 32, 63, 63]          25,632
         MaxPool2d-4           [-1, 32, 31, 31]               0
            Conv2d-5           [-1, 32, 31, 31]          25,632
         MaxPool2d-6           [-1, 32, 15, 15]               0
            Conv2d-7           [-1, 32, 15, 15]          25,632
         MaxPool2d-8             [-1, 32, 7, 7]               0
            Linear-9                 [-1, 1024]       1,606,656
          Dropout-10                 [-1, 1024]               0
           Linear-11                 [-1, 1024]       1,049,600
          Dropout-12                 [-1, 1024]               0
           Linear-13                 [-1, 1024]       1,049,600
          Dropout-14                 [-1, 1024]               0
           Linear-15                    [-1, 1]           1,025
================================================================
Total params: 3,784,609
Trainable params: 3,784,609
Non-trainable params: 0
----------------------------------------------------------------
Input size (MB): 0.06
Forward/backward pass size (MB): 6.58
Params size (MB): 14.44
Estimated Total Size (MB): 21.08
----------------------------------------------------------------
Entering first epoch of training loop
[Epoch 1] Train Loss: 0.0262 | Val Loss: 0.1473
New best model saved to models/IQDCNN/GMSD_norm/best_model.pth with val_loss=0.1473
[Epoch 2] Train Loss: 0.0158 | Val Loss: 0.1037
New best model saved to models/IQDCNN/GMSD_norm/best_model.pth with val_loss=0.1037
[Epoch 3] Train Loss: 0.0139 | Val Loss: 0.2396
[Epoch 4] Train Loss: 0.0129 | Val Loss: 0.2178
[Epoch 5] Train Loss: 0.0123 | Val Loss: 0.2670
[Epoch 6] Train Loss: 0.0118 | Val Loss: 0.2160
[Epoch 7] Train Loss: 0.0115 | Val Loss: 0.2073
[Epoch 8] Train Loss: 0.0112 | Val Loss: 0.1636
[Epoch 9] Train Loss: 0.0109 | Val Loss: 0.1806
[Epoch 10] Train Loss: 0.0107 | Val Loss: 0.2091
[Epoch 11] Train Loss: 0.0106 | Val Loss: 0.2278
[Epoch 12] Train Loss: 0.0105 | Val Loss: 0.1443
Early stopping triggered after 10 no-improve epochs.
Saved training log to models/IQDCNN/GMSD_norm/train_val_loss.csv

JOB STATISTICS
==============
Job ID: 12355075
Cluster: snellius
User/Group: mvanderbrugge/mvanderbrugge
State: COMPLETED (exit code 0)
Nodes: 1
Cores per node: 18
CPU Utilized: 04:41:30
CPU Efficiency: 4.01% of 4-20:53:42 core-walltime
Job Wall-clock time: 06:29:39
Memory Utilized: 1.37 GB
Memory Efficiency: 4.28% of 32.00 GB (32.00 GB/node)
